
*** Running vivado
    with args -log top_module.vds -m64 -product Vivado -mode batch -messageDb vivado.pb -notrace -source top_module.tcl



****** Vivado v2020.1.1 (64-bit)
  **** SW Build 2960000 on Wed Aug  5 22:57:20 MDT 2020
  **** IP Build 2956692 on Thu Aug  6 01:41:30 MDT 2020
    ** Copyright 1986-2020 Xilinx, Inc. All Rights Reserved.

source top_module.tcl -notrace
Command: synth_design -top top_module -part xc7a100tcsg324-1
Starting synth_design
Attempting to get a license for feature 'Synthesis' and/or device 'xc7a100t'
INFO: [Common 17-349] Got license for feature 'Synthesis' and/or device 'xc7a100t'
INFO: [Device 21-403] Loading part xc7a100tcsg324-1
INFO: [Synth 8-7079] Multithreading enabled for synth_design using a maximum of 2 processes.
INFO: [Synth 8-7078] Launching helper process for spawning children vivado processes
INFO: [Synth 8-7075] Helper process launched with PID 9088
---------------------------------------------------------------------------------
Starting RTL Elaboration : Time (s): cpu = 00:00:05 ; elapsed = 00:00:05 . Memory (MB): peak = 1203.531 ; gain = 0.000
---------------------------------------------------------------------------------
INFO: [Synth 8-6157] synthesizing module 'top_module' [D:/COA_Lab_23/assignment_7_part_3/assignment_7_part_3.srcs/sources_1/new/reg_bank.v:217]
INFO: [Synth 8-6157] synthesizing module 'reg_bank' [D:/COA_Lab_23/assignment_7_part_3/assignment_7_part_3.srcs/sources_1/new/reg_bank.v:184]
INFO: [Synth 8-6155] done synthesizing module 'reg_bank' (1#1) [D:/COA_Lab_23/assignment_7_part_3/assignment_7_part_3.srcs/sources_1/new/reg_bank.v:184]
INFO: [Synth 8-6157] synthesizing module 'ALU' [D:/COA_Lab_23/assignment_7_part_3/assignment_7_part_3.srcs/sources_1/new/reg_bank.v:162]
INFO: [Synth 8-6157] synthesizing module 'my_decoder' [D:/COA_Lab_23/assignment_7_part_3/assignment_7_part_3.srcs/sources_1/new/reg_bank.v:142]
INFO: [Synth 8-155] case statement is not full and has no default [D:/COA_Lab_23/assignment_7_part_3/assignment_7_part_3.srcs/sources_1/new/reg_bank.v:148]
INFO: [Synth 8-6155] done synthesizing module 'my_decoder' (2#1) [D:/COA_Lab_23/assignment_7_part_3/assignment_7_part_3.srcs/sources_1/new/reg_bank.v:142]
INFO: [Synth 8-6157] synthesizing module 'large_adder' [D:/COA_Lab_23/assignment_7_part_3/assignment_7_part_3.srcs/sources_1/new/reg_bank.v:93]
INFO: [Synth 8-6157] synthesizing module 'cla' [D:/COA_Lab_23/assignment_7_part_3/assignment_7_part_3.srcs/sources_1/new/reg_bank.v:65]
INFO: [Synth 8-6155] done synthesizing module 'cla' (3#1) [D:/COA_Lab_23/assignment_7_part_3/assignment_7_part_3.srcs/sources_1/new/reg_bank.v:65]
INFO: [Synth 8-6155] done synthesizing module 'large_adder' (4#1) [D:/COA_Lab_23/assignment_7_part_3/assignment_7_part_3.srcs/sources_1/new/reg_bank.v:93]
INFO: [Synth 8-6157] synthesizing module 'subtractor' [D:/COA_Lab_23/assignment_7_part_3/assignment_7_part_3.srcs/sources_1/new/reg_bank.v:119]
INFO: [Synth 8-6155] done synthesizing module 'subtractor' (5#1) [D:/COA_Lab_23/assignment_7_part_3/assignment_7_part_3.srcs/sources_1/new/reg_bank.v:119]
INFO: [Synth 8-6157] synthesizing module 'right_shift_arithmetic' [D:/COA_Lab_23/assignment_7_part_3/assignment_7_part_3.srcs/sources_1/new/reg_bank.v:27]
INFO: [Synth 8-6155] done synthesizing module 'right_shift_arithmetic' (6#1) [D:/COA_Lab_23/assignment_7_part_3/assignment_7_part_3.srcs/sources_1/new/reg_bank.v:27]
INFO: [Synth 8-6157] synthesizing module 'left_shift' [D:/COA_Lab_23/assignment_7_part_3/assignment_7_part_3.srcs/sources_1/new/reg_bank.v:1]
INFO: [Synth 8-6155] done synthesizing module 'left_shift' (7#1) [D:/COA_Lab_23/assignment_7_part_3/assignment_7_part_3.srcs/sources_1/new/reg_bank.v:1]
INFO: [Synth 8-6157] synthesizing module 'right_shift_logical' [D:/COA_Lab_23/assignment_7_part_3/assignment_7_part_3.srcs/sources_1/new/reg_bank.v:16]
INFO: [Synth 8-6155] done synthesizing module 'right_shift_logical' (8#1) [D:/COA_Lab_23/assignment_7_part_3/assignment_7_part_3.srcs/sources_1/new/reg_bank.v:16]
INFO: [Synth 8-6157] synthesizing module 'and_op' [D:/COA_Lab_23/assignment_7_part_3/assignment_7_part_3.srcs/sources_1/new/reg_bank.v:38]
INFO: [Synth 8-6155] done synthesizing module 'and_op' (9#1) [D:/COA_Lab_23/assignment_7_part_3/assignment_7_part_3.srcs/sources_1/new/reg_bank.v:38]
INFO: [Synth 8-6157] synthesizing module 'not_op' [D:/COA_Lab_23/assignment_7_part_3/assignment_7_part_3.srcs/sources_1/new/reg_bank.v:56]
INFO: [Synth 8-6155] done synthesizing module 'not_op' (10#1) [D:/COA_Lab_23/assignment_7_part_3/assignment_7_part_3.srcs/sources_1/new/reg_bank.v:56]
INFO: [Synth 8-6157] synthesizing module 'or_op' [D:/COA_Lab_23/assignment_7_part_3/assignment_7_part_3.srcs/sources_1/new/reg_bank.v:47]
INFO: [Synth 8-6155] done synthesizing module 'or_op' (11#1) [D:/COA_Lab_23/assignment_7_part_3/assignment_7_part_3.srcs/sources_1/new/reg_bank.v:47]
INFO: [Synth 8-6157] synthesizing module 'xor_op' [D:/COA_Lab_23/assignment_7_part_3/assignment_7_part_3.srcs/sources_1/new/reg_bank.v:134]
INFO: [Synth 8-6155] done synthesizing module 'xor_op' (12#1) [D:/COA_Lab_23/assignment_7_part_3/assignment_7_part_3.srcs/sources_1/new/reg_bank.v:134]
INFO: [Synth 8-6155] done synthesizing module 'ALU' (13#1) [D:/COA_Lab_23/assignment_7_part_3/assignment_7_part_3.srcs/sources_1/new/reg_bank.v:162]
INFO: [Synth 8-6157] synthesizing module 'pos_edge_det' [D:/COA_Lab_23/assignment_7_part_3/assignment_7_part_3.srcs/sources_1/new/reg_bank.v:202]
INFO: [Synth 8-6155] done synthesizing module 'pos_edge_det' (14#1) [D:/COA_Lab_23/assignment_7_part_3/assignment_7_part_3.srcs/sources_1/new/reg_bank.v:202]
INFO: [Synth 8-251] readaddr=x,readval=x,in=x
 [D:/COA_Lab_23/assignment_7_part_3/assignment_7_part_3.srcs/sources_1/new/reg_bank.v:311]
INFO: [Synth 8-6155] done synthesizing module 'top_module' (15#1) [D:/COA_Lab_23/assignment_7_part_3/assignment_7_part_3.srcs/sources_1/new/reg_bank.v:217]
---------------------------------------------------------------------------------
Finished RTL Elaboration : Time (s): cpu = 00:00:06 ; elapsed = 00:00:07 . Memory (MB): peak = 1203.531 ; gain = 0.000
---------------------------------------------------------------------------------
---------------------------------------------------------------------------------
Start Handling Custom Attributes
---------------------------------------------------------------------------------
---------------------------------------------------------------------------------
Finished Handling Custom Attributes : Time (s): cpu = 00:00:07 ; elapsed = 00:00:07 . Memory (MB): peak = 1203.531 ; gain = 0.000
---------------------------------------------------------------------------------
---------------------------------------------------------------------------------
Finished RTL Optimization Phase 1 : Time (s): cpu = 00:00:07 ; elapsed = 00:00:07 . Memory (MB): peak = 1203.531 ; gain = 0.000
---------------------------------------------------------------------------------
Netlist sorting complete. Time (s): cpu = 00:00:00 ; elapsed = 00:00:00.021 . Memory (MB): peak = 1203.531 ; gain = 0.000
INFO: [Project 1-570] Preparing netlist for logic optimization

Processing XDC Constraints
Initializing timing engine
Parsing XDC File [D:/COA_Lab_23/assignment_7_part_3/assignment_7_part_3.srcs/constrs_1/new/pin.xdc]
Finished Parsing XDC File [D:/COA_Lab_23/assignment_7_part_3/assignment_7_part_3.srcs/constrs_1/new/pin.xdc]
INFO: [Project 1-236] Implementation specific constraints were found while reading constraint file [D:/COA_Lab_23/assignment_7_part_3/assignment_7_part_3.srcs/constrs_1/new/pin.xdc]. These constraints will be ignored for synthesis but will be used in implementation. Impacted constraints are listed in the file [.Xil/top_module_propImpl.xdc].
Resolution: To avoid this warning, move constraints listed in [.Xil/top_module_propImpl.xdc] to another XDC file and exclude this new file from synthesis with the used_in_synthesis property (File Properties dialog in GUI) and re-run elaboration/synthesis.
Completed Processing XDC Constraints

Netlist sorting complete. Time (s): cpu = 00:00:00 ; elapsed = 00:00:00 . Memory (MB): peak = 1292.867 ; gain = 0.000
INFO: [Project 1-111] Unisim Transformation Summary:
No Unisim elements were transformed.

Constraint Validation Runtime : Time (s): cpu = 00:00:00 ; elapsed = 00:00:00.015 . Memory (MB): peak = 1292.867 ; gain = 0.000
---------------------------------------------------------------------------------
Finished Constraint Validation : Time (s): cpu = 00:00:15 ; elapsed = 00:00:16 . Memory (MB): peak = 1292.867 ; gain = 89.336
---------------------------------------------------------------------------------
---------------------------------------------------------------------------------
Start Loading Part and Timing Information
---------------------------------------------------------------------------------
Loading part: xc7a100tcsg324-1
---------------------------------------------------------------------------------
Finished Loading Part and Timing Information : Time (s): cpu = 00:00:15 ; elapsed = 00:00:16 . Memory (MB): peak = 1292.867 ; gain = 89.336
---------------------------------------------------------------------------------
---------------------------------------------------------------------------------
Start Applying 'set_property' XDC Constraints
---------------------------------------------------------------------------------
---------------------------------------------------------------------------------
Finished applying 'set_property' XDC Constraints : Time (s): cpu = 00:00:15 ; elapsed = 00:00:16 . Memory (MB): peak = 1292.867 ; gain = 89.336
---------------------------------------------------------------------------------
INFO: [Synth 8-802] inferred FSM for state register 'counter3_reg' in module 'top_module'
INFO: [Synth 8-802] inferred FSM for state register 'counter_reg' in module 'top_module'
INFO: [Synth 8-802] inferred FSM for state register 'counter2_reg' in module 'top_module'
WARNING: [Synth 8-327] inferring latch for variable 'outp_reg' [D:/COA_Lab_23/assignment_7_part_3/assignment_7_part_3.srcs/sources_1/new/reg_bank.v:149]
---------------------------------------------------------------------------------------------------
                   State |                     New Encoding |                Previous Encoding 
---------------------------------------------------------------------------------------------------
                 iSTATE1 |                             0001 |                              001
                 iSTATE2 |                             0010 |                              010
                 iSTATE0 |                             0100 |                              011
*
                  iSTATE |                             1000 |                              000
---------------------------------------------------------------------------------------------------
INFO: [Synth 8-3354] encoded FSM with state register 'counter3_reg' using encoding 'one-hot' in module 'top_module'
---------------------------------------------------------------------------------------------------
                   State |                     New Encoding |                Previous Encoding 
---------------------------------------------------------------------------------------------------
                 iSTATE0 |                             0001 |                              000
                 iSTATE1 |                             0010 |                              001
                 iSTATE2 |                             0100 |                              010
                  iSTATE |                             1000 |                              011
*
---------------------------------------------------------------------------------------------------
INFO: [Synth 8-3354] encoded FSM with state register 'counter_reg' using encoding 'one-hot' in module 'top_module'
---------------------------------------------------------------------------------------------------
                   State |                     New Encoding |                Previous Encoding 
---------------------------------------------------------------------------------------------------
                 iSTATE0 |                              001 |                              000
                 iSTATE1 |                              010 |                              001
                  iSTATE |                              100 |                              010
*
---------------------------------------------------------------------------------------------------
INFO: [Synth 8-3354] encoded FSM with state register 'counter2_reg' using encoding 'one-hot' in module 'top_module'
---------------------------------------------------------------------------------
Finished RTL Optimization Phase 2 : Time (s): cpu = 00:00:15 ; elapsed = 00:00:16 . Memory (MB): peak = 1292.867 ; gain = 89.336
---------------------------------------------------------------------------------
---------------------------------------------------------------------------------
Start RTL Component Statistics 
---------------------------------------------------------------------------------
Detailed RTL Component Info : 
+---XORs : 
	   2 Input     32 Bit         XORs := 1     
	   2 Input      8 Bit         XORs := 16    
+---Registers : 
	               32 Bit    Registers := 4     
	               16 Bit    Registers := 1     
	                4 Bit    Registers := 5     
	                1 Bit    Registers := 4     
+---Muxes : 
	   2 Input   32 Bit        Muxes := 5     
	   3 Input   32 Bit        Muxes := 1     
	   4 Input   32 Bit        Muxes := 1     
	   2 Input   16 Bit        Muxes := 3     
	   5 Input   16 Bit        Muxes := 1     
	   4 Input   16 Bit        Muxes := 1     
	   3 Input    4 Bit        Muxes := 1     
	   4 Input    4 Bit        Muxes := 2     
	   2 Input    4 Bit        Muxes := 1     
	   3 Input    3 Bit        Muxes := 1     
	  10 Input    1 Bit        Muxes := 1     
	   2 Input    1 Bit        Muxes := 13    
	   3 Input    1 Bit        Muxes := 3     
	   4 Input    1 Bit        Muxes := 4     
	   5 Input    1 Bit        Muxes := 2     
---------------------------------------------------------------------------------
Finished RTL Component Statistics 
---------------------------------------------------------------------------------
---------------------------------------------------------------------------------
Start Part Resource Summary
---------------------------------------------------------------------------------
Part Resources:
DSPs: 240 (col length:80)
BRAMs: 270 (col length: RAMB18 80 RAMB36 40)
---------------------------------------------------------------------------------
Finished Part Resource Summary
---------------------------------------------------------------------------------
---------------------------------------------------------------------------------
Start Cross Boundary and Area Optimization
---------------------------------------------------------------------------------
---------------------------------------------------------------------------------
Finished Cross Boundary and Area Optimization : Time (s): cpu = 00:00:18 ; elapsed = 00:00:20 . Memory (MB): peak = 1292.867 ; gain = 89.336
---------------------------------------------------------------------------------
---------------------------------------------------------------------------------
Start ROM, RAM, DSP and Shift Register Reporting
---------------------------------------------------------------------------------

Distributed RAM: Preliminary Mapping	Report (see note below)
+------------+-----------------+-----------+----------------------+--------------+
|Module Name | RTL Object      | Inference | Size (Depth x Width) | Primitives   | 
+------------+-----------------+-----------+----------------------+--------------+
|top_module  | R1/reg_bank_reg | Implied   | 16 x 32              | RAM32M x 12	 | 
+------------+-----------------+-----------+----------------------+--------------+

Note: The table above is a preliminary report that shows the Distributed RAMs at the current stage of the synthesis flow. Some Distributed RAMs may be reimplemented as non Distributed RAM primitives later in the synthesis flow. Multiple instantiated RAMs are reported only once.
---------------------------------------------------------------------------------
Finished ROM, RAM, DSP and Shift Register Reporting
---------------------------------------------------------------------------------
---------------------------------------------------------------------------------
Start Applying XDC Timing Constraints
---------------------------------------------------------------------------------
---------------------------------------------------------------------------------
Finished Applying XDC Timing Constraints : Time (s): cpu = 00:00:26 ; elapsed = 00:00:28 . Memory (MB): peak = 1292.867 ; gain = 89.336
---------------------------------------------------------------------------------
---------------------------------------------------------------------------------
Start Timing Optimization
---------------------------------------------------------------------------------
---------------------------------------------------------------------------------
Finished Timing Optimization : Time (s): cpu = 00:00:27 ; elapsed = 00:00:29 . Memory (MB): peak = 1297.793 ; gain = 94.262
---------------------------------------------------------------------------------
---------------------------------------------------------------------------------
Start ROM, RAM, DSP and Shift Register Reporting
---------------------------------------------------------------------------------

Distributed RAM: Final Mapping	Report
+------------+-----------------+-----------+----------------------+--------------+
|Module Name | RTL Object      | Inference | Size (Depth x Width) | Primitives   | 
+------------+-----------------+-----------+----------------------+--------------+
|top_module  | R1/reg_bank_reg | Implied   | 16 x 32              | RAM32M x 12	 | 
+------------+-----------------+-----------+----------------------+--------------+

---------------------------------------------------------------------------------
Finished ROM, RAM, DSP and Shift Register Reporting
---------------------------------------------------------------------------------
---------------------------------------------------------------------------------
Start Technology Mapping
---------------------------------------------------------------------------------
---------------------------------------------------------------------------------
Finished Technology Mapping : Time (s): cpu = 00:00:27 ; elapsed = 00:00:29 . Memory (MB): peak = 1308.059 ; gain = 104.527
---------------------------------------------------------------------------------
---------------------------------------------------------------------------------
Start IO Insertion
---------------------------------------------------------------------------------
---------------------------------------------------------------------------------
Start Flattening Before IO Insertion
---------------------------------------------------------------------------------
---------------------------------------------------------------------------------
Finished Flattening Before IO Insertion
---------------------------------------------------------------------------------
---------------------------------------------------------------------------------
Start Final Netlist Cleanup
---------------------------------------------------------------------------------
---------------------------------------------------------------------------------
Finished Final Netlist Cleanup
---------------------------------------------------------------------------------
---------------------------------------------------------------------------------
Finished IO Insertion : Time (s): cpu = 00:00:32 ; elapsed = 00:00:33 . Memory (MB): peak = 1308.059 ; gain = 104.527
---------------------------------------------------------------------------------
---------------------------------------------------------------------------------
Start Renaming Generated Instances
---------------------------------------------------------------------------------
---------------------------------------------------------------------------------
Finished Renaming Generated Instances : Time (s): cpu = 00:00:32 ; elapsed = 00:00:33 . Memory (MB): peak = 1308.059 ; gain = 104.527
---------------------------------------------------------------------------------
---------------------------------------------------------------------------------
Start Rebuilding User Hierarchy
---------------------------------------------------------------------------------
---------------------------------------------------------------------------------
Finished Rebuilding User Hierarchy : Time (s): cpu = 00:00:32 ; elapsed = 00:00:33 . Memory (MB): peak = 1308.059 ; gain = 104.527
---------------------------------------------------------------------------------
---------------------------------------------------------------------------------
Start Renaming Generated Ports
---------------------------------------------------------------------------------
---------------------------------------------------------------------------------
Finished Renaming Generated Ports : Time (s): cpu = 00:00:32 ; elapsed = 00:00:33 . Memory (MB): peak = 1308.059 ; gain = 104.527
---------------------------------------------------------------------------------
---------------------------------------------------------------------------------
Start Handling Custom Attributes
---------------------------------------------------------------------------------
---------------------------------------------------------------------------------
Finished Handling Custom Attributes : Time (s): cpu = 00:00:32 ; elapsed = 00:00:33 . Memory (MB): peak = 1308.059 ; gain = 104.527
---------------------------------------------------------------------------------
---------------------------------------------------------------------------------
Start Renaming Generated Nets
---------------------------------------------------------------------------------
---------------------------------------------------------------------------------
Finished Renaming Generated Nets : Time (s): cpu = 00:00:32 ; elapsed = 00:00:33 . Memory (MB): peak = 1308.059 ; gain = 104.527
---------------------------------------------------------------------------------
---------------------------------------------------------------------------------
Start Writing Synthesis Report
---------------------------------------------------------------------------------

Report BlackBoxes: 
+-+--------------+----------+
| |BlackBox name |Instances |
+-+--------------+----------+
+-+--------------+----------+

Report Cell Usage: 
+------+-------+------+
|      |Cell   |Count |
+------+-------+------+
|1     |BUFG   |     1|
|2     |LUT1   |    32|
|3     |LUT2   |   171|
|4     |LUT3   |   162|
|5     |LUT4   |    16|
|6     |LUT5   |    96|
|7     |LUT6   |   171|
|8     |RAM32M |    12|
|9     |FDRE   |   162|
|10    |LD     |     9|
|11    |IBUF   |    20|
|12    |OBUF   |    16|
+------+-------+------+
---------------------------------------------------------------------------------
Finished Writing Synthesis Report : Time (s): cpu = 00:00:32 ; elapsed = 00:00:33 . Memory (MB): peak = 1308.059 ; gain = 104.527
---------------------------------------------------------------------------------
Synthesis finished with 0 errors, 0 critical warnings and 1 warnings.
Synthesis Optimization Runtime : Time (s): cpu = 00:00:23 ; elapsed = 00:00:31 . Memory (MB): peak = 1308.059 ; gain = 15.191
Synthesis Optimization Complete : Time (s): cpu = 00:00:32 ; elapsed = 00:00:34 . Memory (MB): peak = 1308.059 ; gain = 104.527
INFO: [Project 1-571] Translating synthesized netlist
Netlist sorting complete. Time (s): cpu = 00:00:00 ; elapsed = 00:00:00.028 . Memory (MB): peak = 1318.195 ; gain = 0.000
INFO: [Netlist 29-17] Analyzing 21 Unisim elements for replacement
INFO: [Netlist 29-28] Unisim Transformation completed in 0 CPU seconds
INFO: [Project 1-570] Preparing netlist for logic optimization
INFO: [Opt 31-138] Pushed 0 inverter(s) to 0 load pin(s).
Netlist sorting complete. Time (s): cpu = 00:00:00 ; elapsed = 00:00:00 . Memory (MB): peak = 1318.195 ; gain = 0.000
INFO: [Project 1-111] Unisim Transformation Summary:
  A total of 21 instances were transformed.
  LD => LDCE: 9 instances
  RAM32M => RAM32M (RAMD32(x6), RAMS32(x2)): 12 instances

INFO: [Common 17-83] Releasing license: Synthesis
53 Infos, 1 Warnings, 0 Critical Warnings and 0 Errors encountered.
synth_design completed successfully
synth_design: Time (s): cpu = 00:00:38 ; elapsed = 00:00:42 . Memory (MB): peak = 1318.195 ; gain = 114.664
INFO: [Common 17-1381] The checkpoint 'D:/COA_Lab_23/assignment_7_part_3/assignment_7_part_3.runs/synth_1/top_module.dcp' has been generated.
INFO: [runtcl-4] Executing : report_utilization -file top_module_utilization_synth.rpt -pb top_module_utilization_synth.pb
INFO: [Common 17-206] Exiting Vivado at Wed Oct 18 14:46:03 2023...
