#! /c/Source/iverilog-install/bin/vvp
:ivl_version "12.0 (devel)" "(s20150603-1110-g18392a46)";
:ivl_delay_selection "TYPICAL";
:vpi_time_precision + 0;
:vpi_module "C:\iverilog\lib\ivl\system.vpi";
:vpi_module "C:\iverilog\lib\ivl\vhdl_sys.vpi";
:vpi_module "C:\iverilog\lib\ivl\vhdl_textio.vpi";
:vpi_module "C:\iverilog\lib\ivl\v2005_math.vpi";
:vpi_module "C:\iverilog\lib\ivl\va_math.vpi";
S_000001855a1b2a70 .scope module, "top_module" "top_module" 2 169;
 .timescale 0 0;
    .port_info 0 /INPUT 8 "in1";
    .port_info 1 /INPUT 8 "in2";
    .port_info 2 /INPUT 3 "sel";
    .port_info 3 /OUTPUT 8 "out";
    .port_info 4 /INPUT 1 "clock";
v000001855a32adc0_0 .net "carry_out", 0 0, v000001855a249140_0;  1 drivers
o000001855a2f1858 .functor BUFZ 1, C4<z>; HiZ drive
v000001855a32b220_0 .net "clock", 0 0, o000001855a2f1858;  0 drivers
v000001855a32ae60_0 .net "enable", 7 0, v000001855a21f040_0;  1 drivers
o000001855a2f18e8 .functor BUFZ 8, C4<zzzzzzzz>; HiZ drive
v000001855a32a640_0 .net "in1", 7 0, o000001855a2f18e8;  0 drivers
o000001855a2f1918 .functor BUFZ 8, C4<zzzzzzzz>; HiZ drive
v000001855a32afa0_0 .net "in2", 7 0, o000001855a2f1918;  0 drivers
RS_000001855a2f1978 .resolv tri, v000001855a2495a0_0, v000001855a324540_0, v000001855a3233c0_0, v000001855a328160_0, v000001855a32a1e0_0, v000001855a32a280_0, v000001855a32af00_0, v000001855a32a5a0_0;
v000001855a32a8c0_0 .net8 "out", 7 0, RS_000001855a2f1978;  8 drivers
o000001855a2f0088 .functor BUFZ 3, C4<zzz>; HiZ drive
v000001855a32a6e0_0 .net "sel", 2 0, o000001855a2f0088;  0 drivers
L_000001855a376440 .part v000001855a21f040_0, 0, 1;
L_000001855a3790a0 .part v000001855a21f040_0, 1, 1;
L_000001855a379140 .part v000001855a21f040_0, 2, 1;
L_000001855a37c660 .part v000001855a21f040_0, 3, 1;
L_000001855a37a360 .part v000001855a21f040_0, 4, 1;
L_000001855a37a900 .part v000001855a21f040_0, 5, 1;
L_000001855a37b300 .part v000001855a21f040_0, 6, 1;
L_000001855a37c700 .part v000001855a21f040_0, 7, 1;
S_000001855a1b2c00 .scope module, "M" "my_decoder" 2 176, 2 150 0, S_000001855a1b2a70;
 .timescale 0 0;
    .port_info 0 /INPUT 3 "inp";
    .port_info 1 /OUTPUT 8 "outp";
v000001855a21e500_0 .net "inp", 2 0, o000001855a2f0088;  alias, 0 drivers
v000001855a21f040_0 .var "outp", 7 0;
E_000001855a20f6b0 .event anyedge, v000001855a21e500_0;
S_000001855a2ed720 .scope module, "M1" "cla" 2 177, 2 88 0, S_000001855a1b2a70;
 .timescale 0 0;
    .port_info 0 /INPUT 8 "in1";
    .port_info 1 /INPUT 8 "in2";
    .port_info 2 /OUTPUT 1 "carry_out";
    .port_info 3 /INPUT 1 "enable";
    .port_info 4 /INPUT 1 "clock";
    .port_info 5 /OUTPUT 8 "sum_output";
L_000001855a211490 .functor XOR 8, o000001855a2f18e8, o000001855a2f1918, C4<00000000>, C4<00000000>;
L_000001855a32c5b0 .functor AND 8, o000001855a2f18e8, o000001855a2f1918, C4<11111111>, C4<11111111>;
L_000001855a32c540 .functor AND 1, L_000001855a32b360, L_000001855a32b720, C4<1>, C4<1>;
L_000001855a32c230 .functor OR 1, L_000001855a32b2c0, L_000001855a32c540, C4<0>, C4<0>;
L_000001855a32c690 .functor AND 1, L_000001855a32b5e0, L_000001855a32b680, C4<1>, C4<1>;
L_000001855a32cfc0 .functor OR 1, L_000001855a32b540, L_000001855a32c690, C4<0>, C4<0>;
L_000001855a32ce70 .functor AND 1, L_000001855a32b4a0, L_000001855a32cfc0, C4<1>, C4<1>;
L_000001855a32c310 .functor OR 1, L_000001855a32b400, L_000001855a32ce70, C4<0>, C4<0>;
L_000001855a32c460 .functor AND 1, L_000001855a375b80, L_000001855a375d60, C4<1>, C4<1>;
L_000001855a32d030 .functor OR 1, L_000001855a32a460, L_000001855a32c460, C4<0>, C4<0>;
L_000001855a32ca80 .functor AND 1, L_000001855a32a320, L_000001855a32d030, C4<1>, C4<1>;
L_000001855a32ca10 .functor OR 1, L_000001855a32a140, L_000001855a32ca80, C4<0>, C4<0>;
L_000001855a32caf0 .functor AND 1, L_000001855a32b7c0, L_000001855a32ca10, C4<1>, C4<1>;
L_000001855a32c850 .functor OR 1, L_000001855a32a3c0, L_000001855a32caf0, C4<0>, C4<0>;
L_000001855a32cee0 .functor AND 1, L_000001855a377020, L_000001855a375180, C4<1>, C4<1>;
L_000001855a32c2a0 .functor OR 1, L_000001855a375e00, L_000001855a32cee0, C4<0>, C4<0>;
L_000001855a32cb60 .functor AND 1, L_000001855a375ae0, L_000001855a32c2a0, C4<1>, C4<1>;
L_000001855a32c930 .functor OR 1, L_000001855a3755e0, L_000001855a32cb60, C4<0>, C4<0>;
L_000001855a32c4d0 .functor AND 1, L_000001855a377200, L_000001855a32c930, C4<1>, C4<1>;
L_000001855a32c380 .functor OR 1, L_000001855a3773e0, L_000001855a32c4d0, C4<0>, C4<0>;
L_000001855a32c620 .functor AND 1, L_000001855a3759a0, L_000001855a32c380, C4<1>, C4<1>;
L_000001855a32cbd0 .functor OR 1, L_000001855a3757c0, L_000001855a32c620, C4<0>, C4<0>;
L_000001855a32cf50 .functor AND 1, L_000001855a377480, L_000001855a3770c0, C4<1>, C4<1>;
L_000001855a32c150 .functor OR 1, L_000001855a376080, L_000001855a32cf50, C4<0>, C4<0>;
L_000001855a32c1c0 .functor AND 1, L_000001855a376300, L_000001855a32c150, C4<1>, C4<1>;
L_000001855a32c9a0 .functor OR 1, L_000001855a376ee0, L_000001855a32c1c0, C4<0>, C4<0>;
L_000001855a32c3f0 .functor AND 1, L_000001855a375fe0, L_000001855a32c9a0, C4<1>, C4<1>;
L_000001855a32cc40 .functor OR 1, L_000001855a375860, L_000001855a32c3f0, C4<0>, C4<0>;
L_000001855a32c700 .functor AND 1, L_000001855a377340, L_000001855a32cc40, C4<1>, C4<1>;
L_000001855a32c770 .functor OR 1, L_000001855a3754a0, L_000001855a32c700, C4<0>, C4<0>;
L_000001855a32c7e0 .functor AND 1, L_000001855a375360, L_000001855a32c770, C4<1>, C4<1>;
L_000001855a32c8c0 .functor OR 1, L_000001855a3764e0, L_000001855a32c7e0, C4<0>, C4<0>;
L_000001855a32ccb0 .functor AND 1, L_000001855a377840, L_000001855a375680, C4<1>, C4<1>;
L_000001855a32cd20 .functor OR 1, L_000001855a3775c0, L_000001855a32ccb0, C4<0>, C4<0>;
L_000001855a32cd90 .functor AND 1, L_000001855a375400, L_000001855a32cd20, C4<1>, C4<1>;
L_000001855a32ce00 .functor OR 1, L_000001855a376d00, L_000001855a32cd90, C4<0>, C4<0>;
L_000001855a3817b0 .functor AND 1, L_000001855a375540, L_000001855a32ce00, C4<1>, C4<1>;
L_000001855a381820 .functor OR 1, L_000001855a375c20, L_000001855a3817b0, C4<0>, C4<0>;
L_000001855a3816d0 .functor AND 1, L_000001855a3761c0, L_000001855a381820, C4<1>, C4<1>;
L_000001855a381430 .functor OR 1, L_000001855a375cc0, L_000001855a3816d0, C4<0>, C4<0>;
L_000001855a3814a0 .functor AND 1, L_000001855a3752c0, L_000001855a381430, C4<1>, C4<1>;
L_000001855a381510 .functor OR 1, L_000001855a376580, L_000001855a3814a0, C4<0>, C4<0>;
L_000001855a3819e0 .functor AND 1, L_000001855a375a40, L_000001855a381510, C4<1>, C4<1>;
L_000001855a381580 .functor OR 1, L_000001855a376120, L_000001855a3819e0, C4<0>, C4<0>;
L_000001855a381890 .functor AND 1, L_000001855a375f40, L_000001855a3763a0, C4<1>, C4<1>;
L_000001855a381a50 .functor OR 1, L_000001855a376800, L_000001855a381890, C4<0>, C4<0>;
L_000001855a381cf0 .functor AND 1, L_000001855a377660, L_000001855a381a50, C4<1>, C4<1>;
L_000001855a382000 .functor OR 1, L_000001855a376760, L_000001855a381cf0, C4<0>, C4<0>;
L_000001855a381d60 .functor AND 1, L_000001855a3766c0, L_000001855a382000, C4<1>, C4<1>;
L_000001855a381270 .functor OR 1, L_000001855a375ea0, L_000001855a381d60, C4<0>, C4<0>;
L_000001855a3812e0 .functor AND 1, L_000001855a376da0, L_000001855a381270, C4<1>, C4<1>;
L_000001855a381900 .functor OR 1, L_000001855a375900, L_000001855a3812e0, C4<0>, C4<0>;
L_000001855a381f20 .functor AND 1, L_000001855a377520, L_000001855a381900, C4<1>, C4<1>;
L_000001855a381350 .functor OR 1, L_000001855a376620, L_000001855a381f20, C4<0>, C4<0>;
L_000001855a381ac0 .functor AND 1, L_000001855a376f80, L_000001855a381350, C4<1>, C4<1>;
L_000001855a381970 .functor OR 1, L_000001855a376260, L_000001855a381ac0, C4<0>, C4<0>;
L_000001855a3815f0 .functor AND 1, L_000001855a376c60, L_000001855a381970, C4<1>, C4<1>;
L_000001855a3813c0 .functor OR 1, L_000001855a3772a0, L_000001855a3815f0, C4<0>, C4<0>;
v000001855a21ebe0_0 .net *"_ivl_100", 0 0, L_000001855a32c4d0;  1 drivers
v000001855a21f900_0 .net *"_ivl_102", 0 0, L_000001855a32c380;  1 drivers
v000001855a21e0a0_0 .net *"_ivl_104", 0 0, L_000001855a32c620;  1 drivers
v000001855a21e140_0 .net *"_ivl_106", 0 0, L_000001855a32cbd0;  1 drivers
v000001855a21e960_0 .net *"_ivl_11", 0 0, L_000001855a32b040;  1 drivers
v000001855a21f400_0 .net *"_ivl_111", 0 0, L_000001855a3764e0;  1 drivers
v000001855a21f9a0_0 .net *"_ivl_113", 0 0, L_000001855a375360;  1 drivers
v000001855a21ef00_0 .net *"_ivl_115", 0 0, L_000001855a3754a0;  1 drivers
v000001855a21eaa0_0 .net *"_ivl_117", 0 0, L_000001855a377340;  1 drivers
v000001855a21efa0_0 .net *"_ivl_119", 0 0, L_000001855a375860;  1 drivers
v000001855a21f2c0_0 .net *"_ivl_121", 0 0, L_000001855a375fe0;  1 drivers
v000001855a21fc20_0 .net *"_ivl_123", 0 0, L_000001855a376ee0;  1 drivers
v000001855a21ec80_0 .net *"_ivl_125", 0 0, L_000001855a376300;  1 drivers
v000001855a21fcc0_0 .net *"_ivl_127", 0 0, L_000001855a376080;  1 drivers
v000001855a21f360_0 .net *"_ivl_129", 0 0, L_000001855a377480;  1 drivers
v000001855a21fb80_0 .net *"_ivl_131", 0 0, L_000001855a3770c0;  1 drivers
v000001855a21fd60_0 .net *"_ivl_132", 0 0, L_000001855a32cf50;  1 drivers
v000001855a21fa40_0 .net *"_ivl_134", 0 0, L_000001855a32c150;  1 drivers
v000001855a21edc0_0 .net *"_ivl_136", 0 0, L_000001855a32c1c0;  1 drivers
v000001855a21f720_0 .net *"_ivl_138", 0 0, L_000001855a32c9a0;  1 drivers
v000001855a21eb40_0 .net *"_ivl_140", 0 0, L_000001855a32c3f0;  1 drivers
v000001855a21e640_0 .net *"_ivl_142", 0 0, L_000001855a32cc40;  1 drivers
v000001855a21e3c0_0 .net *"_ivl_144", 0 0, L_000001855a32c700;  1 drivers
v000001855a21fae0_0 .net *"_ivl_146", 0 0, L_000001855a32c770;  1 drivers
v000001855a21f7c0_0 .net *"_ivl_148", 0 0, L_000001855a32c7e0;  1 drivers
v000001855a21ed20_0 .net *"_ivl_15", 0 0, L_000001855a32b2c0;  1 drivers
v000001855a21fe00_0 .net *"_ivl_150", 0 0, L_000001855a32c8c0;  1 drivers
v000001855a21fea0_0 .net *"_ivl_155", 0 0, L_000001855a376120;  1 drivers
v000001855a21e5a0_0 .net *"_ivl_157", 0 0, L_000001855a375a40;  1 drivers
v000001855a21e280_0 .net *"_ivl_159", 0 0, L_000001855a376580;  1 drivers
v000001855a21ee60_0 .net *"_ivl_161", 0 0, L_000001855a3752c0;  1 drivers
v000001855a21ff40_0 .net *"_ivl_163", 0 0, L_000001855a375cc0;  1 drivers
v000001855a21f4a0_0 .net *"_ivl_165", 0 0, L_000001855a3761c0;  1 drivers
v000001855a21f180_0 .net *"_ivl_167", 0 0, L_000001855a375c20;  1 drivers
v000001855a21e1e0_0 .net *"_ivl_169", 0 0, L_000001855a375540;  1 drivers
v000001855a21e320_0 .net *"_ivl_17", 0 0, L_000001855a32b360;  1 drivers
v000001855a21e460_0 .net *"_ivl_171", 0 0, L_000001855a376d00;  1 drivers
v000001855a21f0e0_0 .net *"_ivl_173", 0 0, L_000001855a375400;  1 drivers
v000001855a21f540_0 .net *"_ivl_175", 0 0, L_000001855a3775c0;  1 drivers
v000001855a21e780_0 .net *"_ivl_177", 0 0, L_000001855a377840;  1 drivers
v000001855a21f5e0_0 .net *"_ivl_179", 0 0, L_000001855a375680;  1 drivers
v000001855a21e820_0 .net *"_ivl_180", 0 0, L_000001855a32ccb0;  1 drivers
v000001855a21e6e0_0 .net *"_ivl_182", 0 0, L_000001855a32cd20;  1 drivers
v000001855a21e8c0_0 .net *"_ivl_184", 0 0, L_000001855a32cd90;  1 drivers
v000001855a1faf60_0 .net *"_ivl_186", 0 0, L_000001855a32ce00;  1 drivers
v000001855a1fb640_0 .net *"_ivl_188", 0 0, L_000001855a3817b0;  1 drivers
v000001855a1bd000_0 .net *"_ivl_19", 0 0, L_000001855a32b720;  1 drivers
v000001855a202720_0 .net *"_ivl_190", 0 0, L_000001855a381820;  1 drivers
v000001855a246800_0 .net *"_ivl_192", 0 0, L_000001855a3816d0;  1 drivers
v000001855a246080_0 .net *"_ivl_194", 0 0, L_000001855a381430;  1 drivers
v000001855a247200_0 .net *"_ivl_196", 0 0, L_000001855a3814a0;  1 drivers
v000001855a246760_0 .net *"_ivl_198", 0 0, L_000001855a381510;  1 drivers
v000001855a247ac0_0 .net *"_ivl_20", 0 0, L_000001855a32c540;  1 drivers
v000001855a2466c0_0 .net *"_ivl_200", 0 0, L_000001855a3819e0;  1 drivers
v000001855a246120_0 .net *"_ivl_202", 0 0, L_000001855a381580;  1 drivers
v000001855a247b60_0 .net *"_ivl_208", 0 0, L_000001855a3772a0;  1 drivers
v000001855a246f80_0 .net *"_ivl_210", 0 0, L_000001855a376c60;  1 drivers
v000001855a247520_0 .net *"_ivl_212", 0 0, L_000001855a376260;  1 drivers
v000001855a247e80_0 .net *"_ivl_214", 0 0, L_000001855a376f80;  1 drivers
v000001855a2475c0_0 .net *"_ivl_216", 0 0, L_000001855a376620;  1 drivers
v000001855a246440_0 .net *"_ivl_218", 0 0, L_000001855a377520;  1 drivers
v000001855a2461c0_0 .net *"_ivl_22", 0 0, L_000001855a32c230;  1 drivers
v000001855a247c00_0 .net *"_ivl_220", 0 0, L_000001855a375900;  1 drivers
v000001855a2473e0_0 .net *"_ivl_222", 0 0, L_000001855a376da0;  1 drivers
v000001855a246ee0_0 .net *"_ivl_224", 0 0, L_000001855a375ea0;  1 drivers
v000001855a2487e0_0 .net *"_ivl_226", 0 0, L_000001855a3766c0;  1 drivers
v000001855a246260_0 .net *"_ivl_228", 0 0, L_000001855a376760;  1 drivers
v000001855a248240_0 .net *"_ivl_230", 0 0, L_000001855a377660;  1 drivers
v000001855a246a80_0 .net *"_ivl_232", 0 0, L_000001855a376800;  1 drivers
v000001855a2464e0_0 .net *"_ivl_234", 0 0, L_000001855a375f40;  1 drivers
v000001855a246300_0 .net *"_ivl_236", 0 0, L_000001855a3763a0;  1 drivers
v000001855a246d00_0 .net *"_ivl_237", 0 0, L_000001855a381890;  1 drivers
v000001855a2463a0_0 .net *"_ivl_239", 0 0, L_000001855a381a50;  1 drivers
v000001855a247ca0_0 .net *"_ivl_241", 0 0, L_000001855a381cf0;  1 drivers
v000001855a2478e0_0 .net *"_ivl_243", 0 0, L_000001855a382000;  1 drivers
v000001855a246b20_0 .net *"_ivl_245", 0 0, L_000001855a381d60;  1 drivers
v000001855a246580_0 .net *"_ivl_247", 0 0, L_000001855a381270;  1 drivers
v000001855a246620_0 .net *"_ivl_249", 0 0, L_000001855a3812e0;  1 drivers
v000001855a2469e0_0 .net *"_ivl_251", 0 0, L_000001855a381900;  1 drivers
v000001855a2468a0_0 .net *"_ivl_253", 0 0, L_000001855a381f20;  1 drivers
v000001855a247660_0 .net *"_ivl_255", 0 0, L_000001855a381350;  1 drivers
v000001855a246940_0 .net *"_ivl_257", 0 0, L_000001855a381ac0;  1 drivers
v000001855a247480_0 .net *"_ivl_259", 0 0, L_000001855a381970;  1 drivers
v000001855a2472a0_0 .net *"_ivl_261", 0 0, L_000001855a3815f0;  1 drivers
v000001855a248060_0 .net *"_ivl_263", 0 0, L_000001855a3813c0;  1 drivers
v000001855a247fc0_0 .net *"_ivl_27", 0 0, L_000001855a32b400;  1 drivers
v000001855a248740_0 .net *"_ivl_29", 0 0, L_000001855a32b4a0;  1 drivers
v000001855a247980_0 .net *"_ivl_31", 0 0, L_000001855a32b540;  1 drivers
v000001855a247a20_0 .net *"_ivl_33", 0 0, L_000001855a32b5e0;  1 drivers
v000001855a2486a0_0 .net *"_ivl_35", 0 0, L_000001855a32b680;  1 drivers
v000001855a246bc0_0 .net *"_ivl_36", 0 0, L_000001855a32c690;  1 drivers
v000001855a248420_0 .net *"_ivl_38", 0 0, L_000001855a32cfc0;  1 drivers
v000001855a248100_0 .net *"_ivl_40", 0 0, L_000001855a32ce70;  1 drivers
v000001855a247840_0 .net *"_ivl_42", 0 0, L_000001855a32c310;  1 drivers
v000001855a246c60_0 .net *"_ivl_47", 0 0, L_000001855a32a3c0;  1 drivers
v000001855a247700_0 .net *"_ivl_49", 0 0, L_000001855a32b7c0;  1 drivers
v000001855a248380_0 .net *"_ivl_51", 0 0, L_000001855a32a140;  1 drivers
v000001855a246da0_0 .net *"_ivl_53", 0 0, L_000001855a32a320;  1 drivers
v000001855a247f20_0 .net *"_ivl_55", 0 0, L_000001855a32a460;  1 drivers
v000001855a2477a0_0 .net *"_ivl_57", 0 0, L_000001855a375b80;  1 drivers
v000001855a246e40_0 .net *"_ivl_59", 0 0, L_000001855a375d60;  1 drivers
L_000001855a32d118 .functor BUFT 1, C4<0>, C4<0>, C4<0>, C4<0>;
v000001855a247020_0 .net/2s *"_ivl_6", 0 0, L_000001855a32d118;  1 drivers
v000001855a2470c0_0 .net *"_ivl_60", 0 0, L_000001855a32c460;  1 drivers
v000001855a247160_0 .net *"_ivl_62", 0 0, L_000001855a32d030;  1 drivers
v000001855a247340_0 .net *"_ivl_64", 0 0, L_000001855a32ca80;  1 drivers
v000001855a247d40_0 .net *"_ivl_66", 0 0, L_000001855a32ca10;  1 drivers
v000001855a247de0_0 .net *"_ivl_68", 0 0, L_000001855a32caf0;  1 drivers
v000001855a2481a0_0 .net *"_ivl_70", 0 0, L_000001855a32c850;  1 drivers
v000001855a2482e0_0 .net *"_ivl_75", 0 0, L_000001855a3757c0;  1 drivers
v000001855a2484c0_0 .net *"_ivl_77", 0 0, L_000001855a3759a0;  1 drivers
v000001855a248560_0 .net *"_ivl_79", 0 0, L_000001855a3773e0;  1 drivers
v000001855a248600_0 .net *"_ivl_81", 0 0, L_000001855a377200;  1 drivers
v000001855a2496e0_0 .net *"_ivl_83", 0 0, L_000001855a3755e0;  1 drivers
v000001855a248ec0_0 .net *"_ivl_85", 0 0, L_000001855a375ae0;  1 drivers
v000001855a2490a0_0 .net *"_ivl_87", 0 0, L_000001855a375e00;  1 drivers
v000001855a249820_0 .net *"_ivl_89", 0 0, L_000001855a377020;  1 drivers
v000001855a249780_0 .net *"_ivl_91", 0 0, L_000001855a375180;  1 drivers
v000001855a2493c0_0 .net *"_ivl_92", 0 0, L_000001855a32cee0;  1 drivers
v000001855a249000_0 .net *"_ivl_94", 0 0, L_000001855a32c2a0;  1 drivers
v000001855a248f60_0 .net *"_ivl_96", 0 0, L_000001855a32cb60;  1 drivers
v000001855a2491e0_0 .net *"_ivl_98", 0 0, L_000001855a32c930;  1 drivers
v000001855a248b00_0 .net "c", 8 0, L_000001855a377160;  1 drivers
v000001855a249140_0 .var "carry_out", 0 0;
v000001855a249320_0 .net "clock", 0 0, o000001855a2f1858;  alias, 0 drivers
v000001855a248c40_0 .net "enable", 0 0, L_000001855a376440;  1 drivers
v000001855a249960_0 .net "g", 7 0, L_000001855a32c5b0;  1 drivers
v000001855a248d80_0 .net "in1", 7 0, o000001855a2f18e8;  alias, 0 drivers
v000001855a249280_0 .net "in2", 7 0, o000001855a2f1918;  alias, 0 drivers
v000001855a249a00_0 .net "p", 7 0, L_000001855a211490;  1 drivers
v000001855a2495a0_0 .var "sum_output", 7 0;
E_000001855a20f4b0 .event posedge, v000001855a249320_0;
L_000001855a32b040 .part L_000001855a32c5b0, 0, 1;
L_000001855a32b2c0 .part L_000001855a32c5b0, 1, 1;
L_000001855a32b360 .part L_000001855a211490, 1, 1;
L_000001855a32b720 .part L_000001855a32c5b0, 0, 1;
L_000001855a32b400 .part L_000001855a32c5b0, 2, 1;
L_000001855a32b4a0 .part L_000001855a211490, 2, 1;
L_000001855a32b540 .part L_000001855a32c5b0, 1, 1;
L_000001855a32b5e0 .part L_000001855a211490, 1, 1;
L_000001855a32b680 .part L_000001855a32c5b0, 0, 1;
L_000001855a32a3c0 .part L_000001855a32c5b0, 3, 1;
L_000001855a32b7c0 .part L_000001855a211490, 3, 1;
L_000001855a32a140 .part L_000001855a32c5b0, 2, 1;
L_000001855a32a320 .part L_000001855a211490, 2, 1;
L_000001855a32a460 .part L_000001855a32c5b0, 1, 1;
L_000001855a375b80 .part L_000001855a211490, 1, 1;
L_000001855a375d60 .part L_000001855a32c5b0, 0, 1;
L_000001855a3757c0 .part L_000001855a32c5b0, 4, 1;
L_000001855a3759a0 .part L_000001855a211490, 4, 1;
L_000001855a3773e0 .part L_000001855a32c5b0, 3, 1;
L_000001855a377200 .part L_000001855a211490, 3, 1;
L_000001855a3755e0 .part L_000001855a32c5b0, 2, 1;
L_000001855a375ae0 .part L_000001855a211490, 2, 1;
L_000001855a375e00 .part L_000001855a32c5b0, 1, 1;
L_000001855a377020 .part L_000001855a211490, 1, 1;
L_000001855a375180 .part L_000001855a32c5b0, 0, 1;
L_000001855a3764e0 .part L_000001855a32c5b0, 5, 1;
L_000001855a375360 .part L_000001855a211490, 5, 1;
L_000001855a3754a0 .part L_000001855a32c5b0, 4, 1;
L_000001855a377340 .part L_000001855a211490, 4, 1;
L_000001855a375860 .part L_000001855a32c5b0, 3, 1;
L_000001855a375fe0 .part L_000001855a211490, 3, 1;
L_000001855a376ee0 .part L_000001855a32c5b0, 2, 1;
L_000001855a376300 .part L_000001855a211490, 2, 1;
L_000001855a376080 .part L_000001855a32c5b0, 1, 1;
L_000001855a377480 .part L_000001855a211490, 1, 1;
L_000001855a3770c0 .part L_000001855a32c5b0, 0, 1;
L_000001855a376120 .part L_000001855a32c5b0, 6, 1;
L_000001855a375a40 .part L_000001855a211490, 6, 1;
L_000001855a376580 .part L_000001855a32c5b0, 5, 1;
L_000001855a3752c0 .part L_000001855a211490, 5, 1;
L_000001855a375cc0 .part L_000001855a32c5b0, 4, 1;
L_000001855a3761c0 .part L_000001855a211490, 4, 1;
L_000001855a375c20 .part L_000001855a32c5b0, 3, 1;
L_000001855a375540 .part L_000001855a211490, 3, 1;
L_000001855a376d00 .part L_000001855a32c5b0, 2, 1;
L_000001855a375400 .part L_000001855a211490, 2, 1;
L_000001855a3775c0 .part L_000001855a32c5b0, 1, 1;
L_000001855a377840 .part L_000001855a211490, 1, 1;
L_000001855a375680 .part L_000001855a32c5b0, 0, 1;
LS_000001855a377160_0_0 .concat8 [ 1 1 1 1], L_000001855a32d118, L_000001855a32b040, L_000001855a32c230, L_000001855a32c310;
LS_000001855a377160_0_4 .concat8 [ 1 1 1 1], L_000001855a32c850, L_000001855a32cbd0, L_000001855a32c8c0, L_000001855a381580;
LS_000001855a377160_0_8 .concat8 [ 1 0 0 0], L_000001855a3813c0;
L_000001855a377160 .concat8 [ 4 4 1 0], LS_000001855a377160_0_0, LS_000001855a377160_0_4, LS_000001855a377160_0_8;
L_000001855a3772a0 .part L_000001855a32c5b0, 7, 1;
L_000001855a376c60 .part L_000001855a211490, 7, 1;
L_000001855a376260 .part L_000001855a32c5b0, 6, 1;
L_000001855a376f80 .part L_000001855a211490, 6, 1;
L_000001855a376620 .part L_000001855a32c5b0, 5, 1;
L_000001855a377520 .part L_000001855a211490, 5, 1;
L_000001855a375900 .part L_000001855a32c5b0, 4, 1;
L_000001855a376da0 .part L_000001855a211490, 4, 1;
L_000001855a375ea0 .part L_000001855a32c5b0, 3, 1;
L_000001855a3766c0 .part L_000001855a211490, 3, 1;
L_000001855a376760 .part L_000001855a32c5b0, 2, 1;
L_000001855a377660 .part L_000001855a211490, 2, 1;
L_000001855a376800 .part L_000001855a32c5b0, 1, 1;
L_000001855a375f40 .part L_000001855a211490, 1, 1;
L_000001855a3763a0 .part L_000001855a32c5b0, 0, 1;
S_000001855a2ed8b0 .scope module, "M2" "subtractor" 2 178, 2 136 0, S_000001855a1b2a70;
 .timescale 0 0;
    .port_info 0 /INPUT 8 "in1";
    .port_info 1 /INPUT 8 "in2";
    .port_info 2 /INPUT 1 "enable";
    .port_info 3 /INPUT 1 "clock";
    .port_info 4 /OUTPUT 8 "diff_output";
v000001855a324e00_0 .net "carry_out", 0 0, v000001855a3230a0_0;  1 drivers
v000001855a323320_0 .net "clock", 0 0, o000001855a2f1858;  alias, 0 drivers
v000001855a324040_0 .net8 "diff_output", 7 0, RS_000001855a2f1978;  alias, 8 drivers
v000001855a324220_0 .net "enable", 0 0, L_000001855a3790a0;  1 drivers
v000001855a324360_0 .net "in1", 7 0, o000001855a2f18e8;  alias, 0 drivers
v000001855a324fe0_0 .net "in2", 7 0, o000001855a2f1918;  alias, 0 drivers
v000001855a3235a0_0 .net "temp", 7 0, v000001855a324b80_0;  1 drivers
S_000001855a2eda40 .scope module, "A1" "cla" 2 146, 2 88 0, S_000001855a2ed8b0;
 .timescale 0 0;
    .port_info 0 /INPUT 8 "in1";
    .port_info 1 /INPUT 8 "in2";
    .port_info 2 /OUTPUT 1 "carry_out";
    .port_info 3 /INPUT 1 "enable";
    .port_info 4 /INPUT 1 "clock";
    .port_info 5 /OUTPUT 8 "sum_output";
L_000001855a381c80 .functor XOR 8, o000001855a2f18e8, v000001855a324b80_0, C4<00000000>, C4<00000000>;
L_000001855a381c10 .functor AND 8, o000001855a2f18e8, v000001855a324b80_0, C4<11111111>, C4<11111111>;
L_000001855a381dd0 .functor AND 1, L_000001855a377700, L_000001855a376940, C4<1>, C4<1>;
L_000001855a381b30 .functor OR 1, L_000001855a375720, L_000001855a381dd0, C4<0>, C4<0>;
L_000001855a381740 .functor AND 1, L_000001855a376b20, L_000001855a376e40, C4<1>, C4<1>;
L_000001855a381e40 .functor OR 1, L_000001855a376a80, L_000001855a381740, C4<0>, C4<0>;
L_000001855a381660 .functor AND 1, L_000001855a3769e0, L_000001855a381e40, C4<1>, C4<1>;
L_000001855a381ba0 .functor OR 1, L_000001855a3777a0, L_000001855a381660, C4<0>, C4<0>;
L_000001855a381eb0 .functor AND 1, L_000001855a377d40, L_000001855a379500, C4<1>, C4<1>;
L_000001855a381200 .functor OR 1, L_000001855a378380, L_000001855a381eb0, C4<0>, C4<0>;
L_000001855a381f90 .functor AND 1, L_000001855a379b40, L_000001855a381200, C4<1>, C4<1>;
L_000001855a382070 .functor OR 1, L_000001855a375220, L_000001855a381f90, C4<0>, C4<0>;
L_000001855a3823d0 .functor AND 1, L_000001855a3778e0, L_000001855a382070, C4<1>, C4<1>;
L_000001855a382830 .functor OR 1, L_000001855a376bc0, L_000001855a3823d0, C4<0>, C4<0>;
L_000001855a382f30 .functor AND 1, L_000001855a379820, L_000001855a377980, C4<1>, C4<1>;
L_000001855a382280 .functor OR 1, L_000001855a378560, L_000001855a382f30, C4<0>, C4<0>;
L_000001855a382ad0 .functor AND 1, L_000001855a3782e0, L_000001855a382280, C4<1>, C4<1>;
L_000001855a382980 .functor OR 1, L_000001855a377de0, L_000001855a382ad0, C4<0>, C4<0>;
L_000001855a3824b0 .functor AND 1, L_000001855a379a00, L_000001855a382980, C4<1>, C4<1>;
L_000001855a382360 .functor OR 1, L_000001855a379be0, L_000001855a3824b0, C4<0>, C4<0>;
L_000001855a382590 .functor AND 1, L_000001855a3781a0, L_000001855a382360, C4<1>, C4<1>;
L_000001855a382c20 .functor OR 1, L_000001855a377fc0, L_000001855a382590, C4<0>, C4<0>;
L_000001855a382ec0 .functor AND 1, L_000001855a379d20, L_000001855a3798c0, C4<1>, C4<1>;
L_000001855a3821a0 .functor OR 1, L_000001855a378880, L_000001855a382ec0, C4<0>, C4<0>;
L_000001855a383080 .functor AND 1, L_000001855a378b00, L_000001855a3821a0, C4<1>, C4<1>;
L_000001855a382750 .functor OR 1, L_000001855a3796e0, L_000001855a383080, C4<0>, C4<0>;
L_000001855a382e50 .functor AND 1, L_000001855a3787e0, L_000001855a382750, C4<1>, C4<1>;
L_000001855a382440 .functor OR 1, L_000001855a378060, L_000001855a382e50, C4<0>, C4<0>;
L_000001855a382d00 .functor AND 1, L_000001855a379c80, L_000001855a382440, C4<1>, C4<1>;
L_000001855a3829f0 .functor OR 1, L_000001855a377ca0, L_000001855a382d00, C4<0>, C4<0>;
L_000001855a382a60 .functor AND 1, L_000001855a377b60, L_000001855a3829f0, C4<1>, C4<1>;
L_000001855a382fa0 .functor OR 1, L_000001855a378ce0, L_000001855a382a60, C4<0>, C4<0>;
L_000001855a382600 .functor AND 1, L_000001855a37a040, L_000001855a377f20, C4<1>, C4<1>;
L_000001855a382520 .functor OR 1, L_000001855a379dc0, L_000001855a382600, C4<0>, C4<0>;
L_000001855a382670 .functor AND 1, L_000001855a377c00, L_000001855a382520, C4<1>, C4<1>;
L_000001855a382c90 .functor OR 1, L_000001855a3795a0, L_000001855a382670, C4<0>, C4<0>;
L_000001855a382de0 .functor AND 1, L_000001855a377e80, L_000001855a382c90, C4<1>, C4<1>;
L_000001855a3826e0 .functor OR 1, L_000001855a378420, L_000001855a382de0, C4<0>, C4<0>;
L_000001855a3827c0 .functor AND 1, L_000001855a3789c0, L_000001855a3826e0, C4<1>, C4<1>;
L_000001855a382910 .functor OR 1, L_000001855a3784c0, L_000001855a3827c0, C4<0>, C4<0>;
L_000001855a382210 .functor AND 1, L_000001855a377ac0, L_000001855a382910, C4<1>, C4<1>;
L_000001855a3828a0 .functor OR 1, L_000001855a378d80, L_000001855a382210, C4<0>, C4<0>;
L_000001855a382d70 .functor AND 1, L_000001855a378240, L_000001855a3828a0, C4<1>, C4<1>;
L_000001855a382b40 .functor OR 1, L_000001855a378920, L_000001855a382d70, C4<0>, C4<0>;
L_000001855a3822f0 .functor AND 1, L_000001855a378c40, L_000001855a379000, C4<1>, C4<1>;
L_000001855a383010 .functor OR 1, L_000001855a378f60, L_000001855a3822f0, C4<0>, C4<0>;
L_000001855a382bb0 .functor AND 1, L_000001855a379640, L_000001855a383010, C4<1>, C4<1>;
L_000001855a381190 .functor OR 1, L_000001855a37a0e0, L_000001855a382bb0, C4<0>, C4<0>;
L_000001855a3842e0 .functor AND 1, L_000001855a379e60, L_000001855a381190, C4<1>, C4<1>;
L_000001855a3837f0 .functor OR 1, L_000001855a379960, L_000001855a3842e0, C4<0>, C4<0>;
L_000001855a3844a0 .functor AND 1, L_000001855a378ec0, L_000001855a3837f0, C4<1>, C4<1>;
L_000001855a383fd0 .functor OR 1, L_000001855a379780, L_000001855a3844a0, C4<0>, C4<0>;
L_000001855a3840b0 .functor AND 1, L_000001855a378ba0, L_000001855a383fd0, C4<1>, C4<1>;
L_000001855a384a50 .functor OR 1, L_000001855a378740, L_000001855a3840b0, C4<0>, C4<0>;
L_000001855a3835c0 .functor AND 1, L_000001855a378a60, L_000001855a384a50, C4<1>, C4<1>;
L_000001855a384970 .functor OR 1, L_000001855a3786a0, L_000001855a3835c0, C4<0>, C4<0>;
L_000001855a384ac0 .functor AND 1, L_000001855a378600, L_000001855a384970, C4<1>, C4<1>;
L_000001855a384350 .functor OR 1, L_000001855a378e20, L_000001855a384ac0, C4<0>, C4<0>;
v000001855a249460_0 .net *"_ivl_100", 0 0, L_000001855a3824b0;  1 drivers
v000001855a249500_0 .net *"_ivl_102", 0 0, L_000001855a382360;  1 drivers
v000001855a249dc0_0 .net *"_ivl_104", 0 0, L_000001855a382590;  1 drivers
v000001855a248e20_0 .net *"_ivl_106", 0 0, L_000001855a382c20;  1 drivers
v000001855a249aa0_0 .net *"_ivl_11", 0 0, L_000001855a3768a0;  1 drivers
v000001855a249b40_0 .net *"_ivl_111", 0 0, L_000001855a378ce0;  1 drivers
v000001855a249640_0 .net *"_ivl_113", 0 0, L_000001855a377b60;  1 drivers
v000001855a2498c0_0 .net *"_ivl_115", 0 0, L_000001855a377ca0;  1 drivers
v000001855a249be0_0 .net *"_ivl_117", 0 0, L_000001855a379c80;  1 drivers
v000001855a249c80_0 .net *"_ivl_119", 0 0, L_000001855a378060;  1 drivers
v000001855a249d20_0 .net *"_ivl_121", 0 0, L_000001855a3787e0;  1 drivers
v000001855a248ce0_0 .net *"_ivl_123", 0 0, L_000001855a3796e0;  1 drivers
v000001855a249e60_0 .net *"_ivl_125", 0 0, L_000001855a378b00;  1 drivers
v000001855a249f00_0 .net *"_ivl_127", 0 0, L_000001855a378880;  1 drivers
v000001855a248880_0 .net *"_ivl_129", 0 0, L_000001855a379d20;  1 drivers
v000001855a248920_0 .net *"_ivl_131", 0 0, L_000001855a3798c0;  1 drivers
v000001855a2489c0_0 .net *"_ivl_132", 0 0, L_000001855a382ec0;  1 drivers
v000001855a248a60_0 .net *"_ivl_134", 0 0, L_000001855a3821a0;  1 drivers
v000001855a248ba0_0 .net *"_ivl_136", 0 0, L_000001855a383080;  1 drivers
v000001855a24bd50_0 .net *"_ivl_138", 0 0, L_000001855a382750;  1 drivers
v000001855a24a590_0 .net *"_ivl_140", 0 0, L_000001855a382e50;  1 drivers
v000001855a24a950_0 .net *"_ivl_142", 0 0, L_000001855a382440;  1 drivers
v000001855a24b030_0 .net *"_ivl_144", 0 0, L_000001855a382d00;  1 drivers
v000001855a24bc10_0 .net *"_ivl_146", 0 0, L_000001855a3829f0;  1 drivers
v000001855a24abd0_0 .net *"_ivl_148", 0 0, L_000001855a382a60;  1 drivers
v000001855a24a6d0_0 .net *"_ivl_15", 0 0, L_000001855a375720;  1 drivers
v000001855a24a310_0 .net *"_ivl_150", 0 0, L_000001855a382fa0;  1 drivers
v000001855a24c110_0 .net *"_ivl_155", 0 0, L_000001855a378920;  1 drivers
v000001855a24bcb0_0 .net *"_ivl_157", 0 0, L_000001855a378240;  1 drivers
v000001855a24ac70_0 .net *"_ivl_159", 0 0, L_000001855a378d80;  1 drivers
v000001855a24bdf0_0 .net *"_ivl_161", 0 0, L_000001855a377ac0;  1 drivers
v000001855a24c4d0_0 .net *"_ivl_163", 0 0, L_000001855a3784c0;  1 drivers
v000001855a24a630_0 .net *"_ivl_165", 0 0, L_000001855a3789c0;  1 drivers
v000001855a24a1d0_0 .net *"_ivl_167", 0 0, L_000001855a378420;  1 drivers
v000001855a24ae50_0 .net *"_ivl_169", 0 0, L_000001855a377e80;  1 drivers
v000001855a24c070_0 .net *"_ivl_17", 0 0, L_000001855a377700;  1 drivers
v000001855a24b850_0 .net *"_ivl_171", 0 0, L_000001855a3795a0;  1 drivers
v000001855a24a270_0 .net *"_ivl_173", 0 0, L_000001855a377c00;  1 drivers
v000001855a24c1b0_0 .net *"_ivl_175", 0 0, L_000001855a379dc0;  1 drivers
v000001855a24bad0_0 .net *"_ivl_177", 0 0, L_000001855a37a040;  1 drivers
v000001855a24b8f0_0 .net *"_ivl_179", 0 0, L_000001855a377f20;  1 drivers
v000001855a24aa90_0 .net *"_ivl_180", 0 0, L_000001855a382600;  1 drivers
v000001855a24a450_0 .net *"_ivl_182", 0 0, L_000001855a382520;  1 drivers
v000001855a24a3b0_0 .net *"_ivl_184", 0 0, L_000001855a382670;  1 drivers
v000001855a24a9f0_0 .net *"_ivl_186", 0 0, L_000001855a382c90;  1 drivers
v000001855a24a4f0_0 .net *"_ivl_188", 0 0, L_000001855a382de0;  1 drivers
v000001855a24b530_0 .net *"_ivl_19", 0 0, L_000001855a376940;  1 drivers
v000001855a24a770_0 .net *"_ivl_190", 0 0, L_000001855a3826e0;  1 drivers
v000001855a24b3f0_0 .net *"_ivl_192", 0 0, L_000001855a3827c0;  1 drivers
v000001855a24b210_0 .net *"_ivl_194", 0 0, L_000001855a382910;  1 drivers
v000001855a24c250_0 .net *"_ivl_196", 0 0, L_000001855a382210;  1 drivers
v000001855a24bfd0_0 .net *"_ivl_198", 0 0, L_000001855a3828a0;  1 drivers
v000001855a24c750_0 .net *"_ivl_20", 0 0, L_000001855a381dd0;  1 drivers
v000001855a24b990_0 .net *"_ivl_200", 0 0, L_000001855a382d70;  1 drivers
v000001855a24ba30_0 .net *"_ivl_202", 0 0, L_000001855a382b40;  1 drivers
v000001855a24c6b0_0 .net *"_ivl_208", 0 0, L_000001855a378e20;  1 drivers
v000001855a24a810_0 .net *"_ivl_210", 0 0, L_000001855a378600;  1 drivers
v000001855a24c430_0 .net *"_ivl_212", 0 0, L_000001855a3786a0;  1 drivers
v000001855a24c2f0_0 .net *"_ivl_214", 0 0, L_000001855a378a60;  1 drivers
v000001855a24bb70_0 .net *"_ivl_216", 0 0, L_000001855a378740;  1 drivers
v000001855a24af90_0 .net *"_ivl_218", 0 0, L_000001855a378ba0;  1 drivers
v000001855a24b5d0_0 .net *"_ivl_22", 0 0, L_000001855a381b30;  1 drivers
v000001855a24be90_0 .net *"_ivl_220", 0 0, L_000001855a379780;  1 drivers
v000001855a24b670_0 .net *"_ivl_222", 0 0, L_000001855a378ec0;  1 drivers
v000001855a24a8b0_0 .net *"_ivl_224", 0 0, L_000001855a379960;  1 drivers
v000001855a24ab30_0 .net *"_ivl_226", 0 0, L_000001855a379e60;  1 drivers
v000001855a24bf30_0 .net *"_ivl_228", 0 0, L_000001855a37a0e0;  1 drivers
v000001855a24b490_0 .net *"_ivl_230", 0 0, L_000001855a379640;  1 drivers
v000001855a24aef0_0 .net *"_ivl_232", 0 0, L_000001855a378f60;  1 drivers
v000001855a24c7f0_0 .net *"_ivl_234", 0 0, L_000001855a378c40;  1 drivers
v000001855a24ad10_0 .net *"_ivl_236", 0 0, L_000001855a379000;  1 drivers
v000001855a24c390_0 .net *"_ivl_237", 0 0, L_000001855a3822f0;  1 drivers
v000001855a24adb0_0 .net *"_ivl_239", 0 0, L_000001855a383010;  1 drivers
v000001855a24b0d0_0 .net *"_ivl_241", 0 0, L_000001855a382bb0;  1 drivers
v000001855a24b170_0 .net *"_ivl_243", 0 0, L_000001855a381190;  1 drivers
v000001855a24b2b0_0 .net *"_ivl_245", 0 0, L_000001855a3842e0;  1 drivers
v000001855a24b350_0 .net *"_ivl_247", 0 0, L_000001855a3837f0;  1 drivers
v000001855a24c570_0 .net *"_ivl_249", 0 0, L_000001855a3844a0;  1 drivers
v000001855a24b710_0 .net *"_ivl_251", 0 0, L_000001855a383fd0;  1 drivers
v000001855a24c610_0 .net *"_ivl_253", 0 0, L_000001855a3840b0;  1 drivers
v000001855a24b7b0_0 .net *"_ivl_255", 0 0, L_000001855a384a50;  1 drivers
v000001855a24a090_0 .net *"_ivl_257", 0 0, L_000001855a3835c0;  1 drivers
v000001855a24a130_0 .net *"_ivl_259", 0 0, L_000001855a384970;  1 drivers
v000001855a24db50_0 .net *"_ivl_261", 0 0, L_000001855a384ac0;  1 drivers
v000001855a24d010_0 .net *"_ivl_263", 0 0, L_000001855a384350;  1 drivers
v000001855a24c890_0 .net *"_ivl_27", 0 0, L_000001855a3777a0;  1 drivers
v000001855a24dbf0_0 .net *"_ivl_29", 0 0, L_000001855a3769e0;  1 drivers
v000001855a24ccf0_0 .net *"_ivl_31", 0 0, L_000001855a376a80;  1 drivers
v000001855a24d1f0_0 .net *"_ivl_33", 0 0, L_000001855a376b20;  1 drivers
v000001855a24cd90_0 .net *"_ivl_35", 0 0, L_000001855a376e40;  1 drivers
v000001855a24c930_0 .net *"_ivl_36", 0 0, L_000001855a381740;  1 drivers
v000001855a24ca70_0 .net *"_ivl_38", 0 0, L_000001855a381e40;  1 drivers
v000001855a24d470_0 .net *"_ivl_40", 0 0, L_000001855a381660;  1 drivers
v000001855a24da10_0 .net *"_ivl_42", 0 0, L_000001855a381ba0;  1 drivers
v000001855a24d330_0 .net *"_ivl_47", 0 0, L_000001855a376bc0;  1 drivers
v000001855a24ced0_0 .net *"_ivl_49", 0 0, L_000001855a3778e0;  1 drivers
v000001855a24dc90_0 .net *"_ivl_51", 0 0, L_000001855a375220;  1 drivers
v000001855a24d510_0 .net *"_ivl_53", 0 0, L_000001855a379b40;  1 drivers
v000001855a24d3d0_0 .net *"_ivl_55", 0 0, L_000001855a378380;  1 drivers
v000001855a24d5b0_0 .net *"_ivl_57", 0 0, L_000001855a377d40;  1 drivers
v000001855a24dd30_0 .net *"_ivl_59", 0 0, L_000001855a379500;  1 drivers
L_000001855a32d160 .functor BUFT 1, C4<0>, C4<0>, C4<0>, C4<0>;
v000001855a24d150_0 .net/2s *"_ivl_6", 0 0, L_000001855a32d160;  1 drivers
v000001855a24ddd0_0 .net *"_ivl_60", 0 0, L_000001855a381eb0;  1 drivers
v000001855a24d650_0 .net *"_ivl_62", 0 0, L_000001855a381200;  1 drivers
v000001855a24de70_0 .net *"_ivl_64", 0 0, L_000001855a381f90;  1 drivers
v000001855a24df10_0 .net *"_ivl_66", 0 0, L_000001855a382070;  1 drivers
v000001855a24dab0_0 .net *"_ivl_68", 0 0, L_000001855a3823d0;  1 drivers
v000001855a24d6f0_0 .net *"_ivl_70", 0 0, L_000001855a382830;  1 drivers
v000001855a24cbb0_0 .net *"_ivl_75", 0 0, L_000001855a377fc0;  1 drivers
v000001855a24d0b0_0 .net *"_ivl_77", 0 0, L_000001855a3781a0;  1 drivers
v000001855a24c9d0_0 .net *"_ivl_79", 0 0, L_000001855a379be0;  1 drivers
v000001855a24d830_0 .net *"_ivl_81", 0 0, L_000001855a379a00;  1 drivers
v000001855a24d290_0 .net *"_ivl_83", 0 0, L_000001855a377de0;  1 drivers
v000001855a24d970_0 .net *"_ivl_85", 0 0, L_000001855a3782e0;  1 drivers
v000001855a24d790_0 .net *"_ivl_87", 0 0, L_000001855a378560;  1 drivers
v000001855a24d8d0_0 .net *"_ivl_89", 0 0, L_000001855a379820;  1 drivers
v000001855a24cb10_0 .net *"_ivl_91", 0 0, L_000001855a377980;  1 drivers
v000001855a24cc50_0 .net *"_ivl_92", 0 0, L_000001855a382f30;  1 drivers
v000001855a24ce30_0 .net *"_ivl_94", 0 0, L_000001855a382280;  1 drivers
v000001855a24cf70_0 .net *"_ivl_96", 0 0, L_000001855a382ad0;  1 drivers
v000001855a325080_0 .net *"_ivl_98", 0 0, L_000001855a382980;  1 drivers
v000001855a324900_0 .net "c", 8 0, L_000001855a378100;  1 drivers
v000001855a3230a0_0 .var "carry_out", 0 0;
v000001855a323640_0 .net "clock", 0 0, o000001855a2f1858;  alias, 0 drivers
v000001855a323b40_0 .net "enable", 0 0, L_000001855a3790a0;  alias, 1 drivers
v000001855a323140_0 .net "g", 7 0, L_000001855a381c10;  1 drivers
v000001855a3229c0_0 .net "in1", 7 0, o000001855a2f18e8;  alias, 0 drivers
v000001855a322a60_0 .net "in2", 7 0, v000001855a324b80_0;  alias, 1 drivers
v000001855a323be0_0 .net "p", 7 0, L_000001855a381c80;  1 drivers
v000001855a324540_0 .var "sum_output", 7 0;
L_000001855a3768a0 .part L_000001855a381c10, 0, 1;
L_000001855a375720 .part L_000001855a381c10, 1, 1;
L_000001855a377700 .part L_000001855a381c80, 1, 1;
L_000001855a376940 .part L_000001855a381c10, 0, 1;
L_000001855a3777a0 .part L_000001855a381c10, 2, 1;
L_000001855a3769e0 .part L_000001855a381c80, 2, 1;
L_000001855a376a80 .part L_000001855a381c10, 1, 1;
L_000001855a376b20 .part L_000001855a381c80, 1, 1;
L_000001855a376e40 .part L_000001855a381c10, 0, 1;
L_000001855a376bc0 .part L_000001855a381c10, 3, 1;
L_000001855a3778e0 .part L_000001855a381c80, 3, 1;
L_000001855a375220 .part L_000001855a381c10, 2, 1;
L_000001855a379b40 .part L_000001855a381c80, 2, 1;
L_000001855a378380 .part L_000001855a381c10, 1, 1;
L_000001855a377d40 .part L_000001855a381c80, 1, 1;
L_000001855a379500 .part L_000001855a381c10, 0, 1;
L_000001855a377fc0 .part L_000001855a381c10, 4, 1;
L_000001855a3781a0 .part L_000001855a381c80, 4, 1;
L_000001855a379be0 .part L_000001855a381c10, 3, 1;
L_000001855a379a00 .part L_000001855a381c80, 3, 1;
L_000001855a377de0 .part L_000001855a381c10, 2, 1;
L_000001855a3782e0 .part L_000001855a381c80, 2, 1;
L_000001855a378560 .part L_000001855a381c10, 1, 1;
L_000001855a379820 .part L_000001855a381c80, 1, 1;
L_000001855a377980 .part L_000001855a381c10, 0, 1;
L_000001855a378ce0 .part L_000001855a381c10, 5, 1;
L_000001855a377b60 .part L_000001855a381c80, 5, 1;
L_000001855a377ca0 .part L_000001855a381c10, 4, 1;
L_000001855a379c80 .part L_000001855a381c80, 4, 1;
L_000001855a378060 .part L_000001855a381c10, 3, 1;
L_000001855a3787e0 .part L_000001855a381c80, 3, 1;
L_000001855a3796e0 .part L_000001855a381c10, 2, 1;
L_000001855a378b00 .part L_000001855a381c80, 2, 1;
L_000001855a378880 .part L_000001855a381c10, 1, 1;
L_000001855a379d20 .part L_000001855a381c80, 1, 1;
L_000001855a3798c0 .part L_000001855a381c10, 0, 1;
L_000001855a378920 .part L_000001855a381c10, 6, 1;
L_000001855a378240 .part L_000001855a381c80, 6, 1;
L_000001855a378d80 .part L_000001855a381c10, 5, 1;
L_000001855a377ac0 .part L_000001855a381c80, 5, 1;
L_000001855a3784c0 .part L_000001855a381c10, 4, 1;
L_000001855a3789c0 .part L_000001855a381c80, 4, 1;
L_000001855a378420 .part L_000001855a381c10, 3, 1;
L_000001855a377e80 .part L_000001855a381c80, 3, 1;
L_000001855a3795a0 .part L_000001855a381c10, 2, 1;
L_000001855a377c00 .part L_000001855a381c80, 2, 1;
L_000001855a379dc0 .part L_000001855a381c10, 1, 1;
L_000001855a37a040 .part L_000001855a381c80, 1, 1;
L_000001855a377f20 .part L_000001855a381c10, 0, 1;
LS_000001855a378100_0_0 .concat8 [ 1 1 1 1], L_000001855a32d160, L_000001855a3768a0, L_000001855a381b30, L_000001855a381ba0;
LS_000001855a378100_0_4 .concat8 [ 1 1 1 1], L_000001855a382830, L_000001855a382c20, L_000001855a382fa0, L_000001855a382b40;
LS_000001855a378100_0_8 .concat8 [ 1 0 0 0], L_000001855a384350;
L_000001855a378100 .concat8 [ 4 4 1 0], LS_000001855a378100_0_0, LS_000001855a378100_0_4, LS_000001855a378100_0_8;
L_000001855a378e20 .part L_000001855a381c10, 7, 1;
L_000001855a378600 .part L_000001855a381c80, 7, 1;
L_000001855a3786a0 .part L_000001855a381c10, 6, 1;
L_000001855a378a60 .part L_000001855a381c80, 6, 1;
L_000001855a378740 .part L_000001855a381c10, 5, 1;
L_000001855a378ba0 .part L_000001855a381c80, 5, 1;
L_000001855a379780 .part L_000001855a381c10, 4, 1;
L_000001855a378ec0 .part L_000001855a381c80, 4, 1;
L_000001855a379960 .part L_000001855a381c10, 3, 1;
L_000001855a379e60 .part L_000001855a381c80, 3, 1;
L_000001855a37a0e0 .part L_000001855a381c10, 2, 1;
L_000001855a379640 .part L_000001855a381c80, 2, 1;
L_000001855a378f60 .part L_000001855a381c10, 1, 1;
L_000001855a378c40 .part L_000001855a381c80, 1, 1;
L_000001855a379000 .part L_000001855a381c10, 0, 1;
S_000001855a19bd40 .scope module, "C1" "complementor" 2 145, 2 126 0, S_000001855a2ed8b0;
 .timescale 0 0;
    .port_info 0 /OUTPUT 8 "out";
    .port_info 1 /INPUT 8 "X";
    .port_info 2 /INPUT 1 "clock";
v000001855a324ae0_0 .net "X", 7 0, o000001855a2f1918;  alias, 0 drivers
v000001855a323e60_0 .net "clock", 0 0, o000001855a2f1858;  alias, 0 drivers
v000001855a324b80_0 .var "out", 7 0;
S_000001855a19bed0 .scope module, "M3" "select" 2 179, 2 1 0, S_000001855a1b2a70;
 .timescale 0 0;
    .port_info 0 /INPUT 8 "in1";
    .port_info 1 /INPUT 8 "in2";
    .port_info 2 /INPUT 1 "enable";
    .port_info 3 /OUTPUT 8 "out";
    .port_info 4 /INPUT 1 "clock";
v000001855a322d80_0 .net "clock", 0 0, o000001855a2f1858;  alias, 0 drivers
v000001855a324f40_0 .net "enable", 0 0, L_000001855a379140;  1 drivers
v000001855a3247c0_0 .net "in1", 7 0, o000001855a2f18e8;  alias, 0 drivers
v000001855a323dc0_0 .net "in2", 7 0, o000001855a2f1918;  alias, 0 drivers
v000001855a3233c0_0 .var "out", 7 0;
S_000001855a19c060 .scope module, "M4" "left_shift" 2 180, 2 15 0, S_000001855a1b2a70;
 .timescale 0 0;
    .port_info 0 /INPUT 8 "in1";
    .port_info 1 /INPUT 8 "in2";
    .port_info 2 /INPUT 1 "enable";
    .port_info 3 /OUTPUT 8 "out";
    .port_info 4 /INPUT 1 "clock";
v000001855a3283e0_0 .net "carry_out", 0 0, v000001855a328980_0;  1 drivers
v000001855a329420_0 .net "clock", 0 0, o000001855a2f1858;  alias, 0 drivers
v000001855a3285c0_0 .net "enable", 0 0, L_000001855a37c660;  1 drivers
v000001855a328840_0 .net "in1", 7 0, o000001855a2f18e8;  alias, 0 drivers
v000001855a328a20_0 .net "in2", 7 0, o000001855a2f1918;  alias, 0 drivers
v000001855a328b60_0 .net8 "out", 7 0, RS_000001855a2f1978;  alias, 8 drivers
S_000001855a19b2d0 .scope module, "M1" "cla" 2 22, 2 88 0, S_000001855a19c060;
 .timescale 0 0;
    .port_info 0 /INPUT 8 "in1";
    .port_info 1 /INPUT 8 "in2";
    .port_info 2 /OUTPUT 1 "carry_out";
    .port_info 3 /INPUT 1 "enable";
    .port_info 4 /INPUT 1 "clock";
    .port_info 5 /OUTPUT 8 "sum_output";
L_000001855a385150 .functor XOR 8, o000001855a2f18e8, o000001855a2f18e8, C4<00000000>, C4<00000000>;
L_000001855a3843c0 .functor AND 8, o000001855a2f18e8, o000001855a2f18e8, C4<11111111>, C4<11111111>;
L_000001855a383e80 .functor AND 1, L_000001855a379f00, L_000001855a377a20, C4<1>, C4<1>;
L_000001855a383b70 .functor OR 1, L_000001855a379aa0, L_000001855a383e80, C4<0>, C4<0>;
L_000001855a3836a0 .functor AND 1, L_000001855a3793c0, L_000001855a379460, C4<1>, C4<1>;
L_000001855a384c10 .functor OR 1, L_000001855a379320, L_000001855a3836a0, C4<0>, C4<0>;
L_000001855a384ba0 .functor AND 1, L_000001855a379fa0, L_000001855a384c10, C4<1>, C4<1>;
L_000001855a384820 .functor OR 1, L_000001855a379280, L_000001855a384ba0, C4<0>, C4<0>;
L_000001855a384040 .functor AND 1, L_000001855a37c340, L_000001855a37a860, C4<1>, C4<1>;
L_000001855a384120 .functor OR 1, L_000001855a37a4a0, L_000001855a384040, C4<0>, C4<0>;
L_000001855a384e40 .functor AND 1, L_000001855a37bd00, L_000001855a384120, C4<1>, C4<1>;
L_000001855a384f90 .functor OR 1, L_000001855a37bda0, L_000001855a384e40, C4<0>, C4<0>;
L_000001855a384270 .functor AND 1, L_000001855a37c5c0, L_000001855a384f90, C4<1>, C4<1>;
L_000001855a384430 .functor OR 1, L_000001855a37ab80, L_000001855a384270, C4<0>, C4<0>;
L_000001855a3850e0 .functor AND 1, L_000001855a37a540, L_000001855a37b4e0, C4<1>, C4<1>;
L_000001855a384510 .functor OR 1, L_000001855a37c480, L_000001855a3850e0, C4<0>, C4<0>;
L_000001855a383d30 .functor AND 1, L_000001855a37a9a0, L_000001855a384510, C4<1>, C4<1>;
L_000001855a383da0 .functor OR 1, L_000001855a37bf80, L_000001855a383d30, C4<0>, C4<0>;
L_000001855a384eb0 .functor AND 1, L_000001855a37be40, L_000001855a383da0, C4<1>, C4<1>;
L_000001855a383a20 .functor OR 1, L_000001855a37b580, L_000001855a384eb0, C4<0>, C4<0>;
L_000001855a383be0 .functor AND 1, L_000001855a37a7c0, L_000001855a383a20, C4<1>, C4<1>;
L_000001855a384190 .functor OR 1, L_000001855a37bc60, L_000001855a383be0, C4<0>, C4<0>;
L_000001855a384c80 .functor AND 1, L_000001855a37bbc0, L_000001855a37afe0, C4<1>, C4<1>;
L_000001855a384200 .functor OR 1, L_000001855a37a680, L_000001855a384c80, C4<0>, C4<0>;
L_000001855a383c50 .functor AND 1, L_000001855a37bb20, L_000001855a384200, C4<1>, C4<1>;
L_000001855a384580 .functor OR 1, L_000001855a37bee0, L_000001855a383c50, C4<0>, C4<0>;
L_000001855a383b00 .functor AND 1, L_000001855a37a2c0, L_000001855a384580, C4<1>, C4<1>;
L_000001855a384cf0 .functor OR 1, L_000001855a37b800, L_000001855a383b00, C4<0>, C4<0>;
L_000001855a384900 .functor AND 1, L_000001855a37ae00, L_000001855a384cf0, C4<1>, C4<1>;
L_000001855a3845f0 .functor OR 1, L_000001855a37a220, L_000001855a384900, C4<0>, C4<0>;
L_000001855a384660 .functor AND 1, L_000001855a37ad60, L_000001855a3845f0, C4<1>, C4<1>;
L_000001855a3846d0 .functor OR 1, L_000001855a37a5e0, L_000001855a384660, C4<0>, C4<0>;
L_000001855a384740 .functor AND 1, L_000001855a37b8a0, L_000001855a37c2a0, C4<1>, C4<1>;
L_000001855a383630 .functor OR 1, L_000001855a37b080, L_000001855a384740, C4<0>, C4<0>;
L_000001855a383e10 .functor AND 1, L_000001855a37c3e0, L_000001855a383630, C4<1>, C4<1>;
L_000001855a383cc0 .functor OR 1, L_000001855a37b940, L_000001855a383e10, C4<0>, C4<0>;
L_000001855a383a90 .functor AND 1, L_000001855a37b620, L_000001855a383cc0, C4<1>, C4<1>;
L_000001855a383ef0 .functor OR 1, L_000001855a37af40, L_000001855a383a90, C4<0>, C4<0>;
L_000001855a3847b0 .functor AND 1, L_000001855a37c8e0, L_000001855a383ef0, C4<1>, C4<1>;
L_000001855a384890 .functor OR 1, L_000001855a37b260, L_000001855a3847b0, C4<0>, C4<0>;
L_000001855a383f60 .functor AND 1, L_000001855a37b6c0, L_000001855a384890, C4<1>, C4<1>;
L_000001855a3849e0 .functor OR 1, L_000001855a37aa40, L_000001855a383f60, C4<0>, C4<0>;
L_000001855a384f20 .functor AND 1, L_000001855a37aea0, L_000001855a3849e0, C4<1>, C4<1>;
L_000001855a384b30 .functor OR 1, L_000001855a37ac20, L_000001855a384f20, C4<0>, C4<0>;
L_000001855a383710 .functor AND 1, L_000001855a37a180, L_000001855a37c200, C4<1>, C4<1>;
L_000001855a384d60 .functor OR 1, L_000001855a37b1c0, L_000001855a383710, C4<0>, C4<0>;
L_000001855a384dd0 .functor AND 1, L_000001855a37c840, L_000001855a384d60, C4<1>, C4<1>;
L_000001855a385000 .functor OR 1, L_000001855a37a400, L_000001855a384dd0, C4<0>, C4<0>;
L_000001855a385070 .functor AND 1, L_000001855a37acc0, L_000001855a385000, C4<1>, C4<1>;
L_000001855a383780 .functor OR 1, L_000001855a37c160, L_000001855a385070, C4<0>, C4<0>;
L_000001855a383860 .functor AND 1, L_000001855a37c0c0, L_000001855a383780, C4<1>, C4<1>;
L_000001855a3838d0 .functor OR 1, L_000001855a37c520, L_000001855a383860, C4<0>, C4<0>;
L_000001855a383940 .functor AND 1, L_000001855a37ba80, L_000001855a3838d0, C4<1>, C4<1>;
L_000001855a3839b0 .functor OR 1, L_000001855a37a720, L_000001855a383940, C4<0>, C4<0>;
L_000001855a3851c0 .functor AND 1, L_000001855a37b120, L_000001855a3839b0, C4<1>, C4<1>;
L_000001855a385460 .functor OR 1, L_000001855a37b760, L_000001855a3851c0, C4<0>, C4<0>;
L_000001855a385230 .functor AND 1, L_000001855a37b9e0, L_000001855a385460, C4<1>, C4<1>;
L_000001855a3853f0 .functor OR 1, L_000001855a37c020, L_000001855a385230, C4<0>, C4<0>;
v000001855a324c20_0 .net *"_ivl_100", 0 0, L_000001855a384eb0;  1 drivers
v000001855a3240e0_0 .net *"_ivl_102", 0 0, L_000001855a383a20;  1 drivers
v000001855a324180_0 .net *"_ivl_104", 0 0, L_000001855a383be0;  1 drivers
v000001855a322e20_0 .net *"_ivl_106", 0 0, L_000001855a384190;  1 drivers
v000001855a3245e0_0 .net *"_ivl_11", 0 0, L_000001855a3791e0;  1 drivers
v000001855a324680_0 .net *"_ivl_111", 0 0, L_000001855a37a5e0;  1 drivers
v000001855a3244a0_0 .net *"_ivl_113", 0 0, L_000001855a37ad60;  1 drivers
v000001855a322c40_0 .net *"_ivl_115", 0 0, L_000001855a37a220;  1 drivers
v000001855a3238c0_0 .net *"_ivl_117", 0 0, L_000001855a37ae00;  1 drivers
v000001855a323c80_0 .net *"_ivl_119", 0 0, L_000001855a37b800;  1 drivers
v000001855a323aa0_0 .net *"_ivl_121", 0 0, L_000001855a37a2c0;  1 drivers
v000001855a3249a0_0 .net *"_ivl_123", 0 0, L_000001855a37bee0;  1 drivers
v000001855a324860_0 .net *"_ivl_125", 0 0, L_000001855a37bb20;  1 drivers
v000001855a322920_0 .net *"_ivl_127", 0 0, L_000001855a37a680;  1 drivers
v000001855a3242c0_0 .net *"_ivl_129", 0 0, L_000001855a37bbc0;  1 drivers
v000001855a324400_0 .net *"_ivl_131", 0 0, L_000001855a37afe0;  1 drivers
v000001855a322b00_0 .net *"_ivl_132", 0 0, L_000001855a384c80;  1 drivers
v000001855a323000_0 .net *"_ivl_134", 0 0, L_000001855a384200;  1 drivers
v000001855a3231e0_0 .net *"_ivl_136", 0 0, L_000001855a383c50;  1 drivers
v000001855a323780_0 .net *"_ivl_138", 0 0, L_000001855a384580;  1 drivers
v000001855a324ea0_0 .net *"_ivl_140", 0 0, L_000001855a383b00;  1 drivers
v000001855a322f60_0 .net *"_ivl_142", 0 0, L_000001855a384cf0;  1 drivers
v000001855a323d20_0 .net *"_ivl_144", 0 0, L_000001855a384900;  1 drivers
v000001855a324cc0_0 .net *"_ivl_146", 0 0, L_000001855a3845f0;  1 drivers
v000001855a323280_0 .net *"_ivl_148", 0 0, L_000001855a384660;  1 drivers
v000001855a324a40_0 .net *"_ivl_15", 0 0, L_000001855a379aa0;  1 drivers
v000001855a323f00_0 .net *"_ivl_150", 0 0, L_000001855a3846d0;  1 drivers
v000001855a323460_0 .net *"_ivl_155", 0 0, L_000001855a37ac20;  1 drivers
v000001855a322ba0_0 .net *"_ivl_157", 0 0, L_000001855a37aea0;  1 drivers
v000001855a323500_0 .net *"_ivl_159", 0 0, L_000001855a37aa40;  1 drivers
v000001855a3236e0_0 .net *"_ivl_161", 0 0, L_000001855a37b6c0;  1 drivers
v000001855a323820_0 .net *"_ivl_163", 0 0, L_000001855a37b260;  1 drivers
v000001855a323960_0 .net *"_ivl_165", 0 0, L_000001855a37c8e0;  1 drivers
v000001855a324720_0 .net *"_ivl_167", 0 0, L_000001855a37af40;  1 drivers
v000001855a322ce0_0 .net *"_ivl_169", 0 0, L_000001855a37b620;  1 drivers
v000001855a323a00_0 .net *"_ivl_17", 0 0, L_000001855a379f00;  1 drivers
v000001855a323fa0_0 .net *"_ivl_171", 0 0, L_000001855a37b940;  1 drivers
v000001855a324d60_0 .net *"_ivl_173", 0 0, L_000001855a37c3e0;  1 drivers
v000001855a322ec0_0 .net *"_ivl_175", 0 0, L_000001855a37b080;  1 drivers
v000001855a325440_0 .net *"_ivl_177", 0 0, L_000001855a37b8a0;  1 drivers
v000001855a325c60_0 .net *"_ivl_179", 0 0, L_000001855a37c2a0;  1 drivers
v000001855a326520_0 .net *"_ivl_180", 0 0, L_000001855a384740;  1 drivers
v000001855a325580_0 .net *"_ivl_182", 0 0, L_000001855a383630;  1 drivers
v000001855a3262a0_0 .net *"_ivl_184", 0 0, L_000001855a383e10;  1 drivers
v000001855a325d00_0 .net *"_ivl_186", 0 0, L_000001855a383cc0;  1 drivers
v000001855a325760_0 .net *"_ivl_188", 0 0, L_000001855a383a90;  1 drivers
v000001855a3251c0_0 .net *"_ivl_19", 0 0, L_000001855a377a20;  1 drivers
v000001855a325800_0 .net *"_ivl_190", 0 0, L_000001855a383ef0;  1 drivers
v000001855a325620_0 .net *"_ivl_192", 0 0, L_000001855a3847b0;  1 drivers
v000001855a3256c0_0 .net *"_ivl_194", 0 0, L_000001855a384890;  1 drivers
v000001855a3258a0_0 .net *"_ivl_196", 0 0, L_000001855a383f60;  1 drivers
v000001855a325b20_0 .net *"_ivl_198", 0 0, L_000001855a3849e0;  1 drivers
v000001855a325300_0 .net *"_ivl_20", 0 0, L_000001855a383e80;  1 drivers
v000001855a325940_0 .net *"_ivl_200", 0 0, L_000001855a384f20;  1 drivers
v000001855a3265c0_0 .net *"_ivl_202", 0 0, L_000001855a384b30;  1 drivers
v000001855a325e40_0 .net *"_ivl_208", 0 0, L_000001855a37c020;  1 drivers
v000001855a3259e0_0 .net *"_ivl_210", 0 0, L_000001855a37b9e0;  1 drivers
v000001855a325f80_0 .net *"_ivl_212", 0 0, L_000001855a37b760;  1 drivers
v000001855a325a80_0 .net *"_ivl_214", 0 0, L_000001855a37b120;  1 drivers
v000001855a325bc0_0 .net *"_ivl_216", 0 0, L_000001855a37a720;  1 drivers
v000001855a3260c0_0 .net *"_ivl_218", 0 0, L_000001855a37ba80;  1 drivers
v000001855a326020_0 .net *"_ivl_22", 0 0, L_000001855a383b70;  1 drivers
v000001855a325da0_0 .net *"_ivl_220", 0 0, L_000001855a37c520;  1 drivers
v000001855a325ee0_0 .net *"_ivl_222", 0 0, L_000001855a37c0c0;  1 drivers
v000001855a325120_0 .net *"_ivl_224", 0 0, L_000001855a37c160;  1 drivers
v000001855a326160_0 .net *"_ivl_226", 0 0, L_000001855a37acc0;  1 drivers
v000001855a3254e0_0 .net *"_ivl_228", 0 0, L_000001855a37a400;  1 drivers
v000001855a326200_0 .net *"_ivl_230", 0 0, L_000001855a37c840;  1 drivers
v000001855a3263e0_0 .net *"_ivl_232", 0 0, L_000001855a37b1c0;  1 drivers
v000001855a326340_0 .net *"_ivl_234", 0 0, L_000001855a37a180;  1 drivers
v000001855a326480_0 .net *"_ivl_236", 0 0, L_000001855a37c200;  1 drivers
v000001855a326660_0 .net *"_ivl_237", 0 0, L_000001855a383710;  1 drivers
v000001855a326700_0 .net *"_ivl_239", 0 0, L_000001855a384d60;  1 drivers
v000001855a3267a0_0 .net *"_ivl_241", 0 0, L_000001855a384dd0;  1 drivers
v000001855a325260_0 .net *"_ivl_243", 0 0, L_000001855a385000;  1 drivers
v000001855a3253a0_0 .net *"_ivl_245", 0 0, L_000001855a385070;  1 drivers
v000001855a327a80_0 .net *"_ivl_247", 0 0, L_000001855a383780;  1 drivers
v000001855a328200_0 .net *"_ivl_249", 0 0, L_000001855a383860;  1 drivers
v000001855a328e80_0 .net *"_ivl_251", 0 0, L_000001855a3838d0;  1 drivers
v000001855a329b00_0 .net *"_ivl_253", 0 0, L_000001855a383940;  1 drivers
v000001855a328660_0 .net *"_ivl_255", 0 0, L_000001855a3839b0;  1 drivers
v000001855a329ba0_0 .net *"_ivl_257", 0 0, L_000001855a3851c0;  1 drivers
v000001855a328f20_0 .net *"_ivl_259", 0 0, L_000001855a385460;  1 drivers
v000001855a329a60_0 .net *"_ivl_261", 0 0, L_000001855a385230;  1 drivers
v000001855a329c40_0 .net *"_ivl_263", 0 0, L_000001855a3853f0;  1 drivers
v000001855a329740_0 .net *"_ivl_27", 0 0, L_000001855a379280;  1 drivers
v000001855a3288e0_0 .net *"_ivl_29", 0 0, L_000001855a379fa0;  1 drivers
v000001855a3294c0_0 .net *"_ivl_31", 0 0, L_000001855a379320;  1 drivers
v000001855a328480_0 .net *"_ivl_33", 0 0, L_000001855a3793c0;  1 drivers
v000001855a327f80_0 .net *"_ivl_35", 0 0, L_000001855a379460;  1 drivers
v000001855a327bc0_0 .net *"_ivl_36", 0 0, L_000001855a3836a0;  1 drivers
v000001855a3299c0_0 .net *"_ivl_38", 0 0, L_000001855a384c10;  1 drivers
v000001855a329560_0 .net *"_ivl_40", 0 0, L_000001855a384ba0;  1 drivers
v000001855a328520_0 .net *"_ivl_42", 0 0, L_000001855a384820;  1 drivers
v000001855a329600_0 .net *"_ivl_47", 0 0, L_000001855a37ab80;  1 drivers
v000001855a329d80_0 .net *"_ivl_49", 0 0, L_000001855a37c5c0;  1 drivers
v000001855a327e40_0 .net *"_ivl_51", 0 0, L_000001855a37bda0;  1 drivers
v000001855a327b20_0 .net *"_ivl_53", 0 0, L_000001855a37bd00;  1 drivers
v000001855a328700_0 .net *"_ivl_55", 0 0, L_000001855a37a4a0;  1 drivers
v000001855a329920_0 .net *"_ivl_57", 0 0, L_000001855a37c340;  1 drivers
v000001855a328fc0_0 .net *"_ivl_59", 0 0, L_000001855a37a860;  1 drivers
L_000001855a32d1a8 .functor BUFT 1, C4<0>, C4<0>, C4<0>, C4<0>;
v000001855a329880_0 .net/2s *"_ivl_6", 0 0, L_000001855a32d1a8;  1 drivers
v000001855a329ce0_0 .net *"_ivl_60", 0 0, L_000001855a384040;  1 drivers
v000001855a329380_0 .net *"_ivl_62", 0 0, L_000001855a384120;  1 drivers
v000001855a3291a0_0 .net *"_ivl_64", 0 0, L_000001855a384e40;  1 drivers
v000001855a328340_0 .net *"_ivl_66", 0 0, L_000001855a384f90;  1 drivers
v000001855a327d00_0 .net *"_ivl_68", 0 0, L_000001855a384270;  1 drivers
v000001855a327c60_0 .net *"_ivl_70", 0 0, L_000001855a384430;  1 drivers
v000001855a3282a0_0 .net *"_ivl_75", 0 0, L_000001855a37bc60;  1 drivers
v000001855a327da0_0 .net *"_ivl_77", 0 0, L_000001855a37a7c0;  1 drivers
v000001855a328de0_0 .net *"_ivl_79", 0 0, L_000001855a37b580;  1 drivers
v000001855a328020_0 .net *"_ivl_81", 0 0, L_000001855a37be40;  1 drivers
v000001855a328ca0_0 .net *"_ivl_83", 0 0, L_000001855a37bf80;  1 drivers
v000001855a328ac0_0 .net *"_ivl_85", 0 0, L_000001855a37a9a0;  1 drivers
v000001855a329e20_0 .net *"_ivl_87", 0 0, L_000001855a37c480;  1 drivers
v000001855a329ec0_0 .net *"_ivl_89", 0 0, L_000001855a37a540;  1 drivers
v000001855a32a000_0 .net *"_ivl_91", 0 0, L_000001855a37b4e0;  1 drivers
v000001855a329240_0 .net *"_ivl_92", 0 0, L_000001855a3850e0;  1 drivers
v000001855a3296a0_0 .net *"_ivl_94", 0 0, L_000001855a384510;  1 drivers
v000001855a3297e0_0 .net *"_ivl_96", 0 0, L_000001855a383d30;  1 drivers
v000001855a329f60_0 .net *"_ivl_98", 0 0, L_000001855a383da0;  1 drivers
v000001855a327ee0_0 .net "c", 8 0, L_000001855a37aae0;  1 drivers
v000001855a328980_0 .var "carry_out", 0 0;
v000001855a3280c0_0 .net "clock", 0 0, o000001855a2f1858;  alias, 0 drivers
v000001855a3287a0_0 .net "enable", 0 0, L_000001855a37c660;  alias, 1 drivers
v000001855a32a0a0_0 .net "g", 7 0, L_000001855a3843c0;  1 drivers
v000001855a328d40_0 .net "in1", 7 0, o000001855a2f18e8;  alias, 0 drivers
v000001855a327940_0 .net "in2", 7 0, o000001855a2f18e8;  alias, 0 drivers
v000001855a3279e0_0 .net "p", 7 0, L_000001855a385150;  1 drivers
v000001855a328160_0 .var "sum_output", 7 0;
L_000001855a3791e0 .part L_000001855a3843c0, 0, 1;
L_000001855a379aa0 .part L_000001855a3843c0, 1, 1;
L_000001855a379f00 .part L_000001855a385150, 1, 1;
L_000001855a377a20 .part L_000001855a3843c0, 0, 1;
L_000001855a379280 .part L_000001855a3843c0, 2, 1;
L_000001855a379fa0 .part L_000001855a385150, 2, 1;
L_000001855a379320 .part L_000001855a3843c0, 1, 1;
L_000001855a3793c0 .part L_000001855a385150, 1, 1;
L_000001855a379460 .part L_000001855a3843c0, 0, 1;
L_000001855a37ab80 .part L_000001855a3843c0, 3, 1;
L_000001855a37c5c0 .part L_000001855a385150, 3, 1;
L_000001855a37bda0 .part L_000001855a3843c0, 2, 1;
L_000001855a37bd00 .part L_000001855a385150, 2, 1;
L_000001855a37a4a0 .part L_000001855a3843c0, 1, 1;
L_000001855a37c340 .part L_000001855a385150, 1, 1;
L_000001855a37a860 .part L_000001855a3843c0, 0, 1;
L_000001855a37bc60 .part L_000001855a3843c0, 4, 1;
L_000001855a37a7c0 .part L_000001855a385150, 4, 1;
L_000001855a37b580 .part L_000001855a3843c0, 3, 1;
L_000001855a37be40 .part L_000001855a385150, 3, 1;
L_000001855a37bf80 .part L_000001855a3843c0, 2, 1;
L_000001855a37a9a0 .part L_000001855a385150, 2, 1;
L_000001855a37c480 .part L_000001855a3843c0, 1, 1;
L_000001855a37a540 .part L_000001855a385150, 1, 1;
L_000001855a37b4e0 .part L_000001855a3843c0, 0, 1;
L_000001855a37a5e0 .part L_000001855a3843c0, 5, 1;
L_000001855a37ad60 .part L_000001855a385150, 5, 1;
L_000001855a37a220 .part L_000001855a3843c0, 4, 1;
L_000001855a37ae00 .part L_000001855a385150, 4, 1;
L_000001855a37b800 .part L_000001855a3843c0, 3, 1;
L_000001855a37a2c0 .part L_000001855a385150, 3, 1;
L_000001855a37bee0 .part L_000001855a3843c0, 2, 1;
L_000001855a37bb20 .part L_000001855a385150, 2, 1;
L_000001855a37a680 .part L_000001855a3843c0, 1, 1;
L_000001855a37bbc0 .part L_000001855a385150, 1, 1;
L_000001855a37afe0 .part L_000001855a3843c0, 0, 1;
L_000001855a37ac20 .part L_000001855a3843c0, 6, 1;
L_000001855a37aea0 .part L_000001855a385150, 6, 1;
L_000001855a37aa40 .part L_000001855a3843c0, 5, 1;
L_000001855a37b6c0 .part L_000001855a385150, 5, 1;
L_000001855a37b260 .part L_000001855a3843c0, 4, 1;
L_000001855a37c8e0 .part L_000001855a385150, 4, 1;
L_000001855a37af40 .part L_000001855a3843c0, 3, 1;
L_000001855a37b620 .part L_000001855a385150, 3, 1;
L_000001855a37b940 .part L_000001855a3843c0, 2, 1;
L_000001855a37c3e0 .part L_000001855a385150, 2, 1;
L_000001855a37b080 .part L_000001855a3843c0, 1, 1;
L_000001855a37b8a0 .part L_000001855a385150, 1, 1;
L_000001855a37c2a0 .part L_000001855a3843c0, 0, 1;
LS_000001855a37aae0_0_0 .concat8 [ 1 1 1 1], L_000001855a32d1a8, L_000001855a3791e0, L_000001855a383b70, L_000001855a384820;
LS_000001855a37aae0_0_4 .concat8 [ 1 1 1 1], L_000001855a384430, L_000001855a384190, L_000001855a3846d0, L_000001855a384b30;
LS_000001855a37aae0_0_8 .concat8 [ 1 0 0 0], L_000001855a3853f0;
L_000001855a37aae0 .concat8 [ 4 4 1 0], LS_000001855a37aae0_0_0, LS_000001855a37aae0_0_4, LS_000001855a37aae0_0_8;
L_000001855a37c020 .part L_000001855a3843c0, 7, 1;
L_000001855a37b9e0 .part L_000001855a385150, 7, 1;
L_000001855a37b760 .part L_000001855a3843c0, 6, 1;
L_000001855a37b120 .part L_000001855a385150, 6, 1;
L_000001855a37a720 .part L_000001855a3843c0, 5, 1;
L_000001855a37ba80 .part L_000001855a385150, 5, 1;
L_000001855a37c520 .part L_000001855a3843c0, 4, 1;
L_000001855a37c0c0 .part L_000001855a385150, 4, 1;
L_000001855a37c160 .part L_000001855a3843c0, 3, 1;
L_000001855a37acc0 .part L_000001855a385150, 3, 1;
L_000001855a37a400 .part L_000001855a3843c0, 2, 1;
L_000001855a37c840 .part L_000001855a385150, 2, 1;
L_000001855a37b1c0 .part L_000001855a3843c0, 1, 1;
L_000001855a37a180 .part L_000001855a385150, 1, 1;
L_000001855a37c200 .part L_000001855a3843c0, 0, 1;
S_000001855a19b460 .scope module, "M5" "right_shift" 2 181, 2 31 0, S_000001855a1b2a70;
 .timescale 0 0;
    .port_info 0 /INPUT 8 "in1";
    .port_info 1 /INPUT 8 "in2";
    .port_info 2 /INPUT 1 "enable";
    .port_info 3 /OUTPUT 8 "out";
    .port_info 4 /INPUT 1 "clock";
v000001855a328c00_0 .net "clock", 0 0, o000001855a2f1858;  alias, 0 drivers
v000001855a329060_0 .net "enable", 0 0, L_000001855a37a360;  1 drivers
v000001855a329100_0 .net "in1", 7 0, o000001855a2f18e8;  alias, 0 drivers
v000001855a3292e0_0 .net "in2", 7 0, o000001855a2f1918;  alias, 0 drivers
v000001855a32a1e0_0 .var "out", 7 0;
S_000001855a19b5f0 .scope module, "M6" "and_op" 2 182, 2 45 0, S_000001855a1b2a70;
 .timescale 0 0;
    .port_info 0 /INPUT 8 "in1";
    .port_info 1 /INPUT 8 "in2";
    .port_info 2 /INPUT 1 "enable";
    .port_info 3 /OUTPUT 8 "out";
    .port_info 4 /INPUT 1 "clock";
v000001855a32a780_0 .net "clock", 0 0, o000001855a2f1858;  alias, 0 drivers
v000001855a32aaa0_0 .net "enable", 0 0, L_000001855a37a900;  1 drivers
v000001855a32ad20_0 .net "in1", 7 0, o000001855a2f18e8;  alias, 0 drivers
v000001855a32b0e0_0 .net "in2", 7 0, o000001855a2f1918;  alias, 0 drivers
v000001855a32a280_0 .var "out", 7 0;
S_000001855a1aeae0 .scope module, "M7" "not_op" 2 183, 2 73 0, S_000001855a1b2a70;
 .timescale 0 0;
    .port_info 0 /INPUT 8 "in1";
    .port_info 1 /INPUT 8 "in2";
    .port_info 2 /INPUT 1 "enable";
    .port_info 3 /OUTPUT 8 "out";
    .port_info 4 /INPUT 1 "clock";
v000001855a32a500_0 .net "clock", 0 0, o000001855a2f1858;  alias, 0 drivers
v000001855a32a820_0 .net "enable", 0 0, L_000001855a37b300;  1 drivers
v000001855a32a960_0 .net "in1", 7 0, o000001855a2f18e8;  alias, 0 drivers
v000001855a32b180_0 .net "in2", 7 0, o000001855a2f1918;  alias, 0 drivers
v000001855a32af00_0 .var "out", 7 0;
S_000001855a195eb0 .scope module, "M8" "or_op" 2 184, 2 59 0, S_000001855a1b2a70;
 .timescale 0 0;
    .port_info 0 /INPUT 8 "in1";
    .port_info 1 /INPUT 8 "in2";
    .port_info 2 /INPUT 1 "enable";
    .port_info 3 /OUTPUT 8 "out";
    .port_info 4 /INPUT 1 "clock";
v000001855a32ab40_0 .net "clock", 0 0, o000001855a2f1858;  alias, 0 drivers
v000001855a32aa00_0 .net "enable", 0 0, L_000001855a37c700;  1 drivers
v000001855a32abe0_0 .net "in1", 7 0, o000001855a2f18e8;  alias, 0 drivers
v000001855a32ac80_0 .net "in2", 7 0, o000001855a2f1918;  alias, 0 drivers
v000001855a32a5a0_0 .var "out", 7 0;
    .scope S_000001855a1b2c00;
T_0 ;
    %wait E_000001855a20f6b0;
    %load/vec4 v000001855a21e500_0;
    %dup/vec4;
    %pushi/vec4 0, 0, 3;
    %cmp/u;
    %jmp/1 T_0.0, 6;
    %dup/vec4;
    %pushi/vec4 1, 0, 3;
    %cmp/u;
    %jmp/1 T_0.1, 6;
    %dup/vec4;
    %pushi/vec4 2, 0, 3;
    %cmp/u;
    %jmp/1 T_0.2, 6;
    %dup/vec4;
    %pushi/vec4 3, 0, 3;
    %cmp/u;
    %jmp/1 T_0.3, 6;
    %dup/vec4;
    %pushi/vec4 4, 0, 3;
    %cmp/u;
    %jmp/1 T_0.4, 6;
    %dup/vec4;
    %pushi/vec4 5, 0, 3;
    %cmp/u;
    %jmp/1 T_0.5, 6;
    %dup/vec4;
    %pushi/vec4 6, 0, 3;
    %cmp/u;
    %jmp/1 T_0.6, 6;
    %dup/vec4;
    %pushi/vec4 7, 0, 3;
    %cmp/u;
    %jmp/1 T_0.7, 6;
    %jmp T_0.8;
T_0.0 ;
    %pushi/vec4 1, 0, 8;
    %store/vec4 v000001855a21f040_0, 0, 8;
    %jmp T_0.8;
T_0.1 ;
    %pushi/vec4 2, 0, 8;
    %store/vec4 v000001855a21f040_0, 0, 8;
    %jmp T_0.8;
T_0.2 ;
    %pushi/vec4 4, 0, 8;
    %store/vec4 v000001855a21f040_0, 0, 8;
    %jmp T_0.8;
T_0.3 ;
    %pushi/vec4 8, 0, 8;
    %store/vec4 v000001855a21f040_0, 0, 8;
    %jmp T_0.8;
T_0.4 ;
    %pushi/vec4 16, 0, 8;
    %store/vec4 v000001855a21f040_0, 0, 8;
    %jmp T_0.8;
T_0.5 ;
    %pushi/vec4 32, 0, 8;
    %store/vec4 v000001855a21f040_0, 0, 8;
    %jmp T_0.8;
T_0.6 ;
    %pushi/vec4 64, 0, 8;
    %store/vec4 v000001855a21f040_0, 0, 8;
    %jmp T_0.8;
T_0.7 ;
    %pushi/vec4 128, 0, 8;
    %store/vec4 v000001855a21f040_0, 0, 8;
    %jmp T_0.8;
T_0.8 ;
    %pop/vec4 1;
    %jmp T_0;
    .thread T_0, $push;
    .scope S_000001855a2ed720;
T_1 ;
    %wait E_000001855a20f4b0;
    %load/vec4 v000001855a248c40_0;
    %flag_set/vec4 8;
    %jmp/0xz  T_1.0, 8;
    %load/vec4 v000001855a249a00_0;
    %load/vec4 v000001855a248b00_0;
    %parti/s 8, 0, 2;
    %xor;
    %assign/vec4 v000001855a2495a0_0, 0;
    %load/vec4 v000001855a248b00_0;
    %parti/s 1, 8, 5;
    %assign/vec4 v000001855a249140_0, 0;
    %jmp T_1.1;
T_1.0 ;
    %pushi/vec4 0, 255, 8;
    %store/vec4 v000001855a2495a0_0, 0, 8;
T_1.1 ;
    %pushi/vec4 0, 1, 1;
    %store/vec4 v000001855a249140_0, 0, 1;
    %jmp T_1;
    .thread T_1;
    .scope S_000001855a19bd40;
T_2 ;
    %wait E_000001855a20f4b0;
    %load/vec4 v000001855a324ae0_0;
    %inv;
    %addi 1, 0, 8;
    %store/vec4 v000001855a324b80_0, 0, 8;
    %jmp T_2;
    .thread T_2;
    .scope S_000001855a2eda40;
T_3 ;
    %wait E_000001855a20f4b0;
    %load/vec4 v000001855a323b40_0;
    %flag_set/vec4 8;
    %jmp/0xz  T_3.0, 8;
    %load/vec4 v000001855a323be0_0;
    %load/vec4 v000001855a324900_0;
    %parti/s 8, 0, 2;
    %xor;
    %assign/vec4 v000001855a324540_0, 0;
    %load/vec4 v000001855a324900_0;
    %parti/s 1, 8, 5;
    %assign/vec4 v000001855a3230a0_0, 0;
    %jmp T_3.1;
T_3.0 ;
    %pushi/vec4 0, 255, 8;
    %store/vec4 v000001855a324540_0, 0, 8;
T_3.1 ;
    %pushi/vec4 0, 1, 1;
    %store/vec4 v000001855a3230a0_0, 0, 1;
    %jmp T_3;
    .thread T_3;
    .scope S_000001855a19bed0;
T_4 ;
    %wait E_000001855a20f4b0;
    %load/vec4 v000001855a324f40_0;
    %flag_set/vec4 8;
    %jmp/0xz  T_4.0, 8;
    %load/vec4 v000001855a3247c0_0;
    %store/vec4 v000001855a3233c0_0, 0, 8;
    %jmp T_4.1;
T_4.0 ;
    %pushi/vec4 0, 255, 8;
    %store/vec4 v000001855a3233c0_0, 0, 8;
T_4.1 ;
    %jmp T_4;
    .thread T_4;
    .scope S_000001855a19b2d0;
T_5 ;
    %wait E_000001855a20f4b0;
    %load/vec4 v000001855a3287a0_0;
    %flag_set/vec4 8;
    %jmp/0xz  T_5.0, 8;
    %load/vec4 v000001855a3279e0_0;
    %load/vec4 v000001855a327ee0_0;
    %parti/s 8, 0, 2;
    %xor;
    %assign/vec4 v000001855a328160_0, 0;
    %load/vec4 v000001855a327ee0_0;
    %parti/s 1, 8, 5;
    %assign/vec4 v000001855a328980_0, 0;
    %jmp T_5.1;
T_5.0 ;
    %pushi/vec4 0, 255, 8;
    %store/vec4 v000001855a328160_0, 0, 8;
T_5.1 ;
    %pushi/vec4 0, 1, 1;
    %store/vec4 v000001855a328980_0, 0, 1;
    %jmp T_5;
    .thread T_5;
    .scope S_000001855a19b460;
T_6 ;
    %wait E_000001855a20f4b0;
    %load/vec4 v000001855a329060_0;
    %flag_set/vec4 8;
    %jmp/0xz  T_6.0, 8;
    %load/vec4 v000001855a329100_0;
    %ix/load 4, 1, 0;
    %flag_set/imm 4, 0;
    %shiftr 4;
    %store/vec4 v000001855a32a1e0_0, 0, 8;
    %jmp T_6.1;
T_6.0 ;
    %pushi/vec4 0, 255, 8;
    %store/vec4 v000001855a32a1e0_0, 0, 8;
T_6.1 ;
    %jmp T_6;
    .thread T_6;
    .scope S_000001855a19b5f0;
T_7 ;
    %wait E_000001855a20f4b0;
    %load/vec4 v000001855a32aaa0_0;
    %flag_set/vec4 8;
    %jmp/0xz  T_7.0, 8;
    %load/vec4 v000001855a32ad20_0;
    %load/vec4 v000001855a32b0e0_0;
    %and;
    %store/vec4 v000001855a32a280_0, 0, 8;
    %jmp T_7.1;
T_7.0 ;
    %pushi/vec4 0, 255, 8;
    %store/vec4 v000001855a32a280_0, 0, 8;
T_7.1 ;
    %jmp T_7;
    .thread T_7;
    .scope S_000001855a1aeae0;
T_8 ;
    %wait E_000001855a20f4b0;
    %load/vec4 v000001855a32a820_0;
    %flag_set/vec4 8;
    %jmp/0xz  T_8.0, 8;
    %load/vec4 v000001855a32a960_0;
    %inv;
    %store/vec4 v000001855a32af00_0, 0, 8;
    %jmp T_8.1;
T_8.0 ;
    %pushi/vec4 0, 255, 8;
    %store/vec4 v000001855a32af00_0, 0, 8;
T_8.1 ;
    %jmp T_8;
    .thread T_8;
    .scope S_000001855a195eb0;
T_9 ;
    %wait E_000001855a20f4b0;
    %load/vec4 v000001855a32aa00_0;
    %flag_set/vec4 8;
    %jmp/0xz  T_9.0, 8;
    %load/vec4 v000001855a32abe0_0;
    %load/vec4 v000001855a32ac80_0;
    %or;
    %store/vec4 v000001855a32a5a0_0, 0, 8;
    %jmp T_9.1;
T_9.0 ;
    %pushi/vec4 0, 255, 8;
    %store/vec4 v000001855a32a5a0_0, 0, 8;
T_9.1 ;
    %jmp T_9;
    .thread T_9;
# The file index is used to find the file name in the following table.
:file_names 3;
    "N/A";
    "<interactive>";
    "Q1.v";
