#! /c/Source/iverilog-install/bin/vvp
:ivl_version "12.0 (devel)" "(s20150603-1110-g18392a46)";
:ivl_delay_selection "TYPICAL";
:vpi_time_precision + 0;
:vpi_module "C:\iverilog\lib\ivl\system.vpi";
:vpi_module "C:\iverilog\lib\ivl\vhdl_sys.vpi";
:vpi_module "C:\iverilog\lib\ivl\vhdl_textio.vpi";
:vpi_module "C:\iverilog\lib\ivl\v2005_math.vpi";
:vpi_module "C:\iverilog\lib\ivl\va_math.vpi";
S_000001d00ce3ba20 .scope module, "testbench" "testbench" 2 1;
 .timescale 0 0;
v000001d00cf572a0_0 .var "clk", 0 0;
v000001d00cf56940_0 .var "in1", 7 0;
v000001d00cf561c0_0 .var "in2", 7 0;
RS_000001d00cee4478 .resolv tri, v000001d00cf3d1e0_0, v000001d00cf40ec0_0, v000001d00cf4b7f0_0, v000001d00cf55fe0_0, v000001d00cf56d00_0, v000001d00cf56e40_0, v000001d00cf57ca0_0, v000001d00cf58060_0;
v000001d00cf57340_0 .net8 "out", 7 0, RS_000001d00cee4478;  8 drivers
v000001d00cf56580_0 .var "sel", 2 0;
S_000001d00ce3bbb0 .scope module, "M1" "top_module" 2 11, 2 208 0, S_000001d00ce3ba20;
 .timescale 0 0;
    .port_info 0 /INPUT 8 "in1";
    .port_info 1 /INPUT 8 "in2";
    .port_info 2 /INPUT 3 "sel";
    .port_info 3 /OUTPUT 8 "out";
    .port_info 4 /INPUT 1 "clock";
v000001d00cf57a20_0 .net "carry_out", 0 0, v000001d00cf37010_0;  1 drivers
v000001d00cf578e0_0 .net "clock", 0 0, v000001d00cf572a0_0;  1 drivers
v000001d00cf57700_0 .net "enable", 7 0, v000001d00cebbbc0_0;  1 drivers
v000001d00cf56260_0 .net "in1", 7 0, v000001d00cf56940_0;  1 drivers
v000001d00cf570c0_0 .net "in2", 7 0, v000001d00cf561c0_0;  1 drivers
v000001d00cf57200_0 .net8 "out", 7 0, RS_000001d00cee4478;  alias, 8 drivers
v000001d00cf55b80_0 .net "sel", 2 0, v000001d00cf56580_0;  1 drivers
L_000001d00cf59aa0 .part v000001d00cebbbc0_0, 0, 1;
L_000001d00cfafd60 .part v000001d00cebbbc0_0, 1, 1;
L_000001d00cfaf220 .part v000001d00cebbbc0_0, 2, 1;
L_000001d00cfb3140 .part v000001d00cebbbc0_0, 3, 1;
L_000001d00cfb33c0 .part v000001d00cebbbc0_0, 4, 1;
L_000001d00cfb2a60 .part v000001d00cebbbc0_0, 5, 1;
L_000001d00cfb31e0 .part v000001d00cebbbc0_0, 6, 1;
L_000001d00cfb1480 .part v000001d00cebbbc0_0, 7, 1;
S_000001d00ce3bd40 .scope module, "M" "my_decoder" 2 215, 2 189 0, S_000001d00ce3bbb0;
 .timescale 0 0;
    .port_info 0 /INPUT 3 "inp";
    .port_info 1 /OUTPUT 8 "outp";
v000001d00cebbe40_0 .net "inp", 2 0, v000001d00cf56580_0;  alias, 1 drivers
v000001d00cebbbc0_0 .var "outp", 7 0;
E_000001d00cec4f00 .event anyedge, v000001d00cebbe40_0;
S_000001d00ce1a570 .scope module, "M1" "cla" 2 216, 2 120 0, S_000001d00ce3bbb0;
 .timescale 0 0;
    .port_info 0 /INPUT 8 "in1";
    .port_info 1 /INPUT 8 "in2";
    .port_info 2 /OUTPUT 1 "carry_out";
    .port_info 3 /INPUT 1 "enable";
    .port_info 4 /INPUT 1 "clock";
    .port_info 5 /OUTPUT 8 "sum_output";
L_000001d00ceda780 .functor XOR 8, v000001d00cf56940_0, v000001d00cf561c0_0, C4<00000000>, C4<00000000>;
L_000001d00cedad30 .functor AND 8, v000001d00cf56940_0, v000001d00cf561c0_0, C4<11111111>, C4<11111111>;
L_000001d00ceda9b0 .functor AND 1, L_000001d00cf57d40, L_000001d00cf57480, C4<1>, C4<1>;
L_000001d00cedae80 .functor OR 1, L_000001d00cf573e0, L_000001d00ceda9b0, C4<0>, C4<0>;
L_000001d00ceda710 .functor AND 1, L_000001d00cf55e00, L_000001d00cf57f20, C4<1>, C4<1>;
L_000001d00ceda6a0 .functor OR 1, L_000001d00cf56300, L_000001d00ceda710, C4<0>, C4<0>;
L_000001d00cedafd0 .functor AND 1, L_000001d00cf57e80, L_000001d00ceda6a0, C4<1>, C4<1>;
L_000001d00cedaa20 .functor OR 1, L_000001d00cf57de0, L_000001d00cedafd0, C4<0>, C4<0>;
L_000001d00ceda240 .functor AND 1, L_000001d00cf55900, L_000001d00cf56620, C4<1>, C4<1>;
L_000001d00ceda160 .functor OR 1, L_000001d00cf563a0, L_000001d00ceda240, C4<0>, C4<0>;
L_000001d00ceda630 .functor AND 1, L_000001d00cf55d60, L_000001d00ceda160, C4<1>, C4<1>;
L_000001d00ceda2b0 .functor OR 1, L_000001d00cf55cc0, L_000001d00ceda630, C4<0>, C4<0>;
L_000001d00ceda320 .functor AND 1, L_000001d00cf57fc0, L_000001d00ceda2b0, C4<1>, C4<1>;
L_000001d00ceda7f0 .functor OR 1, L_000001d00cf55c20, L_000001d00ceda320, C4<0>, C4<0>;
L_000001d00ceda390 .functor AND 1, L_000001d00cf58e20, L_000001d00cf5a360, C4<1>, C4<1>;
L_000001d00ceda860 .functor OR 1, L_000001d00cf581a0, L_000001d00ceda390, C4<0>, C4<0>;
L_000001d00cedaa90 .functor AND 1, L_000001d00cf59780, L_000001d00ceda860, C4<1>, C4<1>;
L_000001d00ceda400 .functor OR 1, L_000001d00cf59460, L_000001d00cedaa90, C4<0>, C4<0>;
L_000001d00ceda4e0 .functor AND 1, L_000001d00cf58ec0, L_000001d00ceda400, C4<1>, C4<1>;
L_000001d00ceda5c0 .functor OR 1, L_000001d00cf59820, L_000001d00ceda4e0, C4<0>, C4<0>;
L_000001d00cea11d0 .functor AND 1, L_000001d00cf58240, L_000001d00ceda5c0, C4<1>, C4<1>;
L_000001d00cea1400 .functor OR 1, L_000001d00cf56760, L_000001d00cea11d0, C4<0>, C4<0>;
L_000001d00ce77cb0 .functor AND 1, L_000001d00cf591e0, L_000001d00cf59e60, C4<1>, C4<1>;
L_000001d00cfa7fc0 .functor OR 1, L_000001d00cf59c80, L_000001d00ce77cb0, C4<0>, C4<0>;
L_000001d00cfa7e00 .functor AND 1, L_000001d00cf587e0, L_000001d00cfa7fc0, C4<1>, C4<1>;
L_000001d00cfa7f50 .functor OR 1, L_000001d00cf5a860, L_000001d00cfa7e00, C4<0>, C4<0>;
L_000001d00cfa7e70 .functor AND 1, L_000001d00cf590a0, L_000001d00cfa7f50, C4<1>, C4<1>;
L_000001d00cfa7ee0 .functor OR 1, L_000001d00cf58880, L_000001d00cfa7e70, C4<0>, C4<0>;
L_000001d00cfa8030 .functor AND 1, L_000001d00cf595a0, L_000001d00cfa7ee0, C4<1>, C4<1>;
L_000001d00cfa7d20 .functor OR 1, L_000001d00cf589c0, L_000001d00cfa8030, C4<0>, C4<0>;
L_000001d00cfa7d90 .functor AND 1, L_000001d00cf582e0, L_000001d00cfa7d20, C4<1>, C4<1>;
L_000001d00cfa7af0 .functor OR 1, L_000001d00cf58f60, L_000001d00cfa7d90, C4<0>, C4<0>;
L_000001d00cfa7690 .functor AND 1, L_000001d00cf59280, L_000001d00cf5a400, C4<1>, C4<1>;
L_000001d00cfa7150 .functor OR 1, L_000001d00cf58c40, L_000001d00cfa7690, C4<0>, C4<0>;
L_000001d00cfa7620 .functor AND 1, L_000001d00cf58b00, L_000001d00cfa7150, C4<1>, C4<1>;
L_000001d00cfa6580 .functor OR 1, L_000001d00cf59320, L_000001d00cfa7620, C4<0>, C4<0>;
L_000001d00cfa78c0 .functor AND 1, L_000001d00cf59d20, L_000001d00cfa6580, C4<1>, C4<1>;
L_000001d00cfa65f0 .functor OR 1, L_000001d00cf59be0, L_000001d00cfa78c0, C4<0>, C4<0>;
L_000001d00cfa7930 .functor AND 1, L_000001d00cf5a540, L_000001d00cfa65f0, C4<1>, C4<1>;
L_000001d00cfa70e0 .functor OR 1, L_000001d00cf59500, L_000001d00cfa7930, C4<0>, C4<0>;
L_000001d00cfa7000 .functor AND 1, L_000001d00cf5a040, L_000001d00cfa70e0, C4<1>, C4<1>;
L_000001d00cfa62e0 .functor OR 1, L_000001d00cf58920, L_000001d00cfa7000, C4<0>, C4<0>;
L_000001d00cfa6cf0 .functor AND 1, L_000001d00cf58380, L_000001d00cfa62e0, C4<1>, C4<1>;
L_000001d00cfa7b60 .functor OR 1, L_000001d00cf5a180, L_000001d00cfa6cf0, C4<0>, C4<0>;
L_000001d00cfa6270 .functor AND 1, L_000001d00cf5a5e0, L_000001d00cf58ce0, C4<1>, C4<1>;
L_000001d00cfa6c10 .functor OR 1, L_000001d00cf5a4a0, L_000001d00cfa6270, C4<0>, C4<0>;
L_000001d00cfa6430 .functor AND 1, L_000001d00cf59960, L_000001d00cfa6c10, C4<1>, C4<1>;
L_000001d00cfa79a0 .functor OR 1, L_000001d00cf59dc0, L_000001d00cfa6430, C4<0>, C4<0>;
L_000001d00cfa7070 .functor AND 1, L_000001d00cf596e0, L_000001d00cfa79a0, C4<1>, C4<1>;
L_000001d00cfa6350 .functor OR 1, L_000001d00cf59a00, L_000001d00cfa7070, C4<0>, C4<0>;
L_000001d00cfa6900 .functor AND 1, L_000001d00cf586a0, L_000001d00cfa6350, C4<1>, C4<1>;
L_000001d00cfa75b0 .functor OR 1, L_000001d00cf5a2c0, L_000001d00cfa6900, C4<0>, C4<0>;
L_000001d00cfa6eb0 .functor AND 1, L_000001d00cf59640, L_000001d00cfa75b0, C4<1>, C4<1>;
L_000001d00cfa71c0 .functor OR 1, L_000001d00cf58600, L_000001d00cfa6eb0, C4<0>, C4<0>;
L_000001d00cfa6d60 .functor AND 1, L_000001d00cf58420, L_000001d00cfa71c0, C4<1>, C4<1>;
L_000001d00cfa63c0 .functor OR 1, L_000001d00cf598c0, L_000001d00cfa6d60, C4<0>, C4<0>;
L_000001d00cfa7700 .functor AND 1, L_000001d00cf5a220, L_000001d00cfa63c0, C4<1>, C4<1>;
L_000001d00cfa7770 .functor OR 1, L_000001d00cf593c0, L_000001d00cfa7700, C4<0>, C4<0>;
v000001d00cebad60_0 .net *"_ivl_100", 0 0, L_000001d00ceda4e0;  1 drivers
v000001d00cebb580_0 .net *"_ivl_102", 0 0, L_000001d00ceda5c0;  1 drivers
v000001d00cebc160_0 .net *"_ivl_104", 0 0, L_000001d00cea11d0;  1 drivers
v000001d00cebbf80_0 .net *"_ivl_106", 0 0, L_000001d00cea1400;  1 drivers
v000001d00cebc020_0 .net *"_ivl_11", 0 0, L_000001d00cf577a0;  1 drivers
v000001d00cebb620_0 .net *"_ivl_111", 0 0, L_000001d00cf58f60;  1 drivers
v000001d00cebbd00_0 .net *"_ivl_113", 0 0, L_000001d00cf582e0;  1 drivers
v000001d00cebb1c0_0 .net *"_ivl_115", 0 0, L_000001d00cf589c0;  1 drivers
v000001d00cebb3a0_0 .net *"_ivl_117", 0 0, L_000001d00cf595a0;  1 drivers
v000001d00cebbb20_0 .net *"_ivl_119", 0 0, L_000001d00cf58880;  1 drivers
v000001d00cebb760_0 .net *"_ivl_121", 0 0, L_000001d00cf590a0;  1 drivers
v000001d00cebb800_0 .net *"_ivl_123", 0 0, L_000001d00cf5a860;  1 drivers
v000001d00cebb8a0_0 .net *"_ivl_125", 0 0, L_000001d00cf587e0;  1 drivers
v000001d00cebba80_0 .net *"_ivl_127", 0 0, L_000001d00cf59c80;  1 drivers
v000001d00ceb1d20_0 .net *"_ivl_129", 0 0, L_000001d00cf591e0;  1 drivers
v000001d00ceb1820_0 .net *"_ivl_131", 0 0, L_000001d00cf59e60;  1 drivers
v000001d00ceb1960_0 .net *"_ivl_132", 0 0, L_000001d00ce77cb0;  1 drivers
v000001d00ceb06a0_0 .net *"_ivl_134", 0 0, L_000001d00cfa7fc0;  1 drivers
v000001d00ceb0b00_0 .net *"_ivl_136", 0 0, L_000001d00cfa7e00;  1 drivers
v000001d00ceafe80_0 .net *"_ivl_138", 0 0, L_000001d00cfa7f50;  1 drivers
v000001d00ce917d0_0 .net *"_ivl_140", 0 0, L_000001d00cfa7e70;  1 drivers
v000001d00ce7f910_0 .net *"_ivl_142", 0 0, L_000001d00cfa7ee0;  1 drivers
v000001d00ce64c70_0 .net *"_ivl_144", 0 0, L_000001d00cfa8030;  1 drivers
v000001d00cf39bd0_0 .net *"_ivl_146", 0 0, L_000001d00cfa7d20;  1 drivers
v000001d00cf38ff0_0 .net *"_ivl_148", 0 0, L_000001d00cfa7d90;  1 drivers
v000001d00cf39b30_0 .net *"_ivl_15", 0 0, L_000001d00cf573e0;  1 drivers
v000001d00cf389b0_0 .net *"_ivl_150", 0 0, L_000001d00cfa7af0;  1 drivers
v000001d00cf38d70_0 .net *"_ivl_155", 0 0, L_000001d00cf5a180;  1 drivers
v000001d00cf39db0_0 .net *"_ivl_157", 0 0, L_000001d00cf58380;  1 drivers
v000001d00cf39310_0 .net *"_ivl_159", 0 0, L_000001d00cf58920;  1 drivers
v000001d00cf39090_0 .net *"_ivl_161", 0 0, L_000001d00cf5a040;  1 drivers
v000001d00cf39130_0 .net *"_ivl_163", 0 0, L_000001d00cf59500;  1 drivers
v000001d00cf391d0_0 .net *"_ivl_165", 0 0, L_000001d00cf5a540;  1 drivers
v000001d00cf398b0_0 .net *"_ivl_167", 0 0, L_000001d00cf59be0;  1 drivers
v000001d00cf39c70_0 .net *"_ivl_169", 0 0, L_000001d00cf59d20;  1 drivers
v000001d00cf393b0_0 .net *"_ivl_17", 0 0, L_000001d00cf57d40;  1 drivers
v000001d00cf399f0_0 .net *"_ivl_171", 0 0, L_000001d00cf59320;  1 drivers
v000001d00cf38a50_0 .net *"_ivl_173", 0 0, L_000001d00cf58b00;  1 drivers
v000001d00cf39450_0 .net *"_ivl_175", 0 0, L_000001d00cf58c40;  1 drivers
v000001d00cf39d10_0 .net *"_ivl_177", 0 0, L_000001d00cf59280;  1 drivers
v000001d00cf38e10_0 .net *"_ivl_179", 0 0, L_000001d00cf5a400;  1 drivers
v000001d00cf39270_0 .net *"_ivl_180", 0 0, L_000001d00cfa7690;  1 drivers
v000001d00cf394f0_0 .net *"_ivl_182", 0 0, L_000001d00cfa7150;  1 drivers
v000001d00cf39e50_0 .net *"_ivl_184", 0 0, L_000001d00cfa7620;  1 drivers
v000001d00cf39810_0 .net *"_ivl_186", 0 0, L_000001d00cfa6580;  1 drivers
v000001d00cf38af0_0 .net *"_ivl_188", 0 0, L_000001d00cfa78c0;  1 drivers
v000001d00cf38870_0 .net *"_ivl_19", 0 0, L_000001d00cf57480;  1 drivers
v000001d00cf396d0_0 .net *"_ivl_190", 0 0, L_000001d00cfa65f0;  1 drivers
v000001d00cf39950_0 .net *"_ivl_192", 0 0, L_000001d00cfa7930;  1 drivers
v000001d00cf39ef0_0 .net *"_ivl_194", 0 0, L_000001d00cfa70e0;  1 drivers
v000001d00cf38910_0 .net *"_ivl_196", 0 0, L_000001d00cfa7000;  1 drivers
v000001d00cf39590_0 .net *"_ivl_198", 0 0, L_000001d00cfa62e0;  1 drivers
v000001d00cf39a90_0 .net *"_ivl_20", 0 0, L_000001d00ceda9b0;  1 drivers
v000001d00cf39630_0 .net *"_ivl_200", 0 0, L_000001d00cfa6cf0;  1 drivers
v000001d00cf38b90_0 .net *"_ivl_202", 0 0, L_000001d00cfa7b60;  1 drivers
v000001d00cf39770_0 .net *"_ivl_208", 0 0, L_000001d00cf593c0;  1 drivers
v000001d00cf38c30_0 .net *"_ivl_210", 0 0, L_000001d00cf5a220;  1 drivers
v000001d00cf38eb0_0 .net *"_ivl_212", 0 0, L_000001d00cf598c0;  1 drivers
v000001d00cf38cd0_0 .net *"_ivl_214", 0 0, L_000001d00cf58420;  1 drivers
v000001d00cf38f50_0 .net *"_ivl_216", 0 0, L_000001d00cf58600;  1 drivers
v000001d00cf37650_0 .net *"_ivl_218", 0 0, L_000001d00cf59640;  1 drivers
v000001d00cf37bf0_0 .net *"_ivl_22", 0 0, L_000001d00cedae80;  1 drivers
v000001d00cf36750_0 .net *"_ivl_220", 0 0, L_000001d00cf5a2c0;  1 drivers
v000001d00cf380f0_0 .net *"_ivl_222", 0 0, L_000001d00cf586a0;  1 drivers
v000001d00cf378d0_0 .net *"_ivl_224", 0 0, L_000001d00cf59a00;  1 drivers
v000001d00cf37fb0_0 .net *"_ivl_226", 0 0, L_000001d00cf596e0;  1 drivers
v000001d00cf376f0_0 .net *"_ivl_228", 0 0, L_000001d00cf59dc0;  1 drivers
v000001d00cf37b50_0 .net *"_ivl_230", 0 0, L_000001d00cf59960;  1 drivers
v000001d00cf37790_0 .net *"_ivl_232", 0 0, L_000001d00cf5a4a0;  1 drivers
v000001d00cf36a70_0 .net *"_ivl_234", 0 0, L_000001d00cf5a5e0;  1 drivers
v000001d00cf385f0_0 .net *"_ivl_236", 0 0, L_000001d00cf58ce0;  1 drivers
v000001d00cf38370_0 .net *"_ivl_237", 0 0, L_000001d00cfa6270;  1 drivers
v000001d00cf37290_0 .net *"_ivl_239", 0 0, L_000001d00cfa6c10;  1 drivers
v000001d00cf38410_0 .net *"_ivl_241", 0 0, L_000001d00cfa6430;  1 drivers
v000001d00cf36430_0 .net *"_ivl_243", 0 0, L_000001d00cfa79a0;  1 drivers
v000001d00cf37e70_0 .net *"_ivl_245", 0 0, L_000001d00cfa7070;  1 drivers
v000001d00cf37510_0 .net *"_ivl_247", 0 0, L_000001d00cfa6350;  1 drivers
v000001d00cf37d30_0 .net *"_ivl_249", 0 0, L_000001d00cfa6900;  1 drivers
v000001d00cf37150_0 .net *"_ivl_251", 0 0, L_000001d00cfa75b0;  1 drivers
v000001d00cf373d0_0 .net *"_ivl_253", 0 0, L_000001d00cfa6eb0;  1 drivers
v000001d00cf367f0_0 .net *"_ivl_255", 0 0, L_000001d00cfa71c0;  1 drivers
v000001d00cf36390_0 .net *"_ivl_257", 0 0, L_000001d00cfa6d60;  1 drivers
v000001d00cf37f10_0 .net *"_ivl_259", 0 0, L_000001d00cfa63c0;  1 drivers
v000001d00cf384b0_0 .net *"_ivl_261", 0 0, L_000001d00cfa7700;  1 drivers
v000001d00cf37470_0 .net *"_ivl_263", 0 0, L_000001d00cfa7770;  1 drivers
v000001d00cf37c90_0 .net *"_ivl_27", 0 0, L_000001d00cf57de0;  1 drivers
v000001d00cf37dd0_0 .net *"_ivl_29", 0 0, L_000001d00cf57e80;  1 drivers
v000001d00cf36250_0 .net *"_ivl_31", 0 0, L_000001d00cf56300;  1 drivers
v000001d00cf38730_0 .net *"_ivl_33", 0 0, L_000001d00cf55e00;  1 drivers
v000001d00cf362f0_0 .net *"_ivl_35", 0 0, L_000001d00cf57f20;  1 drivers
v000001d00cf364d0_0 .net *"_ivl_36", 0 0, L_000001d00ceda710;  1 drivers
v000001d00cf36570_0 .net *"_ivl_38", 0 0, L_000001d00ceda6a0;  1 drivers
v000001d00cf375b0_0 .net *"_ivl_40", 0 0, L_000001d00cedafd0;  1 drivers
v000001d00cf361b0_0 .net *"_ivl_42", 0 0, L_000001d00cedaa20;  1 drivers
v000001d00cf36890_0 .net *"_ivl_47", 0 0, L_000001d00cf55c20;  1 drivers
v000001d00cf38050_0 .net *"_ivl_49", 0 0, L_000001d00cf57fc0;  1 drivers
v000001d00cf36b10_0 .net *"_ivl_51", 0 0, L_000001d00cf55cc0;  1 drivers
v000001d00cf369d0_0 .net *"_ivl_53", 0 0, L_000001d00cf55d60;  1 drivers
v000001d00cf37a10_0 .net *"_ivl_55", 0 0, L_000001d00cf563a0;  1 drivers
v000001d00cf387d0_0 .net *"_ivl_57", 0 0, L_000001d00cf55900;  1 drivers
v000001d00cf38190_0 .net *"_ivl_59", 0 0, L_000001d00cf56620;  1 drivers
L_000001d00cf5e0c8 .functor BUFT 1, C4<0>, C4<0>, C4<0>, C4<0>;
v000001d00cf37ab0_0 .net/2s *"_ivl_6", 0 0, L_000001d00cf5e0c8;  1 drivers
v000001d00cf36610_0 .net *"_ivl_60", 0 0, L_000001d00ceda240;  1 drivers
v000001d00cf36930_0 .net *"_ivl_62", 0 0, L_000001d00ceda160;  1 drivers
v000001d00cf37830_0 .net *"_ivl_64", 0 0, L_000001d00ceda630;  1 drivers
v000001d00cf37970_0 .net *"_ivl_66", 0 0, L_000001d00ceda2b0;  1 drivers
v000001d00cf38230_0 .net *"_ivl_68", 0 0, L_000001d00ceda320;  1 drivers
v000001d00cf382d0_0 .net *"_ivl_70", 0 0, L_000001d00ceda7f0;  1 drivers
v000001d00cf38550_0 .net *"_ivl_75", 0 0, L_000001d00cf56760;  1 drivers
v000001d00cf38690_0 .net *"_ivl_77", 0 0, L_000001d00cf58240;  1 drivers
v000001d00cf36070_0 .net *"_ivl_79", 0 0, L_000001d00cf59820;  1 drivers
v000001d00cf36bb0_0 .net *"_ivl_81", 0 0, L_000001d00cf58ec0;  1 drivers
v000001d00cf366b0_0 .net *"_ivl_83", 0 0, L_000001d00cf59460;  1 drivers
v000001d00cf371f0_0 .net *"_ivl_85", 0 0, L_000001d00cf59780;  1 drivers
v000001d00cf36110_0 .net *"_ivl_87", 0 0, L_000001d00cf581a0;  1 drivers
v000001d00cf36c50_0 .net *"_ivl_89", 0 0, L_000001d00cf58e20;  1 drivers
v000001d00cf36cf0_0 .net *"_ivl_91", 0 0, L_000001d00cf5a360;  1 drivers
v000001d00cf36d90_0 .net *"_ivl_92", 0 0, L_000001d00ceda390;  1 drivers
v000001d00cf36e30_0 .net *"_ivl_94", 0 0, L_000001d00ceda860;  1 drivers
v000001d00cf37330_0 .net *"_ivl_96", 0 0, L_000001d00cedaa90;  1 drivers
v000001d00cf36ed0_0 .net *"_ivl_98", 0 0, L_000001d00ceda400;  1 drivers
v000001d00cf36f70_0 .net "c", 8 0, L_000001d00cf59000;  1 drivers
v000001d00cf37010_0 .var "carry_out", 0 0;
v000001d00cf370b0_0 .net "clock", 0 0, v000001d00cf572a0_0;  alias, 1 drivers
v000001d00cf3d140_0 .net "enable", 0 0, L_000001d00cf59aa0;  1 drivers
v000001d00cf3d5a0_0 .net "g", 7 0, L_000001d00cedad30;  1 drivers
v000001d00cf3dbe0_0 .net "in1", 7 0, v000001d00cf56940_0;  alias, 1 drivers
v000001d00cf3cd80_0 .net "in2", 7 0, v000001d00cf561c0_0;  alias, 1 drivers
v000001d00cf3cb00_0 .net "p", 7 0, L_000001d00ceda780;  1 drivers
v000001d00cf3d1e0_0 .var "sum_output", 7 0;
E_000001d00cec4840 .event posedge, v000001d00cf370b0_0;
L_000001d00cf577a0 .part L_000001d00cedad30, 0, 1;
L_000001d00cf573e0 .part L_000001d00cedad30, 1, 1;
L_000001d00cf57d40 .part L_000001d00ceda780, 1, 1;
L_000001d00cf57480 .part L_000001d00cedad30, 0, 1;
L_000001d00cf57de0 .part L_000001d00cedad30, 2, 1;
L_000001d00cf57e80 .part L_000001d00ceda780, 2, 1;
L_000001d00cf56300 .part L_000001d00cedad30, 1, 1;
L_000001d00cf55e00 .part L_000001d00ceda780, 1, 1;
L_000001d00cf57f20 .part L_000001d00cedad30, 0, 1;
L_000001d00cf55c20 .part L_000001d00cedad30, 3, 1;
L_000001d00cf57fc0 .part L_000001d00ceda780, 3, 1;
L_000001d00cf55cc0 .part L_000001d00cedad30, 2, 1;
L_000001d00cf55d60 .part L_000001d00ceda780, 2, 1;
L_000001d00cf563a0 .part L_000001d00cedad30, 1, 1;
L_000001d00cf55900 .part L_000001d00ceda780, 1, 1;
L_000001d00cf56620 .part L_000001d00cedad30, 0, 1;
L_000001d00cf56760 .part L_000001d00cedad30, 4, 1;
L_000001d00cf58240 .part L_000001d00ceda780, 4, 1;
L_000001d00cf59820 .part L_000001d00cedad30, 3, 1;
L_000001d00cf58ec0 .part L_000001d00ceda780, 3, 1;
L_000001d00cf59460 .part L_000001d00cedad30, 2, 1;
L_000001d00cf59780 .part L_000001d00ceda780, 2, 1;
L_000001d00cf581a0 .part L_000001d00cedad30, 1, 1;
L_000001d00cf58e20 .part L_000001d00ceda780, 1, 1;
L_000001d00cf5a360 .part L_000001d00cedad30, 0, 1;
L_000001d00cf58f60 .part L_000001d00cedad30, 5, 1;
L_000001d00cf582e0 .part L_000001d00ceda780, 5, 1;
L_000001d00cf589c0 .part L_000001d00cedad30, 4, 1;
L_000001d00cf595a0 .part L_000001d00ceda780, 4, 1;
L_000001d00cf58880 .part L_000001d00cedad30, 3, 1;
L_000001d00cf590a0 .part L_000001d00ceda780, 3, 1;
L_000001d00cf5a860 .part L_000001d00cedad30, 2, 1;
L_000001d00cf587e0 .part L_000001d00ceda780, 2, 1;
L_000001d00cf59c80 .part L_000001d00cedad30, 1, 1;
L_000001d00cf591e0 .part L_000001d00ceda780, 1, 1;
L_000001d00cf59e60 .part L_000001d00cedad30, 0, 1;
L_000001d00cf5a180 .part L_000001d00cedad30, 6, 1;
L_000001d00cf58380 .part L_000001d00ceda780, 6, 1;
L_000001d00cf58920 .part L_000001d00cedad30, 5, 1;
L_000001d00cf5a040 .part L_000001d00ceda780, 5, 1;
L_000001d00cf59500 .part L_000001d00cedad30, 4, 1;
L_000001d00cf5a540 .part L_000001d00ceda780, 4, 1;
L_000001d00cf59be0 .part L_000001d00cedad30, 3, 1;
L_000001d00cf59d20 .part L_000001d00ceda780, 3, 1;
L_000001d00cf59320 .part L_000001d00cedad30, 2, 1;
L_000001d00cf58b00 .part L_000001d00ceda780, 2, 1;
L_000001d00cf58c40 .part L_000001d00cedad30, 1, 1;
L_000001d00cf59280 .part L_000001d00ceda780, 1, 1;
L_000001d00cf5a400 .part L_000001d00cedad30, 0, 1;
LS_000001d00cf59000_0_0 .concat8 [ 1 1 1 1], L_000001d00cf5e0c8, L_000001d00cf577a0, L_000001d00cedae80, L_000001d00cedaa20;
LS_000001d00cf59000_0_4 .concat8 [ 1 1 1 1], L_000001d00ceda7f0, L_000001d00cea1400, L_000001d00cfa7af0, L_000001d00cfa7b60;
LS_000001d00cf59000_0_8 .concat8 [ 1 0 0 0], L_000001d00cfa7770;
L_000001d00cf59000 .concat8 [ 4 4 1 0], LS_000001d00cf59000_0_0, LS_000001d00cf59000_0_4, LS_000001d00cf59000_0_8;
L_000001d00cf593c0 .part L_000001d00cedad30, 7, 1;
L_000001d00cf5a220 .part L_000001d00ceda780, 7, 1;
L_000001d00cf598c0 .part L_000001d00cedad30, 6, 1;
L_000001d00cf58420 .part L_000001d00ceda780, 6, 1;
L_000001d00cf58600 .part L_000001d00cedad30, 5, 1;
L_000001d00cf59640 .part L_000001d00ceda780, 5, 1;
L_000001d00cf5a2c0 .part L_000001d00cedad30, 4, 1;
L_000001d00cf586a0 .part L_000001d00ceda780, 4, 1;
L_000001d00cf59a00 .part L_000001d00cedad30, 3, 1;
L_000001d00cf596e0 .part L_000001d00ceda780, 3, 1;
L_000001d00cf59dc0 .part L_000001d00cedad30, 2, 1;
L_000001d00cf59960 .part L_000001d00ceda780, 2, 1;
L_000001d00cf5a4a0 .part L_000001d00cedad30, 1, 1;
L_000001d00cf5a5e0 .part L_000001d00ceda780, 1, 1;
L_000001d00cf58ce0 .part L_000001d00cedad30, 0, 1;
S_000001d00ce1a700 .scope module, "M2" "subtractor" 2 217, 2 175 0, S_000001d00ce3bbb0;
 .timescale 0 0;
    .port_info 0 /INPUT 8 "in1";
    .port_info 1 /INPUT 8 "in2";
    .port_info 2 /INPUT 1 "enable";
    .port_info 3 /INPUT 1 "clock";
    .port_info 4 /OUTPUT 8 "diff_output";
v000001d00cf4a530_0 .net "carry_out", 0 0, v000001d00cf40560_0;  1 drivers
v000001d00cf4c5b0_0 .net "clock", 0 0, v000001d00cf572a0_0;  alias, 1 drivers
v000001d00cf4b1b0_0 .net8 "diff_output", 7 0, RS_000001d00cee4478;  alias, 8 drivers
v000001d00cf4a2b0_0 .net "enable", 0 0, L_000001d00cfafd60;  1 drivers
v000001d00cf4b930_0 .net "in1", 7 0, v000001d00cf56940_0;  alias, 1 drivers
v000001d00cf4bf70_0 .net "in2", 7 0, v000001d00cf561c0_0;  alias, 1 drivers
v000001d00cf4c510_0 .net "temp", 7 0, v000001d00cf49e50_0;  1 drivers
S_000001d00ce1a890 .scope module, "A1" "cla" 2 185, 2 120 0, S_000001d00ce1a700;
 .timescale 0 0;
    .port_info 0 /INPUT 8 "in1";
    .port_info 1 /INPUT 8 "in2";
    .port_info 2 /OUTPUT 1 "carry_out";
    .port_info 3 /INPUT 1 "enable";
    .port_info 4 /INPUT 1 "clock";
    .port_info 5 /OUTPUT 8 "sum_output";
L_000001d00cfad560 .functor XOR 8, v000001d00cf56940_0, v000001d00cf49e50_0, C4<00000000>, C4<00000000>;
L_000001d00cfac300 .functor AND 8, v000001d00cf56940_0, v000001d00cf49e50_0, C4<11111111>, C4<11111111>;
L_000001d00cfac6f0 .functor AND 1, L_000001d00cf5ca20, L_000001d00cf5c520, C4<1>, C4<1>;
L_000001d00cfad800 .functor OR 1, L_000001d00cf5b580, L_000001d00cfac6f0, C4<0>, C4<0>;
L_000001d00cfad9c0 .functor AND 1, L_000001d00cf5b8a0, L_000001d00cf5cac0, C4<1>, C4<1>;
L_000001d00cfad1e0 .functor OR 1, L_000001d00cf5c7a0, L_000001d00cfad9c0, C4<0>, C4<0>;
L_000001d00cfac760 .functor AND 1, L_000001d00cf5bbc0, L_000001d00cfad1e0, C4<1>, C4<1>;
L_000001d00cfacd80 .functor OR 1, L_000001d00cf5bb20, L_000001d00cfac760, C4<0>, C4<0>;
L_000001d00cfadc60 .functor AND 1, L_000001d00cf5d380, L_000001d00cf5d600, C4<1>, C4<1>;
L_000001d00cfac4c0 .functor OR 1, L_000001d00cf5cca0, L_000001d00cfadc60, C4<0>, C4<0>;
L_000001d00cfac5a0 .functor AND 1, L_000001d00cf5af40, L_000001d00cfac4c0, C4<1>, C4<1>;
L_000001d00cfad5d0 .functor OR 1, L_000001d00cf5a900, L_000001d00cfac5a0, C4<0>, C4<0>;
L_000001d00cfadaa0 .functor AND 1, L_000001d00cf5b940, L_000001d00cfad5d0, C4<1>, C4<1>;
L_000001d00cfadcd0 .functor OR 1, L_000001d00cf5cc00, L_000001d00cfadaa0, C4<0>, C4<0>;
L_000001d00cfac290 .functor AND 1, L_000001d00cf5d240, L_000001d00cf5d420, C4<1>, C4<1>;
L_000001d00cfac920 .functor OR 1, L_000001d00cf5d1a0, L_000001d00cfac290, C4<0>, C4<0>;
L_000001d00cfad640 .functor AND 1, L_000001d00cf5d100, L_000001d00cfac920, C4<1>, C4<1>;
L_000001d00cfacbc0 .functor OR 1, L_000001d00cf5d7e0, L_000001d00cfad640, C4<0>, C4<0>;
L_000001d00cfac610 .functor AND 1, L_000001d00cf5d740, L_000001d00cfacbc0, C4<1>, C4<1>;
L_000001d00cfac3e0 .functor OR 1, L_000001d00cf5d4c0, L_000001d00cfac610, C4<0>, C4<0>;
L_000001d00cfac140 .functor AND 1, L_000001d00cf5d6a0, L_000001d00cfac3e0, C4<1>, C4<1>;
L_000001d00cfac220 .functor OR 1, L_000001d00cf5d2e0, L_000001d00cfac140, C4<0>, C4<0>;
L_000001d00cfac450 .functor AND 1, L_000001d00cfb0bc0, L_000001d00cfaf360, C4<1>, C4<1>;
L_000001d00cfacc30 .functor OR 1, L_000001d00cfb0800, L_000001d00cfac450, C4<0>, C4<0>;
L_000001d00cfac7d0 .functor AND 1, L_000001d00cfafe00, L_000001d00cfacc30, C4<1>, C4<1>;
L_000001d00cfac840 .functor OR 1, L_000001d00cfb04e0, L_000001d00cfac7d0, C4<0>, C4<0>;
L_000001d00cfad250 .functor AND 1, L_000001d00cfaf900, L_000001d00cfac840, C4<1>, C4<1>;
L_000001d00cfac8b0 .functor OR 1, L_000001d00cfb0080, L_000001d00cfad250, C4<0>, C4<0>;
L_000001d00cfacae0 .functor AND 1, L_000001d00cfaed20, L_000001d00cfac8b0, C4<1>, C4<1>;
L_000001d00cfad6b0 .functor OR 1, L_000001d00cfb0940, L_000001d00cfacae0, C4<0>, C4<0>;
L_000001d00cfaced0 .functor AND 1, L_000001d00cfb0440, L_000001d00cfad6b0, C4<1>, C4<1>;
L_000001d00cfad2c0 .functor OR 1, L_000001d00cf5d560, L_000001d00cfaced0, C4<0>, C4<0>;
L_000001d00cface60 .functor AND 1, L_000001d00cfaf180, L_000001d00cfaf2c0, C4<1>, C4<1>;
L_000001d00cfad330 .functor OR 1, L_000001d00cfafa40, L_000001d00cface60, C4<0>, C4<0>;
L_000001d00cfad870 .functor AND 1, L_000001d00cfb0300, L_000001d00cfad330, C4<1>, C4<1>;
L_000001d00cfad720 .functor OR 1, L_000001d00cfb0260, L_000001d00cfad870, C4<0>, C4<0>;
L_000001d00cfad790 .functor AND 1, L_000001d00cfb0c60, L_000001d00cfad720, C4<1>, C4<1>;
L_000001d00cfad3a0 .functor OR 1, L_000001d00cfafae0, L_000001d00cfad790, C4<0>, C4<0>;
L_000001d00cfacb50 .functor AND 1, L_000001d00cfb06c0, L_000001d00cfad3a0, C4<1>, C4<1>;
L_000001d00cfacca0 .functor OR 1, L_000001d00cfaefa0, L_000001d00cfacb50, C4<0>, C4<0>;
L_000001d00cfacf40 .functor AND 1, L_000001d00cfae8c0, L_000001d00cfacca0, C4<1>, C4<1>;
L_000001d00cfad410 .functor OR 1, L_000001d00cfb08a0, L_000001d00cfacf40, C4<0>, C4<0>;
L_000001d00cfadd40 .functor AND 1, L_000001d00cfaf9a0, L_000001d00cfad410, C4<1>, C4<1>;
L_000001d00cfadf70 .functor OR 1, L_000001d00cfaf860, L_000001d00cfadd40, C4<0>, C4<0>;
L_000001d00cfaddb0 .functor AND 1, L_000001d00cfaee60, L_000001d00cfafc20, C4<1>, C4<1>;
L_000001d00cfadfe0 .functor OR 1, L_000001d00cfb0a80, L_000001d00cfaddb0, C4<0>, C4<0>;
L_000001d00cfae050 .functor AND 1, L_000001d00cfafb80, L_000001d00cfadfe0, C4<1>, C4<1>;
L_000001d00cfadf00 .functor OR 1, L_000001d00cfb01c0, L_000001d00cfae050, C4<0>, C4<0>;
L_000001d00cfade90 .functor AND 1, L_000001d00cfb0580, L_000001d00cfadf00, C4<1>, C4<1>;
L_000001d00cfade20 .functor OR 1, L_000001d00cfb09e0, L_000001d00cfade90, C4<0>, C4<0>;
L_000001d00cfb7640 .functor AND 1, L_000001d00cfb0ee0, L_000001d00cfade20, C4<1>, C4<1>;
L_000001d00cfb72c0 .functor OR 1, L_000001d00cfb0b20, L_000001d00cfb7640, C4<0>, C4<0>;
L_000001d00cfb7c60 .functor AND 1, L_000001d00cfaf040, L_000001d00cfb72c0, C4<1>, C4<1>;
L_000001d00cfb7480 .functor OR 1, L_000001d00cfaf0e0, L_000001d00cfb7c60, C4<0>, C4<0>;
L_000001d00cfb83d0 .functor AND 1, L_000001d00cfafea0, L_000001d00cfb7480, C4<1>, C4<1>;
L_000001d00cfb7aa0 .functor OR 1, L_000001d00cfb0120, L_000001d00cfb83d0, C4<0>, C4<0>;
L_000001d00cfb7330 .functor AND 1, L_000001d00cfb0760, L_000001d00cfb7aa0, C4<1>, C4<1>;
L_000001d00cfb73a0 .functor OR 1, L_000001d00cfaff40, L_000001d00cfb7330, C4<0>, C4<0>;
v000001d00cf3d280_0 .net *"_ivl_100", 0 0, L_000001d00cfac610;  1 drivers
v000001d00cf3d320_0 .net *"_ivl_102", 0 0, L_000001d00cfac3e0;  1 drivers
v000001d00cf3d780_0 .net *"_ivl_104", 0 0, L_000001d00cfac140;  1 drivers
v000001d00cf3cba0_0 .net *"_ivl_106", 0 0, L_000001d00cfac220;  1 drivers
v000001d00cf3d820_0 .net *"_ivl_11", 0 0, L_000001d00cf5b800;  1 drivers
v000001d00cf3ce20_0 .net *"_ivl_111", 0 0, L_000001d00cf5d560;  1 drivers
v000001d00cf3d3c0_0 .net *"_ivl_113", 0 0, L_000001d00cfb0440;  1 drivers
v000001d00cf3d460_0 .net *"_ivl_115", 0 0, L_000001d00cfb0940;  1 drivers
v000001d00cf3db40_0 .net *"_ivl_117", 0 0, L_000001d00cfaed20;  1 drivers
v000001d00cf3cf60_0 .net *"_ivl_119", 0 0, L_000001d00cfb0080;  1 drivers
v000001d00cf3d960_0 .net *"_ivl_121", 0 0, L_000001d00cfaf900;  1 drivers
v000001d00cf3d500_0 .net *"_ivl_123", 0 0, L_000001d00cfb04e0;  1 drivers
v000001d00cf3cec0_0 .net *"_ivl_125", 0 0, L_000001d00cfafe00;  1 drivers
v000001d00cf3d640_0 .net *"_ivl_127", 0 0, L_000001d00cfb0800;  1 drivers
v000001d00cf3d6e0_0 .net *"_ivl_129", 0 0, L_000001d00cfb0bc0;  1 drivers
v000001d00cf3dc80_0 .net *"_ivl_131", 0 0, L_000001d00cfaf360;  1 drivers
v000001d00cf3daa0_0 .net *"_ivl_132", 0 0, L_000001d00cfac450;  1 drivers
v000001d00cf3d000_0 .net *"_ivl_134", 0 0, L_000001d00cfacc30;  1 drivers
v000001d00cf3c9c0_0 .net *"_ivl_136", 0 0, L_000001d00cfac7d0;  1 drivers
v000001d00cf3df00_0 .net *"_ivl_138", 0 0, L_000001d00cfac840;  1 drivers
v000001d00cf3d8c0_0 .net *"_ivl_140", 0 0, L_000001d00cfad250;  1 drivers
v000001d00cf3dd20_0 .net *"_ivl_142", 0 0, L_000001d00cfac8b0;  1 drivers
v000001d00cf3da00_0 .net *"_ivl_144", 0 0, L_000001d00cfacae0;  1 drivers
v000001d00cf3ddc0_0 .net *"_ivl_146", 0 0, L_000001d00cfad6b0;  1 drivers
v000001d00cf3d0a0_0 .net *"_ivl_148", 0 0, L_000001d00cfaced0;  1 drivers
v000001d00cf3cc40_0 .net *"_ivl_15", 0 0, L_000001d00cf5b580;  1 drivers
v000001d00cf3de60_0 .net *"_ivl_150", 0 0, L_000001d00cfad2c0;  1 drivers
v000001d00cf3c880_0 .net *"_ivl_155", 0 0, L_000001d00cfaf860;  1 drivers
v000001d00cf3ca60_0 .net *"_ivl_157", 0 0, L_000001d00cfaf9a0;  1 drivers
v000001d00cf3c920_0 .net *"_ivl_159", 0 0, L_000001d00cfb08a0;  1 drivers
v000001d00cf3cce0_0 .net *"_ivl_161", 0 0, L_000001d00cfae8c0;  1 drivers
v000001d00cf3c4c0_0 .net *"_ivl_163", 0 0, L_000001d00cfaefa0;  1 drivers
v000001d00cf3b7a0_0 .net *"_ivl_165", 0 0, L_000001d00cfb06c0;  1 drivers
v000001d00cf3b2a0_0 .net *"_ivl_167", 0 0, L_000001d00cfafae0;  1 drivers
v000001d00cf3b340_0 .net *"_ivl_169", 0 0, L_000001d00cfb0c60;  1 drivers
v000001d00cf3b160_0 .net *"_ivl_17", 0 0, L_000001d00cf5ca20;  1 drivers
v000001d00cf3a760_0 .net *"_ivl_171", 0 0, L_000001d00cfb0260;  1 drivers
v000001d00cf3a620_0 .net *"_ivl_173", 0 0, L_000001d00cfb0300;  1 drivers
v000001d00cf3b840_0 .net *"_ivl_175", 0 0, L_000001d00cfafa40;  1 drivers
v000001d00cf3c600_0 .net *"_ivl_177", 0 0, L_000001d00cfaf180;  1 drivers
v000001d00cf3bf20_0 .net *"_ivl_179", 0 0, L_000001d00cfaf2c0;  1 drivers
v000001d00cf3c740_0 .net *"_ivl_180", 0 0, L_000001d00cface60;  1 drivers
v000001d00cf3c2e0_0 .net *"_ivl_182", 0 0, L_000001d00cfad330;  1 drivers
v000001d00cf3c240_0 .net *"_ivl_184", 0 0, L_000001d00cfad870;  1 drivers
v000001d00cf3ad00_0 .net *"_ivl_186", 0 0, L_000001d00cfad720;  1 drivers
v000001d00cf3ada0_0 .net *"_ivl_188", 0 0, L_000001d00cfad790;  1 drivers
v000001d00cf3a8a0_0 .net *"_ivl_19", 0 0, L_000001d00cf5c520;  1 drivers
v000001d00cf3a580_0 .net *"_ivl_190", 0 0, L_000001d00cfad3a0;  1 drivers
v000001d00cf3a120_0 .net *"_ivl_192", 0 0, L_000001d00cfacb50;  1 drivers
v000001d00cf3b020_0 .net *"_ivl_194", 0 0, L_000001d00cfacca0;  1 drivers
v000001d00cf3c380_0 .net *"_ivl_196", 0 0, L_000001d00cfacf40;  1 drivers
v000001d00cf3ba20_0 .net *"_ivl_198", 0 0, L_000001d00cfad410;  1 drivers
v000001d00cf3b700_0 .net *"_ivl_20", 0 0, L_000001d00cfac6f0;  1 drivers
v000001d00cf3b8e0_0 .net *"_ivl_200", 0 0, L_000001d00cfadd40;  1 drivers
v000001d00cf3bc00_0 .net *"_ivl_202", 0 0, L_000001d00cfadf70;  1 drivers
v000001d00cf3b0c0_0 .net *"_ivl_208", 0 0, L_000001d00cfaff40;  1 drivers
v000001d00cf3b980_0 .net *"_ivl_210", 0 0, L_000001d00cfb0760;  1 drivers
v000001d00cf3a300_0 .net *"_ivl_212", 0 0, L_000001d00cfb0120;  1 drivers
v000001d00cf3bca0_0 .net *"_ivl_214", 0 0, L_000001d00cfafea0;  1 drivers
v000001d00cf3bac0_0 .net *"_ivl_216", 0 0, L_000001d00cfaf0e0;  1 drivers
v000001d00cf3ae40_0 .net *"_ivl_218", 0 0, L_000001d00cfaf040;  1 drivers
v000001d00cf3bb60_0 .net *"_ivl_22", 0 0, L_000001d00cfad800;  1 drivers
v000001d00cf3a800_0 .net *"_ivl_220", 0 0, L_000001d00cfb0b20;  1 drivers
v000001d00cf3c420_0 .net *"_ivl_222", 0 0, L_000001d00cfb0ee0;  1 drivers
v000001d00cf3c560_0 .net *"_ivl_224", 0 0, L_000001d00cfb09e0;  1 drivers
v000001d00cf3bde0_0 .net *"_ivl_226", 0 0, L_000001d00cfb0580;  1 drivers
v000001d00cf3b660_0 .net *"_ivl_228", 0 0, L_000001d00cfb01c0;  1 drivers
v000001d00cf3c1a0_0 .net *"_ivl_230", 0 0, L_000001d00cfafb80;  1 drivers
v000001d00cf3bd40_0 .net *"_ivl_232", 0 0, L_000001d00cfb0a80;  1 drivers
v000001d00cf3a260_0 .net *"_ivl_234", 0 0, L_000001d00cfaee60;  1 drivers
v000001d00cf3a1c0_0 .net *"_ivl_236", 0 0, L_000001d00cfafc20;  1 drivers
v000001d00cf3be80_0 .net *"_ivl_237", 0 0, L_000001d00cfaddb0;  1 drivers
v000001d00cf3b3e0_0 .net *"_ivl_239", 0 0, L_000001d00cfadfe0;  1 drivers
v000001d00cf3c6a0_0 .net *"_ivl_241", 0 0, L_000001d00cfae050;  1 drivers
v000001d00cf3bfc0_0 .net *"_ivl_243", 0 0, L_000001d00cfadf00;  1 drivers
v000001d00cf3aee0_0 .net *"_ivl_245", 0 0, L_000001d00cfade90;  1 drivers
v000001d00cf3a3a0_0 .net *"_ivl_247", 0 0, L_000001d00cfade20;  1 drivers
v000001d00cf3b200_0 .net *"_ivl_249", 0 0, L_000001d00cfb7640;  1 drivers
v000001d00cf3a440_0 .net *"_ivl_251", 0 0, L_000001d00cfb72c0;  1 drivers
v000001d00cf3a940_0 .net *"_ivl_253", 0 0, L_000001d00cfb7c60;  1 drivers
v000001d00cf3c7e0_0 .net *"_ivl_255", 0 0, L_000001d00cfb7480;  1 drivers
v000001d00cf3a080_0 .net *"_ivl_257", 0 0, L_000001d00cfb83d0;  1 drivers
v000001d00cf3c060_0 .net *"_ivl_259", 0 0, L_000001d00cfb7aa0;  1 drivers
v000001d00cf3a9e0_0 .net *"_ivl_261", 0 0, L_000001d00cfb7330;  1 drivers
v000001d00cf3af80_0 .net *"_ivl_263", 0 0, L_000001d00cfb73a0;  1 drivers
v000001d00cf3a4e0_0 .net *"_ivl_27", 0 0, L_000001d00cf5bb20;  1 drivers
v000001d00cf3c100_0 .net *"_ivl_29", 0 0, L_000001d00cf5bbc0;  1 drivers
v000001d00cf3aa80_0 .net *"_ivl_31", 0 0, L_000001d00cf5c7a0;  1 drivers
v000001d00cf3a6c0_0 .net *"_ivl_33", 0 0, L_000001d00cf5b8a0;  1 drivers
v000001d00cf3ab20_0 .net *"_ivl_35", 0 0, L_000001d00cf5cac0;  1 drivers
v000001d00cf3ac60_0 .net *"_ivl_36", 0 0, L_000001d00cfad9c0;  1 drivers
v000001d00cf3abc0_0 .net *"_ivl_38", 0 0, L_000001d00cfad1e0;  1 drivers
v000001d00cf3b480_0 .net *"_ivl_40", 0 0, L_000001d00cfac760;  1 drivers
v000001d00cf3b520_0 .net *"_ivl_42", 0 0, L_000001d00cfacd80;  1 drivers
v000001d00cf3b5c0_0 .net *"_ivl_47", 0 0, L_000001d00cf5cc00;  1 drivers
v000001d00cf3f340_0 .net *"_ivl_49", 0 0, L_000001d00cf5b940;  1 drivers
v000001d00cf40380_0 .net *"_ivl_51", 0 0, L_000001d00cf5a900;  1 drivers
v000001d00cf3fe80_0 .net *"_ivl_53", 0 0, L_000001d00cf5af40;  1 drivers
v000001d00cf3e9e0_0 .net *"_ivl_55", 0 0, L_000001d00cf5cca0;  1 drivers
v000001d00cf3eb20_0 .net *"_ivl_57", 0 0, L_000001d00cf5d380;  1 drivers
v000001d00cf3fd40_0 .net *"_ivl_59", 0 0, L_000001d00cf5d600;  1 drivers
L_000001d00cf5e1a0 .functor BUFT 1, C4<0>, C4<0>, C4<0>, C4<0>;
v000001d00cf40060_0 .net/2s *"_ivl_6", 0 0, L_000001d00cf5e1a0;  1 drivers
v000001d00cf3e940_0 .net *"_ivl_60", 0 0, L_000001d00cfadc60;  1 drivers
v000001d00cf3f2a0_0 .net *"_ivl_62", 0 0, L_000001d00cfac4c0;  1 drivers
v000001d00cf40ce0_0 .net *"_ivl_64", 0 0, L_000001d00cfac5a0;  1 drivers
v000001d00cf3ff20_0 .net *"_ivl_66", 0 0, L_000001d00cfad5d0;  1 drivers
v000001d00cf40420_0 .net *"_ivl_68", 0 0, L_000001d00cfadaa0;  1 drivers
v000001d00cf3ef80_0 .net *"_ivl_70", 0 0, L_000001d00cfadcd0;  1 drivers
v000001d00cf40920_0 .net *"_ivl_75", 0 0, L_000001d00cf5d2e0;  1 drivers
v000001d00cf40100_0 .net *"_ivl_77", 0 0, L_000001d00cf5d6a0;  1 drivers
v000001d00cf407e0_0 .net *"_ivl_79", 0 0, L_000001d00cf5d4c0;  1 drivers
v000001d00cf3ffc0_0 .net *"_ivl_81", 0 0, L_000001d00cf5d740;  1 drivers
v000001d00cf404c0_0 .net *"_ivl_83", 0 0, L_000001d00cf5d7e0;  1 drivers
v000001d00cf401a0_0 .net *"_ivl_85", 0 0, L_000001d00cf5d100;  1 drivers
v000001d00cf3f3e0_0 .net *"_ivl_87", 0 0, L_000001d00cf5d1a0;  1 drivers
v000001d00cf40e20_0 .net *"_ivl_89", 0 0, L_000001d00cf5d240;  1 drivers
v000001d00cf40ba0_0 .net *"_ivl_91", 0 0, L_000001d00cf5d420;  1 drivers
v000001d00cf3fac0_0 .net *"_ivl_92", 0 0, L_000001d00cfac290;  1 drivers
v000001d00cf40c40_0 .net *"_ivl_94", 0 0, L_000001d00cfac920;  1 drivers
v000001d00cf3ec60_0 .net *"_ivl_96", 0 0, L_000001d00cfad640;  1 drivers
v000001d00cf406a0_0 .net *"_ivl_98", 0 0, L_000001d00cfacbc0;  1 drivers
v000001d00cf3fde0_0 .net "c", 8 0, L_000001d00cfaf720;  1 drivers
v000001d00cf40560_0 .var "carry_out", 0 0;
v000001d00cf40d80_0 .net "clock", 0 0, v000001d00cf572a0_0;  alias, 1 drivers
v000001d00cf40a60_0 .net "enable", 0 0, L_000001d00cfafd60;  alias, 1 drivers
v000001d00cf3fc00_0 .net "g", 7 0, L_000001d00cfac300;  1 drivers
v000001d00cf3f020_0 .net "in1", 7 0, v000001d00cf56940_0;  alias, 1 drivers
v000001d00cf3ebc0_0 .net "in2", 7 0, v000001d00cf49e50_0;  alias, 1 drivers
v000001d00cf40740_0 .net "p", 7 0, L_000001d00cfad560;  1 drivers
v000001d00cf40ec0_0 .var "sum_output", 7 0;
L_000001d00cf5b800 .part L_000001d00cfac300, 0, 1;
L_000001d00cf5b580 .part L_000001d00cfac300, 1, 1;
L_000001d00cf5ca20 .part L_000001d00cfad560, 1, 1;
L_000001d00cf5c520 .part L_000001d00cfac300, 0, 1;
L_000001d00cf5bb20 .part L_000001d00cfac300, 2, 1;
L_000001d00cf5bbc0 .part L_000001d00cfad560, 2, 1;
L_000001d00cf5c7a0 .part L_000001d00cfac300, 1, 1;
L_000001d00cf5b8a0 .part L_000001d00cfad560, 1, 1;
L_000001d00cf5cac0 .part L_000001d00cfac300, 0, 1;
L_000001d00cf5cc00 .part L_000001d00cfac300, 3, 1;
L_000001d00cf5b940 .part L_000001d00cfad560, 3, 1;
L_000001d00cf5a900 .part L_000001d00cfac300, 2, 1;
L_000001d00cf5af40 .part L_000001d00cfad560, 2, 1;
L_000001d00cf5cca0 .part L_000001d00cfac300, 1, 1;
L_000001d00cf5d380 .part L_000001d00cfad560, 1, 1;
L_000001d00cf5d600 .part L_000001d00cfac300, 0, 1;
L_000001d00cf5d2e0 .part L_000001d00cfac300, 4, 1;
L_000001d00cf5d6a0 .part L_000001d00cfad560, 4, 1;
L_000001d00cf5d4c0 .part L_000001d00cfac300, 3, 1;
L_000001d00cf5d740 .part L_000001d00cfad560, 3, 1;
L_000001d00cf5d7e0 .part L_000001d00cfac300, 2, 1;
L_000001d00cf5d100 .part L_000001d00cfad560, 2, 1;
L_000001d00cf5d1a0 .part L_000001d00cfac300, 1, 1;
L_000001d00cf5d240 .part L_000001d00cfad560, 1, 1;
L_000001d00cf5d420 .part L_000001d00cfac300, 0, 1;
L_000001d00cf5d560 .part L_000001d00cfac300, 5, 1;
L_000001d00cfb0440 .part L_000001d00cfad560, 5, 1;
L_000001d00cfb0940 .part L_000001d00cfac300, 4, 1;
L_000001d00cfaed20 .part L_000001d00cfad560, 4, 1;
L_000001d00cfb0080 .part L_000001d00cfac300, 3, 1;
L_000001d00cfaf900 .part L_000001d00cfad560, 3, 1;
L_000001d00cfb04e0 .part L_000001d00cfac300, 2, 1;
L_000001d00cfafe00 .part L_000001d00cfad560, 2, 1;
L_000001d00cfb0800 .part L_000001d00cfac300, 1, 1;
L_000001d00cfb0bc0 .part L_000001d00cfad560, 1, 1;
L_000001d00cfaf360 .part L_000001d00cfac300, 0, 1;
L_000001d00cfaf860 .part L_000001d00cfac300, 6, 1;
L_000001d00cfaf9a0 .part L_000001d00cfad560, 6, 1;
L_000001d00cfb08a0 .part L_000001d00cfac300, 5, 1;
L_000001d00cfae8c0 .part L_000001d00cfad560, 5, 1;
L_000001d00cfaefa0 .part L_000001d00cfac300, 4, 1;
L_000001d00cfb06c0 .part L_000001d00cfad560, 4, 1;
L_000001d00cfafae0 .part L_000001d00cfac300, 3, 1;
L_000001d00cfb0c60 .part L_000001d00cfad560, 3, 1;
L_000001d00cfb0260 .part L_000001d00cfac300, 2, 1;
L_000001d00cfb0300 .part L_000001d00cfad560, 2, 1;
L_000001d00cfafa40 .part L_000001d00cfac300, 1, 1;
L_000001d00cfaf180 .part L_000001d00cfad560, 1, 1;
L_000001d00cfaf2c0 .part L_000001d00cfac300, 0, 1;
LS_000001d00cfaf720_0_0 .concat8 [ 1 1 1 1], L_000001d00cf5e1a0, L_000001d00cf5b800, L_000001d00cfad800, L_000001d00cfacd80;
LS_000001d00cfaf720_0_4 .concat8 [ 1 1 1 1], L_000001d00cfadcd0, L_000001d00cfac220, L_000001d00cfad2c0, L_000001d00cfadf70;
LS_000001d00cfaf720_0_8 .concat8 [ 1 0 0 0], L_000001d00cfb73a0;
L_000001d00cfaf720 .concat8 [ 4 4 1 0], LS_000001d00cfaf720_0_0, LS_000001d00cfaf720_0_4, LS_000001d00cfaf720_0_8;
L_000001d00cfaff40 .part L_000001d00cfac300, 7, 1;
L_000001d00cfb0760 .part L_000001d00cfad560, 7, 1;
L_000001d00cfb0120 .part L_000001d00cfac300, 6, 1;
L_000001d00cfafea0 .part L_000001d00cfad560, 6, 1;
L_000001d00cfaf0e0 .part L_000001d00cfac300, 5, 1;
L_000001d00cfaf040 .part L_000001d00cfad560, 5, 1;
L_000001d00cfb0b20 .part L_000001d00cfac300, 4, 1;
L_000001d00cfb0ee0 .part L_000001d00cfad560, 4, 1;
L_000001d00cfb09e0 .part L_000001d00cfac300, 3, 1;
L_000001d00cfb0580 .part L_000001d00cfad560, 3, 1;
L_000001d00cfb01c0 .part L_000001d00cfac300, 2, 1;
L_000001d00cfafb80 .part L_000001d00cfad560, 2, 1;
L_000001d00cfb0a80 .part L_000001d00cfac300, 1, 1;
L_000001d00cfaee60 .part L_000001d00cfad560, 1, 1;
L_000001d00cfafc20 .part L_000001d00cfac300, 0, 1;
S_000001d00ce21eb0 .scope module, "C1" "complementor" 2 184, 2 157 0, S_000001d00ce1a700;
 .timescale 0 0;
    .port_info 0 /OUTPUT 8 "out";
    .port_info 1 /INPUT 8 "X";
    .port_info 2 /INPUT 1 "clock";
    .port_info 3 /INPUT 1 "enable";
L_000001d00cfa6970 .functor NOT 8, v000001d00cf561c0_0, C4<00000000>, C4<00000000>, C4<00000000>;
v000001d00cf4b6b0_0 .net "X", 7 0, v000001d00cf561c0_0;  alias, 1 drivers
v000001d00cf4ab70_0 .net "carry_out", 0 0, v000001d00cf494f0_0;  1 drivers
v000001d00cf4bed0_0 .net "clock", 0 0, v000001d00cf572a0_0;  alias, 1 drivers
v000001d00cf4b570_0 .net "enable", 0 0, L_000001d00cfafd60;  alias, 1 drivers
v000001d00cf4a3f0_0 .net "in1", 7 0, L_000001d00cfa6970;  1 drivers
L_000001d00cf5e110 .functor BUFT 1, C4<00000001>, C4<0>, C4<0>, C4<0>;
v000001d00cf4be30_0 .net "in2", 7 0, L_000001d00cf5e110;  1 drivers
v000001d00cf4a210_0 .net "out", 7 0, v000001d00cf49e50_0;  alias, 1 drivers
S_000001d00ce22040 .scope module, "M1" "cla" 2 169, 2 120 0, S_000001d00ce21eb0;
 .timescale 0 0;
    .port_info 0 /INPUT 8 "in1";
    .port_info 1 /INPUT 8 "in2";
    .port_info 2 /OUTPUT 1 "carry_out";
    .port_info 3 /INPUT 1 "enable";
    .port_info 4 /INPUT 1 "clock";
    .port_info 5 /OUTPUT 8 "sum_output";
L_000001d00cfa77e0 .functor XOR 8, L_000001d00cfa6970, L_000001d00cf5e110, C4<00000000>, C4<00000000>;
L_000001d00cfa7a10 .functor AND 8, L_000001d00cfa6970, L_000001d00cf5e110, C4<11111111>, C4<11111111>;
L_000001d00cfa7cb0 .functor AND 1, L_000001d00cf59b40, L_000001d00cf58d80, C4<1>, C4<1>;
L_000001d00cfa7230 .functor OR 1, L_000001d00cf59f00, L_000001d00cfa7cb0, C4<0>, C4<0>;
L_000001d00cfa64a0 .functor AND 1, L_000001d00cf584c0, L_000001d00cf58560, C4<1>, C4<1>;
L_000001d00cfa6f90 .functor OR 1, L_000001d00cf58a60, L_000001d00cfa64a0, C4<0>, C4<0>;
L_000001d00cfa6660 .functor AND 1, L_000001d00cf59fa0, L_000001d00cfa6f90, C4<1>, C4<1>;
L_000001d00cfa6820 .functor OR 1, L_000001d00cf5a0e0, L_000001d00cfa6660, C4<0>, C4<0>;
L_000001d00cfa72a0 .functor AND 1, L_000001d00cf59140, L_000001d00cf5c020, C4<1>, C4<1>;
L_000001d00cfa7310 .functor OR 1, L_000001d00cf58ba0, L_000001d00cfa72a0, C4<0>, C4<0>;
L_000001d00cfa7850 .functor AND 1, L_000001d00cf58740, L_000001d00cfa7310, C4<1>, C4<1>;
L_000001d00cfa7a80 .functor OR 1, L_000001d00cf5a7c0, L_000001d00cfa7850, C4<0>, C4<0>;
L_000001d00cfa6890 .functor AND 1, L_000001d00cf58100, L_000001d00cfa7a80, C4<1>, C4<1>;
L_000001d00cfa73f0 .functor OR 1, L_000001d00cf5a720, L_000001d00cfa6890, C4<0>, C4<0>;
L_000001d00cfa7460 .functor AND 1, L_000001d00cf5cd40, L_000001d00cf5c3e0, C4<1>, C4<1>;
L_000001d00cfa6dd0 .functor OR 1, L_000001d00cf5bc60, L_000001d00cfa7460, C4<0>, C4<0>;
L_000001d00cfa6e40 .functor AND 1, L_000001d00cf5c840, L_000001d00cfa6dd0, C4<1>, C4<1>;
L_000001d00cfa6b30 .functor OR 1, L_000001d00cf5b120, L_000001d00cfa6e40, C4<0>, C4<0>;
L_000001d00cfa7380 .functor AND 1, L_000001d00cf5aa40, L_000001d00cfa6b30, C4<1>, C4<1>;
L_000001d00cfa7c40 .functor OR 1, L_000001d00cf5c980, L_000001d00cfa7380, C4<0>, C4<0>;
L_000001d00cfa6f20 .functor AND 1, L_000001d00cf5ba80, L_000001d00cfa7c40, C4<1>, C4<1>;
L_000001d00cfa7bd0 .functor OR 1, L_000001d00cf5b9e0, L_000001d00cfa6f20, C4<0>, C4<0>;
L_000001d00cfa74d0 .functor AND 1, L_000001d00cf5bf80, L_000001d00cf5cfc0, C4<1>, C4<1>;
L_000001d00cfa6c80 .functor OR 1, L_000001d00cf5b260, L_000001d00cfa74d0, C4<0>, C4<0>;
L_000001d00cfa7540 .functor AND 1, L_000001d00cf5b620, L_000001d00cfa6c80, C4<1>, C4<1>;
L_000001d00cfa6740 .functor OR 1, L_000001d00cf5c5c0, L_000001d00cfa7540, C4<0>, C4<0>;
L_000001d00cfa69e0 .functor AND 1, L_000001d00cf5c8e0, L_000001d00cfa6740, C4<1>, C4<1>;
L_000001d00cfa67b0 .functor OR 1, L_000001d00cf5bd00, L_000001d00cfa69e0, C4<0>, C4<0>;
L_000001d00cfa6120 .functor AND 1, L_000001d00cf5a9a0, L_000001d00cfa67b0, C4<1>, C4<1>;
L_000001d00cfa6190 .functor OR 1, L_000001d00cf5c0c0, L_000001d00cfa6120, C4<0>, C4<0>;
L_000001d00cfa6510 .functor AND 1, L_000001d00cf5c700, L_000001d00cfa6190, C4<1>, C4<1>;
L_000001d00cfa6200 .functor OR 1, L_000001d00cf5b1c0, L_000001d00cfa6510, C4<0>, C4<0>;
L_000001d00cfa6a50 .functor AND 1, L_000001d00cf5acc0, L_000001d00cf5ce80, C4<1>, C4<1>;
L_000001d00cfa66d0 .functor OR 1, L_000001d00cf5ae00, L_000001d00cfa6a50, C4<0>, C4<0>;
L_000001d00cfa6ac0 .functor AND 1, L_000001d00cf5ac20, L_000001d00cfa66d0, C4<1>, C4<1>;
L_000001d00cfa6ba0 .functor OR 1, L_000001d00cf5cf20, L_000001d00cfa6ac0, C4<0>, C4<0>;
L_000001d00cfadb10 .functor AND 1, L_000001d00cf5cb60, L_000001d00cfa6ba0, C4<1>, C4<1>;
L_000001d00cfac680 .functor OR 1, L_000001d00cf5b760, L_000001d00cfadb10, C4<0>, C4<0>;
L_000001d00cfad8e0 .functor AND 1, L_000001d00cf5ab80, L_000001d00cfac680, C4<1>, C4<1>;
L_000001d00cfacfb0 .functor OR 1, L_000001d00cf5c200, L_000001d00cfad8e0, C4<0>, C4<0>;
L_000001d00cfad100 .functor AND 1, L_000001d00cf5bda0, L_000001d00cfacfb0, C4<1>, C4<1>;
L_000001d00cfad480 .functor OR 1, L_000001d00cf5b6c0, L_000001d00cfad100, C4<0>, C4<0>;
L_000001d00cfadbf0 .functor AND 1, L_000001d00cf5c160, L_000001d00cfad480, C4<1>, C4<1>;
L_000001d00cfac990 .functor OR 1, L_000001d00cf5aae0, L_000001d00cfadbf0, C4<0>, C4<0>;
L_000001d00cfad090 .functor AND 1, L_000001d00cf5d060, L_000001d00cf5c660, C4<1>, C4<1>;
L_000001d00cfad4f0 .functor OR 1, L_000001d00cf5c480, L_000001d00cfad090, C4<0>, C4<0>;
L_000001d00cfacdf0 .functor AND 1, L_000001d00cf5aea0, L_000001d00cfad4f0, C4<1>, C4<1>;
L_000001d00cfac530 .functor OR 1, L_000001d00cf5c340, L_000001d00cfacdf0, C4<0>, C4<0>;
L_000001d00cfad950 .functor AND 1, L_000001d00cf5b080, L_000001d00cfac530, C4<1>, C4<1>;
L_000001d00cfadb80 .functor OR 1, L_000001d00cf5cde0, L_000001d00cfad950, C4<0>, C4<0>;
L_000001d00cfad020 .functor AND 1, L_000001d00cf5b4e0, L_000001d00cfadb80, C4<1>, C4<1>;
L_000001d00cfada30 .functor OR 1, L_000001d00cf5bee0, L_000001d00cfad020, C4<0>, C4<0>;
L_000001d00cfaca00 .functor AND 1, L_000001d00cf5b440, L_000001d00cfada30, C4<1>, C4<1>;
L_000001d00cfac370 .functor OR 1, L_000001d00cf5c2a0, L_000001d00cfaca00, C4<0>, C4<0>;
L_000001d00cfad170 .functor AND 1, L_000001d00cf5b300, L_000001d00cfac370, C4<1>, C4<1>;
L_000001d00cfacd10 .functor OR 1, L_000001d00cf5afe0, L_000001d00cfad170, C4<0>, C4<0>;
L_000001d00cfaca70 .functor AND 1, L_000001d00cf5ad60, L_000001d00cfacd10, C4<1>, C4<1>;
L_000001d00cfac1b0 .functor OR 1, L_000001d00cf5b3a0, L_000001d00cfaca70, C4<0>, C4<0>;
v000001d00cf3ea80_0 .net *"_ivl_100", 0 0, L_000001d00cfa7380;  1 drivers
v000001d00cf3f840_0 .net *"_ivl_102", 0 0, L_000001d00cfa7c40;  1 drivers
v000001d00cf40880_0 .net *"_ivl_104", 0 0, L_000001d00cfa6f20;  1 drivers
v000001d00cf3ed00_0 .net *"_ivl_106", 0 0, L_000001d00cfa7bd0;  1 drivers
v000001d00cf3f0c0_0 .net *"_ivl_11", 0 0, L_000001d00cf5a680;  1 drivers
v000001d00cf3f520_0 .net *"_ivl_111", 0 0, L_000001d00cf5b1c0;  1 drivers
v000001d00cf40240_0 .net *"_ivl_113", 0 0, L_000001d00cf5c700;  1 drivers
v000001d00cf3f160_0 .net *"_ivl_115", 0 0, L_000001d00cf5c0c0;  1 drivers
v000001d00cf40f60_0 .net *"_ivl_117", 0 0, L_000001d00cf5a9a0;  1 drivers
v000001d00cf409c0_0 .net *"_ivl_119", 0 0, L_000001d00cf5bd00;  1 drivers
v000001d00cf3f200_0 .net *"_ivl_121", 0 0, L_000001d00cf5c8e0;  1 drivers
v000001d00cf3f980_0 .net *"_ivl_123", 0 0, L_000001d00cf5c5c0;  1 drivers
v000001d00cf3fa20_0 .net *"_ivl_125", 0 0, L_000001d00cf5b620;  1 drivers
v000001d00cf3fb60_0 .net *"_ivl_127", 0 0, L_000001d00cf5b260;  1 drivers
v000001d00cf3f480_0 .net *"_ivl_129", 0 0, L_000001d00cf5bf80;  1 drivers
v000001d00cf3eda0_0 .net *"_ivl_131", 0 0, L_000001d00cf5cfc0;  1 drivers
v000001d00cf3f660_0 .net *"_ivl_132", 0 0, L_000001d00cfa74d0;  1 drivers
v000001d00cf402e0_0 .net *"_ivl_134", 0 0, L_000001d00cfa6c80;  1 drivers
v000001d00cf3ee40_0 .net *"_ivl_136", 0 0, L_000001d00cfa7540;  1 drivers
v000001d00cf40600_0 .net *"_ivl_138", 0 0, L_000001d00cfa6740;  1 drivers
v000001d00cf41000_0 .net *"_ivl_140", 0 0, L_000001d00cfa69e0;  1 drivers
v000001d00cf3f5c0_0 .net *"_ivl_142", 0 0, L_000001d00cfa67b0;  1 drivers
v000001d00cf3eee0_0 .net *"_ivl_144", 0 0, L_000001d00cfa6120;  1 drivers
v000001d00cf3f700_0 .net *"_ivl_146", 0 0, L_000001d00cfa6190;  1 drivers
v000001d00cf3f7a0_0 .net *"_ivl_148", 0 0, L_000001d00cfa6510;  1 drivers
v000001d00cf40b00_0 .net *"_ivl_15", 0 0, L_000001d00cf59f00;  1 drivers
v000001d00cf3fca0_0 .net *"_ivl_150", 0 0, L_000001d00cfa6200;  1 drivers
v000001d00cf3f8e0_0 .net *"_ivl_155", 0 0, L_000001d00cf5aae0;  1 drivers
v000001d00cf3e8a0_0 .net *"_ivl_157", 0 0, L_000001d00cf5c160;  1 drivers
v000001d00cf41a00_0 .net *"_ivl_159", 0 0, L_000001d00cf5b6c0;  1 drivers
v000001d00cf418c0_0 .net *"_ivl_161", 0 0, L_000001d00cf5bda0;  1 drivers
v000001d00cf420e0_0 .net *"_ivl_163", 0 0, L_000001d00cf5c200;  1 drivers
v000001d00cf41640_0 .net *"_ivl_165", 0 0, L_000001d00cf5ab80;  1 drivers
v000001d00cf411e0_0 .net *"_ivl_167", 0 0, L_000001d00cf5b760;  1 drivers
v000001d00cf42720_0 .net *"_ivl_169", 0 0, L_000001d00cf5cb60;  1 drivers
v000001d00cf41280_0 .net *"_ivl_17", 0 0, L_000001d00cf59b40;  1 drivers
v000001d00cf41b40_0 .net *"_ivl_171", 0 0, L_000001d00cf5cf20;  1 drivers
v000001d00cf41460_0 .net *"_ivl_173", 0 0, L_000001d00cf5ac20;  1 drivers
v000001d00cf41be0_0 .net *"_ivl_175", 0 0, L_000001d00cf5ae00;  1 drivers
v000001d00cf416e0_0 .net *"_ivl_177", 0 0, L_000001d00cf5acc0;  1 drivers
v000001d00cf41320_0 .net *"_ivl_179", 0 0, L_000001d00cf5ce80;  1 drivers
v000001d00cf425e0_0 .net *"_ivl_180", 0 0, L_000001d00cfa6a50;  1 drivers
v000001d00cf41aa0_0 .net *"_ivl_182", 0 0, L_000001d00cfa66d0;  1 drivers
v000001d00cf413c0_0 .net *"_ivl_184", 0 0, L_000001d00cfa6ac0;  1 drivers
v000001d00cf41500_0 .net *"_ivl_186", 0 0, L_000001d00cfa6ba0;  1 drivers
v000001d00cf42180_0 .net *"_ivl_188", 0 0, L_000001d00cfadb10;  1 drivers
v000001d00cf42540_0 .net *"_ivl_19", 0 0, L_000001d00cf58d80;  1 drivers
v000001d00cf41dc0_0 .net *"_ivl_190", 0 0, L_000001d00cfac680;  1 drivers
v000001d00cf41c80_0 .net *"_ivl_192", 0 0, L_000001d00cfad8e0;  1 drivers
v000001d00cf41d20_0 .net *"_ivl_194", 0 0, L_000001d00cfacfb0;  1 drivers
v000001d00cf41e60_0 .net *"_ivl_196", 0 0, L_000001d00cfad100;  1 drivers
v000001d00cf415a0_0 .net *"_ivl_198", 0 0, L_000001d00cfad480;  1 drivers
v000001d00cf41780_0 .net *"_ivl_20", 0 0, L_000001d00cfa7cb0;  1 drivers
v000001d00cf41f00_0 .net *"_ivl_200", 0 0, L_000001d00cfadbf0;  1 drivers
v000001d00cf42680_0 .net *"_ivl_202", 0 0, L_000001d00cfac990;  1 drivers
v000001d00cf42220_0 .net *"_ivl_208", 0 0, L_000001d00cf5b3a0;  1 drivers
v000001d00cf410a0_0 .net *"_ivl_210", 0 0, L_000001d00cf5ad60;  1 drivers
v000001d00cf424a0_0 .net *"_ivl_212", 0 0, L_000001d00cf5afe0;  1 drivers
v000001d00cf41140_0 .net *"_ivl_214", 0 0, L_000001d00cf5b300;  1 drivers
v000001d00cf41fa0_0 .net *"_ivl_216", 0 0, L_000001d00cf5c2a0;  1 drivers
v000001d00cf42040_0 .net *"_ivl_218", 0 0, L_000001d00cf5b440;  1 drivers
v000001d00cf422c0_0 .net *"_ivl_22", 0 0, L_000001d00cfa7230;  1 drivers
v000001d00cf42360_0 .net *"_ivl_220", 0 0, L_000001d00cf5bee0;  1 drivers
v000001d00cf41820_0 .net *"_ivl_222", 0 0, L_000001d00cf5b4e0;  1 drivers
v000001d00cf42400_0 .net *"_ivl_224", 0 0, L_000001d00cf5cde0;  1 drivers
v000001d00cf41960_0 .net *"_ivl_226", 0 0, L_000001d00cf5b080;  1 drivers
v000001d00cf48230_0 .net *"_ivl_228", 0 0, L_000001d00cf5c340;  1 drivers
v000001d00cf47970_0 .net *"_ivl_230", 0 0, L_000001d00cf5aea0;  1 drivers
v000001d00cf48cd0_0 .net *"_ivl_232", 0 0, L_000001d00cf5c480;  1 drivers
v000001d00cf47dd0_0 .net *"_ivl_234", 0 0, L_000001d00cf5d060;  1 drivers
v000001d00cf48c30_0 .net *"_ivl_236", 0 0, L_000001d00cf5c660;  1 drivers
v000001d00cf498b0_0 .net *"_ivl_237", 0 0, L_000001d00cfad090;  1 drivers
v000001d00cf487d0_0 .net *"_ivl_239", 0 0, L_000001d00cfad4f0;  1 drivers
v000001d00cf48190_0 .net *"_ivl_241", 0 0, L_000001d00cfacdf0;  1 drivers
v000001d00cf48870_0 .net *"_ivl_243", 0 0, L_000001d00cfac530;  1 drivers
v000001d00cf49270_0 .net *"_ivl_245", 0 0, L_000001d00cfad950;  1 drivers
v000001d00cf489b0_0 .net *"_ivl_247", 0 0, L_000001d00cfadb80;  1 drivers
v000001d00cf480f0_0 .net *"_ivl_249", 0 0, L_000001d00cfad020;  1 drivers
v000001d00cf48d70_0 .net *"_ivl_251", 0 0, L_000001d00cfada30;  1 drivers
v000001d00cf49950_0 .net *"_ivl_253", 0 0, L_000001d00cfaca00;  1 drivers
v000001d00cf47fb0_0 .net *"_ivl_255", 0 0, L_000001d00cfac370;  1 drivers
v000001d00cf48a50_0 .net *"_ivl_257", 0 0, L_000001d00cfad170;  1 drivers
v000001d00cf48af0_0 .net *"_ivl_259", 0 0, L_000001d00cfacd10;  1 drivers
v000001d00cf48b90_0 .net *"_ivl_261", 0 0, L_000001d00cfaca70;  1 drivers
v000001d00cf482d0_0 .net *"_ivl_263", 0 0, L_000001d00cfac1b0;  1 drivers
v000001d00cf47b50_0 .net *"_ivl_27", 0 0, L_000001d00cf5a0e0;  1 drivers
v000001d00cf48690_0 .net *"_ivl_29", 0 0, L_000001d00cf59fa0;  1 drivers
v000001d00cf49090_0 .net *"_ivl_31", 0 0, L_000001d00cf58a60;  1 drivers
v000001d00cf47a10_0 .net *"_ivl_33", 0 0, L_000001d00cf584c0;  1 drivers
v000001d00cf48e10_0 .net *"_ivl_35", 0 0, L_000001d00cf58560;  1 drivers
v000001d00cf49ef0_0 .net *"_ivl_36", 0 0, L_000001d00cfa64a0;  1 drivers
v000001d00cf48050_0 .net *"_ivl_38", 0 0, L_000001d00cfa6f90;  1 drivers
v000001d00cf47ab0_0 .net *"_ivl_40", 0 0, L_000001d00cfa6660;  1 drivers
v000001d00cf49450_0 .net *"_ivl_42", 0 0, L_000001d00cfa6820;  1 drivers
v000001d00cf48550_0 .net *"_ivl_47", 0 0, L_000001d00cf5a720;  1 drivers
v000001d00cf48370_0 .net *"_ivl_49", 0 0, L_000001d00cf58100;  1 drivers
v000001d00cf49f90_0 .net *"_ivl_51", 0 0, L_000001d00cf5a7c0;  1 drivers
v000001d00cf4a030_0 .net *"_ivl_53", 0 0, L_000001d00cf58740;  1 drivers
v000001d00cf48eb0_0 .net *"_ivl_55", 0 0, L_000001d00cf58ba0;  1 drivers
v000001d00cf49630_0 .net *"_ivl_57", 0 0, L_000001d00cf59140;  1 drivers
v000001d00cf499f0_0 .net *"_ivl_59", 0 0, L_000001d00cf5c020;  1 drivers
L_000001d00cf5e158 .functor BUFT 1, C4<0>, C4<0>, C4<0>, C4<0>;
v000001d00cf48410_0 .net/2s *"_ivl_6", 0 0, L_000001d00cf5e158;  1 drivers
v000001d00cf47e70_0 .net *"_ivl_60", 0 0, L_000001d00cfa72a0;  1 drivers
v000001d00cf49310_0 .net *"_ivl_62", 0 0, L_000001d00cfa7310;  1 drivers
v000001d00cf47f10_0 .net *"_ivl_64", 0 0, L_000001d00cfa7850;  1 drivers
v000001d00cf48f50_0 .net *"_ivl_66", 0 0, L_000001d00cfa7a80;  1 drivers
v000001d00cf49590_0 .net *"_ivl_68", 0 0, L_000001d00cfa6890;  1 drivers
v000001d00cf478d0_0 .net *"_ivl_70", 0 0, L_000001d00cfa73f0;  1 drivers
v000001d00cf49810_0 .net *"_ivl_75", 0 0, L_000001d00cf5b9e0;  1 drivers
v000001d00cf49db0_0 .net *"_ivl_77", 0 0, L_000001d00cf5ba80;  1 drivers
v000001d00cf48ff0_0 .net *"_ivl_79", 0 0, L_000001d00cf5c980;  1 drivers
v000001d00cf48910_0 .net *"_ivl_81", 0 0, L_000001d00cf5aa40;  1 drivers
v000001d00cf47c90_0 .net *"_ivl_83", 0 0, L_000001d00cf5b120;  1 drivers
v000001d00cf484b0_0 .net *"_ivl_85", 0 0, L_000001d00cf5c840;  1 drivers
v000001d00cf49b30_0 .net *"_ivl_87", 0 0, L_000001d00cf5bc60;  1 drivers
v000001d00cf47bf0_0 .net *"_ivl_89", 0 0, L_000001d00cf5cd40;  1 drivers
v000001d00cf493b0_0 .net *"_ivl_91", 0 0, L_000001d00cf5c3e0;  1 drivers
v000001d00cf485f0_0 .net *"_ivl_92", 0 0, L_000001d00cfa7460;  1 drivers
v000001d00cf49130_0 .net *"_ivl_94", 0 0, L_000001d00cfa6dd0;  1 drivers
v000001d00cf47d30_0 .net *"_ivl_96", 0 0, L_000001d00cfa6e40;  1 drivers
v000001d00cf491d0_0 .net *"_ivl_98", 0 0, L_000001d00cfa6b30;  1 drivers
v000001d00cf48730_0 .net "c", 8 0, L_000001d00cf5be40;  1 drivers
v000001d00cf494f0_0 .var "carry_out", 0 0;
v000001d00cf49a90_0 .net "clock", 0 0, v000001d00cf572a0_0;  alias, 1 drivers
v000001d00cf49d10_0 .net "enable", 0 0, L_000001d00cfafd60;  alias, 1 drivers
v000001d00cf496d0_0 .net "g", 7 0, L_000001d00cfa7a10;  1 drivers
v000001d00cf49770_0 .net "in1", 7 0, L_000001d00cfa6970;  alias, 1 drivers
v000001d00cf49bd0_0 .net "in2", 7 0, L_000001d00cf5e110;  alias, 1 drivers
v000001d00cf49c70_0 .net "p", 7 0, L_000001d00cfa77e0;  1 drivers
v000001d00cf49e50_0 .var "sum_output", 7 0;
L_000001d00cf5a680 .part L_000001d00cfa7a10, 0, 1;
L_000001d00cf59f00 .part L_000001d00cfa7a10, 1, 1;
L_000001d00cf59b40 .part L_000001d00cfa77e0, 1, 1;
L_000001d00cf58d80 .part L_000001d00cfa7a10, 0, 1;
L_000001d00cf5a0e0 .part L_000001d00cfa7a10, 2, 1;
L_000001d00cf59fa0 .part L_000001d00cfa77e0, 2, 1;
L_000001d00cf58a60 .part L_000001d00cfa7a10, 1, 1;
L_000001d00cf584c0 .part L_000001d00cfa77e0, 1, 1;
L_000001d00cf58560 .part L_000001d00cfa7a10, 0, 1;
L_000001d00cf5a720 .part L_000001d00cfa7a10, 3, 1;
L_000001d00cf58100 .part L_000001d00cfa77e0, 3, 1;
L_000001d00cf5a7c0 .part L_000001d00cfa7a10, 2, 1;
L_000001d00cf58740 .part L_000001d00cfa77e0, 2, 1;
L_000001d00cf58ba0 .part L_000001d00cfa7a10, 1, 1;
L_000001d00cf59140 .part L_000001d00cfa77e0, 1, 1;
L_000001d00cf5c020 .part L_000001d00cfa7a10, 0, 1;
L_000001d00cf5b9e0 .part L_000001d00cfa7a10, 4, 1;
L_000001d00cf5ba80 .part L_000001d00cfa77e0, 4, 1;
L_000001d00cf5c980 .part L_000001d00cfa7a10, 3, 1;
L_000001d00cf5aa40 .part L_000001d00cfa77e0, 3, 1;
L_000001d00cf5b120 .part L_000001d00cfa7a10, 2, 1;
L_000001d00cf5c840 .part L_000001d00cfa77e0, 2, 1;
L_000001d00cf5bc60 .part L_000001d00cfa7a10, 1, 1;
L_000001d00cf5cd40 .part L_000001d00cfa77e0, 1, 1;
L_000001d00cf5c3e0 .part L_000001d00cfa7a10, 0, 1;
L_000001d00cf5b1c0 .part L_000001d00cfa7a10, 5, 1;
L_000001d00cf5c700 .part L_000001d00cfa77e0, 5, 1;
L_000001d00cf5c0c0 .part L_000001d00cfa7a10, 4, 1;
L_000001d00cf5a9a0 .part L_000001d00cfa77e0, 4, 1;
L_000001d00cf5bd00 .part L_000001d00cfa7a10, 3, 1;
L_000001d00cf5c8e0 .part L_000001d00cfa77e0, 3, 1;
L_000001d00cf5c5c0 .part L_000001d00cfa7a10, 2, 1;
L_000001d00cf5b620 .part L_000001d00cfa77e0, 2, 1;
L_000001d00cf5b260 .part L_000001d00cfa7a10, 1, 1;
L_000001d00cf5bf80 .part L_000001d00cfa77e0, 1, 1;
L_000001d00cf5cfc0 .part L_000001d00cfa7a10, 0, 1;
L_000001d00cf5aae0 .part L_000001d00cfa7a10, 6, 1;
L_000001d00cf5c160 .part L_000001d00cfa77e0, 6, 1;
L_000001d00cf5b6c0 .part L_000001d00cfa7a10, 5, 1;
L_000001d00cf5bda0 .part L_000001d00cfa77e0, 5, 1;
L_000001d00cf5c200 .part L_000001d00cfa7a10, 4, 1;
L_000001d00cf5ab80 .part L_000001d00cfa77e0, 4, 1;
L_000001d00cf5b760 .part L_000001d00cfa7a10, 3, 1;
L_000001d00cf5cb60 .part L_000001d00cfa77e0, 3, 1;
L_000001d00cf5cf20 .part L_000001d00cfa7a10, 2, 1;
L_000001d00cf5ac20 .part L_000001d00cfa77e0, 2, 1;
L_000001d00cf5ae00 .part L_000001d00cfa7a10, 1, 1;
L_000001d00cf5acc0 .part L_000001d00cfa77e0, 1, 1;
L_000001d00cf5ce80 .part L_000001d00cfa7a10, 0, 1;
LS_000001d00cf5be40_0_0 .concat8 [ 1 1 1 1], L_000001d00cf5e158, L_000001d00cf5a680, L_000001d00cfa7230, L_000001d00cfa6820;
LS_000001d00cf5be40_0_4 .concat8 [ 1 1 1 1], L_000001d00cfa73f0, L_000001d00cfa7bd0, L_000001d00cfa6200, L_000001d00cfac990;
LS_000001d00cf5be40_0_8 .concat8 [ 1 0 0 0], L_000001d00cfac1b0;
L_000001d00cf5be40 .concat8 [ 4 4 1 0], LS_000001d00cf5be40_0_0, LS_000001d00cf5be40_0_4, LS_000001d00cf5be40_0_8;
L_000001d00cf5b3a0 .part L_000001d00cfa7a10, 7, 1;
L_000001d00cf5ad60 .part L_000001d00cfa77e0, 7, 1;
L_000001d00cf5afe0 .part L_000001d00cfa7a10, 6, 1;
L_000001d00cf5b300 .part L_000001d00cfa77e0, 6, 1;
L_000001d00cf5c2a0 .part L_000001d00cfa7a10, 5, 1;
L_000001d00cf5b440 .part L_000001d00cfa77e0, 5, 1;
L_000001d00cf5bee0 .part L_000001d00cfa7a10, 4, 1;
L_000001d00cf5b4e0 .part L_000001d00cfa77e0, 4, 1;
L_000001d00cf5cde0 .part L_000001d00cfa7a10, 3, 1;
L_000001d00cf5b080 .part L_000001d00cfa77e0, 3, 1;
L_000001d00cf5c340 .part L_000001d00cfa7a10, 2, 1;
L_000001d00cf5aea0 .part L_000001d00cfa77e0, 2, 1;
L_000001d00cf5c480 .part L_000001d00cfa7a10, 1, 1;
L_000001d00cf5d060 .part L_000001d00cfa77e0, 1, 1;
L_000001d00cf5c660 .part L_000001d00cfa7a10, 0, 1;
S_000001d00ce221d0 .scope module, "M3" "select" 2 218, 2 33 0, S_000001d00ce3bbb0;
 .timescale 0 0;
    .port_info 0 /INPUT 8 "in1";
    .port_info 1 /INPUT 8 "in2";
    .port_info 2 /INPUT 1 "enable";
    .port_info 3 /OUTPUT 8 "out";
    .port_info 4 /INPUT 1 "clock";
v000001d00cf4c650_0 .net "clock", 0 0, v000001d00cf572a0_0;  alias, 1 drivers
v000001d00cf4a490_0 .net "enable", 0 0, L_000001d00cfaf220;  1 drivers
v000001d00cf4c010_0 .net "in1", 7 0, v000001d00cf56940_0;  alias, 1 drivers
v000001d00cf4b750_0 .net "in2", 7 0, v000001d00cf561c0_0;  alias, 1 drivers
v000001d00cf4b7f0_0 .var "out", 7 0;
S_000001d00ce24f50 .scope module, "M4" "left_shift" 2 219, 2 47 0, S_000001d00ce3bbb0;
 .timescale 0 0;
    .port_info 0 /INPUT 8 "in1";
    .port_info 1 /INPUT 8 "in2";
    .port_info 2 /INPUT 1 "enable";
    .port_info 3 /OUTPUT 8 "out";
    .port_info 4 /INPUT 1 "clock";
v000001d00cf568a0_0 .net "carry_out", 0 0, v000001d00cf55a40_0;  1 drivers
v000001d00cf56ee0_0 .net "clock", 0 0, v000001d00cf572a0_0;  alias, 1 drivers
v000001d00cf56c60_0 .net "enable", 0 0, L_000001d00cfb3140;  1 drivers
v000001d00cf569e0_0 .net "in1", 7 0, v000001d00cf56940_0;  alias, 1 drivers
v000001d00cf57c00_0 .net "in2", 7 0, v000001d00cf561c0_0;  alias, 1 drivers
v000001d00cf57520_0 .net8 "out", 7 0, RS_000001d00cee4478;  alias, 8 drivers
S_000001d00ce250e0 .scope module, "M1" "cla" 2 54, 2 120 0, S_000001d00ce24f50;
 .timescale 0 0;
    .port_info 0 /INPUT 8 "in1";
    .port_info 1 /INPUT 8 "in2";
    .port_info 2 /OUTPUT 1 "carry_out";
    .port_info 3 /INPUT 1 "enable";
    .port_info 4 /INPUT 1 "clock";
    .port_info 5 /OUTPUT 8 "sum_output";
L_000001d00cfb7950 .functor XOR 8, v000001d00cf56940_0, v000001d00cf56940_0, C4<00000000>, C4<00000000>;
L_000001d00cfb7800 .functor AND 8, v000001d00cf56940_0, v000001d00cf56940_0, C4<11111111>, C4<11111111>;
L_000001d00cfb84b0 .functor AND 1, L_000001d00cfb0d00, L_000001d00cfb0da0, C4<1>, C4<1>;
L_000001d00cfb79c0 .functor OR 1, L_000001d00cfaffe0, L_000001d00cfb84b0, C4<0>, C4<0>;
L_000001d00cfb8590 .functor AND 1, L_000001d00cfb0620, L_000001d00cfae820, C4<1>, C4<1>;
L_000001d00cfb7f00 .functor OR 1, L_000001d00cfae780, L_000001d00cfb8590, C4<0>, C4<0>;
L_000001d00cfb7410 .functor AND 1, L_000001d00cfb0e40, L_000001d00cfb7f00, C4<1>, C4<1>;
L_000001d00cfb8a60 .functor OR 1, L_000001d00cfb03a0, L_000001d00cfb7410, C4<0>, C4<0>;
L_000001d00cfb74f0 .functor AND 1, L_000001d00cfaec80, L_000001d00cfaf7c0, C4<1>, C4<1>;
L_000001d00cfb7250 .functor OR 1, L_000001d00cfaeb40, L_000001d00cfb74f0, C4<0>, C4<0>;
L_000001d00cfb8750 .functor AND 1, L_000001d00cfaeaa0, L_000001d00cfb7250, C4<1>, C4<1>;
L_000001d00cfb7870 .functor OR 1, L_000001d00cfaea00, L_000001d00cfb8750, C4<0>, C4<0>;
L_000001d00cfb8d00 .functor AND 1, L_000001d00cfaf4a0, L_000001d00cfb7870, C4<1>, C4<1>;
L_000001d00cfb8440 .functor OR 1, L_000001d00cfae960, L_000001d00cfb8d00, C4<0>, C4<0>;
L_000001d00cfb8050 .functor AND 1, L_000001d00cfb22e0, L_000001d00cfb2600, C4<1>, C4<1>;
L_000001d00cfb7790 .functor OR 1, L_000001d00cfaf680, L_000001d00cfb8050, C4<0>, C4<0>;
L_000001d00cfb71e0 .functor AND 1, L_000001d00cfaf5e0, L_000001d00cfb7790, C4<1>, C4<1>;
L_000001d00cfb7bf0 .functor OR 1, L_000001d00cfaf540, L_000001d00cfb71e0, C4<0>, C4<0>;
L_000001d00cfb76b0 .functor AND 1, L_000001d00cfaf400, L_000001d00cfb7bf0, C4<1>, C4<1>;
L_000001d00cfb7560 .functor OR 1, L_000001d00cfaef00, L_000001d00cfb76b0, C4<0>, C4<0>;
L_000001d00cfb8ad0 .functor AND 1, L_000001d00cfaedc0, L_000001d00cfb7560, C4<1>, C4<1>;
L_000001d00cfb8b40 .functor OR 1, L_000001d00cfaebe0, L_000001d00cfb8ad0, C4<0>, C4<0>;
L_000001d00cfb7cd0 .functor AND 1, L_000001d00cfb2c40, L_000001d00cfb3320, C4<1>, C4<1>;
L_000001d00cfb78e0 .functor OR 1, L_000001d00cfb1340, L_000001d00cfb7cd0, C4<0>, C4<0>;
L_000001d00cfb8670 .functor AND 1, L_000001d00cfb3640, L_000001d00cfb78e0, C4<1>, C4<1>;
L_000001d00cfb75d0 .functor OR 1, L_000001d00cfb1700, L_000001d00cfb8670, C4<0>, C4<0>;
L_000001d00cfb7720 .functor AND 1, L_000001d00cfb2420, L_000001d00cfb75d0, C4<1>, C4<1>;
L_000001d00cfb8bb0 .functor OR 1, L_000001d00cfb1840, L_000001d00cfb7720, C4<0>, C4<0>;
L_000001d00cfb7d40 .functor AND 1, L_000001d00cfb1020, L_000001d00cfb8bb0, C4<1>, C4<1>;
L_000001d00cfb7db0 .functor OR 1, L_000001d00cfb3280, L_000001d00cfb7d40, C4<0>, C4<0>;
L_000001d00cfb86e0 .functor AND 1, L_000001d00cfb2d80, L_000001d00cfb7db0, C4<1>, C4<1>;
L_000001d00cfb8c20 .functor OR 1, L_000001d00cfb2f60, L_000001d00cfb86e0, C4<0>, C4<0>;
L_000001d00cfb80c0 .functor AND 1, L_000001d00cfb26a0, L_000001d00cfb1ac0, C4<1>, C4<1>;
L_000001d00cfb7e20 .functor OR 1, L_000001d00cfb1980, L_000001d00cfb80c0, C4<0>, C4<0>;
L_000001d00cfb7a30 .functor AND 1, L_000001d00cfb1660, L_000001d00cfb7e20, C4<1>, C4<1>;
L_000001d00cfb87c0 .functor OR 1, L_000001d00cfb2ce0, L_000001d00cfb7a30, C4<0>, C4<0>;
L_000001d00cfb8830 .functor AND 1, L_000001d00cfb2ec0, L_000001d00cfb87c0, C4<1>, C4<1>;
L_000001d00cfb7e90 .functor OR 1, L_000001d00cfb12a0, L_000001d00cfb8830, C4<0>, C4<0>;
L_000001d00cfb8c90 .functor AND 1, L_000001d00cfb24c0, L_000001d00cfb7e90, C4<1>, C4<1>;
L_000001d00cfb8520 .functor OR 1, L_000001d00cfb2e20, L_000001d00cfb8c90, C4<0>, C4<0>;
L_000001d00cfb8130 .functor AND 1, L_000001d00cfb1160, L_000001d00cfb8520, C4<1>, C4<1>;
L_000001d00cfb88a0 .functor OR 1, L_000001d00cfb10c0, L_000001d00cfb8130, C4<0>, C4<0>;
L_000001d00cfb7b10 .functor AND 1, L_000001d00cfb1ca0, L_000001d00cfb88a0, C4<1>, C4<1>;
L_000001d00cfb8910 .functor OR 1, L_000001d00cfb1d40, L_000001d00cfb7b10, C4<0>, C4<0>;
L_000001d00cfb7b80 .functor AND 1, L_000001d00cfb1e80, L_000001d00cfb2ba0, C4<1>, C4<1>;
L_000001d00cfb8360 .functor OR 1, L_000001d00cfb2920, L_000001d00cfb7b80, C4<0>, C4<0>;
L_000001d00cfb7f70 .functor AND 1, L_000001d00cfb2880, L_000001d00cfb8360, C4<1>, C4<1>;
L_000001d00cfb7170 .functor OR 1, L_000001d00cfb27e0, L_000001d00cfb7f70, C4<0>, C4<0>;
L_000001d00cfb7fe0 .functor AND 1, L_000001d00cfb13e0, L_000001d00cfb7170, C4<1>, C4<1>;
L_000001d00cfb8980 .functor OR 1, L_000001d00cfb2b00, L_000001d00cfb7fe0, C4<0>, C4<0>;
L_000001d00cfb81a0 .functor AND 1, L_000001d00cfb2560, L_000001d00cfb8980, C4<1>, C4<1>;
L_000001d00cfb8210 .functor OR 1, L_000001d00cfb36e0, L_000001d00cfb81a0, C4<0>, C4<0>;
L_000001d00cfb8280 .functor AND 1, L_000001d00cfb2740, L_000001d00cfb8210, C4<1>, C4<1>;
L_000001d00cfb89f0 .functor OR 1, L_000001d00cfb18e0, L_000001d00cfb8280, C4<0>, C4<0>;
L_000001d00cfb8600 .functor AND 1, L_000001d00cfb1de0, L_000001d00cfb89f0, C4<1>, C4<1>;
L_000001d00cfb82f0 .functor OR 1, L_000001d00cfb30a0, L_000001d00cfb8600, C4<0>, C4<0>;
L_000001d00cfb8e50 .functor AND 1, L_000001d00cfb3000, L_000001d00cfb82f0, C4<1>, C4<1>;
L_000001d00cfb8ec0 .functor OR 1, L_000001d00cfb2380, L_000001d00cfb8e50, C4<0>, C4<0>;
v000001d00cf4b430_0 .net *"_ivl_100", 0 0, L_000001d00cfb76b0;  1 drivers
v000001d00cf4ad50_0 .net *"_ivl_102", 0 0, L_000001d00cfb7560;  1 drivers
v000001d00cf4c330_0 .net *"_ivl_104", 0 0, L_000001d00cfb8ad0;  1 drivers
v000001d00cf4c470_0 .net *"_ivl_106", 0 0, L_000001d00cfb8b40;  1 drivers
v000001d00cf4b4d0_0 .net *"_ivl_11", 0 0, L_000001d00cfafcc0;  1 drivers
v000001d00cf4bd90_0 .net *"_ivl_111", 0 0, L_000001d00cfb2f60;  1 drivers
v000001d00cf4c1f0_0 .net *"_ivl_113", 0 0, L_000001d00cfb2d80;  1 drivers
v000001d00cf4b890_0 .net *"_ivl_115", 0 0, L_000001d00cfb3280;  1 drivers
v000001d00cf4b9d0_0 .net *"_ivl_117", 0 0, L_000001d00cfb1020;  1 drivers
v000001d00cf4a5d0_0 .net *"_ivl_119", 0 0, L_000001d00cfb1840;  1 drivers
v000001d00cf4b610_0 .net *"_ivl_121", 0 0, L_000001d00cfb2420;  1 drivers
v000001d00cf4c0b0_0 .net *"_ivl_123", 0 0, L_000001d00cfb1700;  1 drivers
v000001d00cf4afd0_0 .net *"_ivl_125", 0 0, L_000001d00cfb3640;  1 drivers
v000001d00cf4a990_0 .net *"_ivl_127", 0 0, L_000001d00cfb1340;  1 drivers
v000001d00cf4b070_0 .net *"_ivl_129", 0 0, L_000001d00cfb2c40;  1 drivers
v000001d00cf4ba70_0 .net *"_ivl_131", 0 0, L_000001d00cfb3320;  1 drivers
v000001d00cf4b250_0 .net *"_ivl_132", 0 0, L_000001d00cfb7cd0;  1 drivers
v000001d00cf4a8f0_0 .net *"_ivl_134", 0 0, L_000001d00cfb78e0;  1 drivers
v000001d00cf4bb10_0 .net *"_ivl_136", 0 0, L_000001d00cfb8670;  1 drivers
v000001d00cf4c150_0 .net *"_ivl_138", 0 0, L_000001d00cfb75d0;  1 drivers
v000001d00cf4a7b0_0 .net *"_ivl_140", 0 0, L_000001d00cfb7720;  1 drivers
v000001d00cf4b2f0_0 .net *"_ivl_142", 0 0, L_000001d00cfb8bb0;  1 drivers
v000001d00cf4b390_0 .net *"_ivl_144", 0 0, L_000001d00cfb7d40;  1 drivers
v000001d00cf4bbb0_0 .net *"_ivl_146", 0 0, L_000001d00cfb7db0;  1 drivers
v000001d00cf4aa30_0 .net *"_ivl_148", 0 0, L_000001d00cfb86e0;  1 drivers
v000001d00cf4a350_0 .net *"_ivl_15", 0 0, L_000001d00cfaffe0;  1 drivers
v000001d00cf4ae90_0 .net *"_ivl_150", 0 0, L_000001d00cfb8c20;  1 drivers
v000001d00cf4bc50_0 .net *"_ivl_155", 0 0, L_000001d00cfb1d40;  1 drivers
v000001d00cf4a170_0 .net *"_ivl_157", 0 0, L_000001d00cfb1ca0;  1 drivers
v000001d00cf4bcf0_0 .net *"_ivl_159", 0 0, L_000001d00cfb10c0;  1 drivers
v000001d00cf4c6f0_0 .net *"_ivl_161", 0 0, L_000001d00cfb1160;  1 drivers
v000001d00cf4a850_0 .net *"_ivl_163", 0 0, L_000001d00cfb2e20;  1 drivers
v000001d00cf4a670_0 .net *"_ivl_165", 0 0, L_000001d00cfb24c0;  1 drivers
v000001d00cf4a710_0 .net *"_ivl_167", 0 0, L_000001d00cfb12a0;  1 drivers
v000001d00cf4c290_0 .net *"_ivl_169", 0 0, L_000001d00cfb2ec0;  1 drivers
v000001d00cf4c3d0_0 .net *"_ivl_17", 0 0, L_000001d00cfb0d00;  1 drivers
v000001d00cf4c790_0 .net *"_ivl_171", 0 0, L_000001d00cfb2ce0;  1 drivers
v000001d00cf4c830_0 .net *"_ivl_173", 0 0, L_000001d00cfb1660;  1 drivers
v000001d00cf4aad0_0 .net *"_ivl_175", 0 0, L_000001d00cfb1980;  1 drivers
v000001d00cf4a0d0_0 .net *"_ivl_177", 0 0, L_000001d00cfb26a0;  1 drivers
v000001d00cf4ac10_0 .net *"_ivl_179", 0 0, L_000001d00cfb1ac0;  1 drivers
v000001d00cf4acb0_0 .net *"_ivl_180", 0 0, L_000001d00cfb80c0;  1 drivers
v000001d00cf4adf0_0 .net *"_ivl_182", 0 0, L_000001d00cfb7e20;  1 drivers
v000001d00cf4af30_0 .net *"_ivl_184", 0 0, L_000001d00cfb7a30;  1 drivers
v000001d00cf4b110_0 .net *"_ivl_186", 0 0, L_000001d00cfb87c0;  1 drivers
v000001d00cf4cab0_0 .net *"_ivl_188", 0 0, L_000001d00cfb8830;  1 drivers
v000001d00cf4cf10_0 .net *"_ivl_19", 0 0, L_000001d00cfb0da0;  1 drivers
v000001d00cf4cc90_0 .net *"_ivl_190", 0 0, L_000001d00cfb7e90;  1 drivers
v000001d00cf4cdd0_0 .net *"_ivl_192", 0 0, L_000001d00cfb8c90;  1 drivers
v000001d00cf4ca10_0 .net *"_ivl_194", 0 0, L_000001d00cfb8520;  1 drivers
v000001d00cf4ce70_0 .net *"_ivl_196", 0 0, L_000001d00cfb8130;  1 drivers
v000001d00cf4cd30_0 .net *"_ivl_198", 0 0, L_000001d00cfb88a0;  1 drivers
v000001d00cf4cfb0_0 .net *"_ivl_20", 0 0, L_000001d00cfb84b0;  1 drivers
v000001d00cf4c8d0_0 .net *"_ivl_200", 0 0, L_000001d00cfb7b10;  1 drivers
v000001d00cf4c970_0 .net *"_ivl_202", 0 0, L_000001d00cfb8910;  1 drivers
v000001d00cf4cb50_0 .net *"_ivl_208", 0 0, L_000001d00cfb2380;  1 drivers
v000001d00cf4cbf0_0 .net *"_ivl_210", 0 0, L_000001d00cfb3000;  1 drivers
v000001d00cf47650_0 .net *"_ivl_212", 0 0, L_000001d00cfb30a0;  1 drivers
v000001d00cf473d0_0 .net *"_ivl_214", 0 0, L_000001d00cfb1de0;  1 drivers
v000001d00cf462f0_0 .net *"_ivl_216", 0 0, L_000001d00cfb18e0;  1 drivers
v000001d00cf47470_0 .net *"_ivl_218", 0 0, L_000001d00cfb2740;  1 drivers
v000001d00cf45490_0 .net *"_ivl_22", 0 0, L_000001d00cfb79c0;  1 drivers
v000001d00cf46ed0_0 .net *"_ivl_220", 0 0, L_000001d00cfb36e0;  1 drivers
v000001d00cf46570_0 .net *"_ivl_222", 0 0, L_000001d00cfb2560;  1 drivers
v000001d00cf46d90_0 .net *"_ivl_224", 0 0, L_000001d00cfb2b00;  1 drivers
v000001d00cf461b0_0 .net *"_ivl_226", 0 0, L_000001d00cfb13e0;  1 drivers
v000001d00cf46430_0 .net *"_ivl_228", 0 0, L_000001d00cfb27e0;  1 drivers
v000001d00cf457b0_0 .net *"_ivl_230", 0 0, L_000001d00cfb2880;  1 drivers
v000001d00cf453f0_0 .net *"_ivl_232", 0 0, L_000001d00cfb2920;  1 drivers
v000001d00cf46f70_0 .net *"_ivl_234", 0 0, L_000001d00cfb1e80;  1 drivers
v000001d00cf47510_0 .net *"_ivl_236", 0 0, L_000001d00cfb2ba0;  1 drivers
v000001d00cf464d0_0 .net *"_ivl_237", 0 0, L_000001d00cfb7b80;  1 drivers
v000001d00cf46610_0 .net *"_ivl_239", 0 0, L_000001d00cfb8360;  1 drivers
v000001d00cf45df0_0 .net *"_ivl_241", 0 0, L_000001d00cfb7f70;  1 drivers
v000001d00cf452b0_0 .net *"_ivl_243", 0 0, L_000001d00cfb7170;  1 drivers
v000001d00cf47790_0 .net *"_ivl_245", 0 0, L_000001d00cfb7fe0;  1 drivers
v000001d00cf45350_0 .net *"_ivl_247", 0 0, L_000001d00cfb8980;  1 drivers
v000001d00cf45530_0 .net *"_ivl_249", 0 0, L_000001d00cfb81a0;  1 drivers
v000001d00cf455d0_0 .net *"_ivl_251", 0 0, L_000001d00cfb8210;  1 drivers
v000001d00cf466b0_0 .net *"_ivl_253", 0 0, L_000001d00cfb8280;  1 drivers
v000001d00cf45210_0 .net *"_ivl_255", 0 0, L_000001d00cfb89f0;  1 drivers
v000001d00cf45850_0 .net *"_ivl_257", 0 0, L_000001d00cfb8600;  1 drivers
v000001d00cf47010_0 .net *"_ivl_259", 0 0, L_000001d00cfb82f0;  1 drivers
v000001d00cf45ad0_0 .net *"_ivl_261", 0 0, L_000001d00cfb8e50;  1 drivers
v000001d00cf45a30_0 .net *"_ivl_263", 0 0, L_000001d00cfb8ec0;  1 drivers
v000001d00cf46a70_0 .net *"_ivl_27", 0 0, L_000001d00cfb03a0;  1 drivers
v000001d00cf47830_0 .net *"_ivl_29", 0 0, L_000001d00cfb0e40;  1 drivers
v000001d00cf470b0_0 .net *"_ivl_31", 0 0, L_000001d00cfae780;  1 drivers
v000001d00cf46b10_0 .net *"_ivl_33", 0 0, L_000001d00cfb0620;  1 drivers
v000001d00cf45670_0 .net *"_ivl_35", 0 0, L_000001d00cfae820;  1 drivers
v000001d00cf458f0_0 .net *"_ivl_36", 0 0, L_000001d00cfb8590;  1 drivers
v000001d00cf46750_0 .net *"_ivl_38", 0 0, L_000001d00cfb7f00;  1 drivers
v000001d00cf467f0_0 .net *"_ivl_40", 0 0, L_000001d00cfb7410;  1 drivers
v000001d00cf46890_0 .net *"_ivl_42", 0 0, L_000001d00cfb8a60;  1 drivers
v000001d00cf47330_0 .net *"_ivl_47", 0 0, L_000001d00cfae960;  1 drivers
v000001d00cf46930_0 .net *"_ivl_49", 0 0, L_000001d00cfaf4a0;  1 drivers
v000001d00cf469d0_0 .net *"_ivl_51", 0 0, L_000001d00cfaea00;  1 drivers
v000001d00cf475b0_0 .net *"_ivl_53", 0 0, L_000001d00cfaeaa0;  1 drivers
v000001d00cf45990_0 .net *"_ivl_55", 0 0, L_000001d00cfaeb40;  1 drivers
v000001d00cf45710_0 .net *"_ivl_57", 0 0, L_000001d00cfaec80;  1 drivers
v000001d00cf46250_0 .net *"_ivl_59", 0 0, L_000001d00cfaf7c0;  1 drivers
L_000001d00cf5e1e8 .functor BUFT 1, C4<0>, C4<0>, C4<0>, C4<0>;
v000001d00cf45d50_0 .net/2s *"_ivl_6", 0 0, L_000001d00cf5e1e8;  1 drivers
v000001d00cf46bb0_0 .net *"_ivl_60", 0 0, L_000001d00cfb74f0;  1 drivers
v000001d00cf45b70_0 .net *"_ivl_62", 0 0, L_000001d00cfb7250;  1 drivers
v000001d00cf450d0_0 .net *"_ivl_64", 0 0, L_000001d00cfb8750;  1 drivers
v000001d00cf45170_0 .net *"_ivl_66", 0 0, L_000001d00cfb7870;  1 drivers
v000001d00cf46390_0 .net *"_ivl_68", 0 0, L_000001d00cfb8d00;  1 drivers
v000001d00cf46e30_0 .net *"_ivl_70", 0 0, L_000001d00cfb8440;  1 drivers
v000001d00cf47150_0 .net *"_ivl_75", 0 0, L_000001d00cfaebe0;  1 drivers
v000001d00cf45c10_0 .net *"_ivl_77", 0 0, L_000001d00cfaedc0;  1 drivers
v000001d00cf45cb0_0 .net *"_ivl_79", 0 0, L_000001d00cfaef00;  1 drivers
v000001d00cf46c50_0 .net *"_ivl_81", 0 0, L_000001d00cfaf400;  1 drivers
v000001d00cf45e90_0 .net *"_ivl_83", 0 0, L_000001d00cfaf540;  1 drivers
v000001d00cf46cf0_0 .net *"_ivl_85", 0 0, L_000001d00cfaf5e0;  1 drivers
v000001d00cf471f0_0 .net *"_ivl_87", 0 0, L_000001d00cfaf680;  1 drivers
v000001d00cf45f30_0 .net *"_ivl_89", 0 0, L_000001d00cfb22e0;  1 drivers
v000001d00cf476f0_0 .net *"_ivl_91", 0 0, L_000001d00cfb2600;  1 drivers
v000001d00cf47290_0 .net *"_ivl_92", 0 0, L_000001d00cfb8050;  1 drivers
v000001d00cf45fd0_0 .net *"_ivl_94", 0 0, L_000001d00cfb7790;  1 drivers
v000001d00cf46070_0 .net *"_ivl_96", 0 0, L_000001d00cfb71e0;  1 drivers
v000001d00cf46110_0 .net *"_ivl_98", 0 0, L_000001d00cfb7bf0;  1 drivers
v000001d00cf559a0_0 .net "c", 8 0, L_000001d00cfb17a0;  1 drivers
v000001d00cf55a40_0 .var "carry_out", 0 0;
v000001d00cf566c0_0 .net "clock", 0 0, v000001d00cf572a0_0;  alias, 1 drivers
v000001d00cf57ac0_0 .net "enable", 0 0, L_000001d00cfb3140;  alias, 1 drivers
v000001d00cf55ea0_0 .net "g", 7 0, L_000001d00cfb7800;  1 drivers
v000001d00cf56da0_0 .net "in1", 7 0, v000001d00cf56940_0;  alias, 1 drivers
v000001d00cf575c0_0 .net "in2", 7 0, v000001d00cf56940_0;  alias, 1 drivers
v000001d00cf56f80_0 .net "p", 7 0, L_000001d00cfb7950;  1 drivers
v000001d00cf55fe0_0 .var "sum_output", 7 0;
L_000001d00cfafcc0 .part L_000001d00cfb7800, 0, 1;
L_000001d00cfaffe0 .part L_000001d00cfb7800, 1, 1;
L_000001d00cfb0d00 .part L_000001d00cfb7950, 1, 1;
L_000001d00cfb0da0 .part L_000001d00cfb7800, 0, 1;
L_000001d00cfb03a0 .part L_000001d00cfb7800, 2, 1;
L_000001d00cfb0e40 .part L_000001d00cfb7950, 2, 1;
L_000001d00cfae780 .part L_000001d00cfb7800, 1, 1;
L_000001d00cfb0620 .part L_000001d00cfb7950, 1, 1;
L_000001d00cfae820 .part L_000001d00cfb7800, 0, 1;
L_000001d00cfae960 .part L_000001d00cfb7800, 3, 1;
L_000001d00cfaf4a0 .part L_000001d00cfb7950, 3, 1;
L_000001d00cfaea00 .part L_000001d00cfb7800, 2, 1;
L_000001d00cfaeaa0 .part L_000001d00cfb7950, 2, 1;
L_000001d00cfaeb40 .part L_000001d00cfb7800, 1, 1;
L_000001d00cfaec80 .part L_000001d00cfb7950, 1, 1;
L_000001d00cfaf7c0 .part L_000001d00cfb7800, 0, 1;
L_000001d00cfaebe0 .part L_000001d00cfb7800, 4, 1;
L_000001d00cfaedc0 .part L_000001d00cfb7950, 4, 1;
L_000001d00cfaef00 .part L_000001d00cfb7800, 3, 1;
L_000001d00cfaf400 .part L_000001d00cfb7950, 3, 1;
L_000001d00cfaf540 .part L_000001d00cfb7800, 2, 1;
L_000001d00cfaf5e0 .part L_000001d00cfb7950, 2, 1;
L_000001d00cfaf680 .part L_000001d00cfb7800, 1, 1;
L_000001d00cfb22e0 .part L_000001d00cfb7950, 1, 1;
L_000001d00cfb2600 .part L_000001d00cfb7800, 0, 1;
L_000001d00cfb2f60 .part L_000001d00cfb7800, 5, 1;
L_000001d00cfb2d80 .part L_000001d00cfb7950, 5, 1;
L_000001d00cfb3280 .part L_000001d00cfb7800, 4, 1;
L_000001d00cfb1020 .part L_000001d00cfb7950, 4, 1;
L_000001d00cfb1840 .part L_000001d00cfb7800, 3, 1;
L_000001d00cfb2420 .part L_000001d00cfb7950, 3, 1;
L_000001d00cfb1700 .part L_000001d00cfb7800, 2, 1;
L_000001d00cfb3640 .part L_000001d00cfb7950, 2, 1;
L_000001d00cfb1340 .part L_000001d00cfb7800, 1, 1;
L_000001d00cfb2c40 .part L_000001d00cfb7950, 1, 1;
L_000001d00cfb3320 .part L_000001d00cfb7800, 0, 1;
L_000001d00cfb1d40 .part L_000001d00cfb7800, 6, 1;
L_000001d00cfb1ca0 .part L_000001d00cfb7950, 6, 1;
L_000001d00cfb10c0 .part L_000001d00cfb7800, 5, 1;
L_000001d00cfb1160 .part L_000001d00cfb7950, 5, 1;
L_000001d00cfb2e20 .part L_000001d00cfb7800, 4, 1;
L_000001d00cfb24c0 .part L_000001d00cfb7950, 4, 1;
L_000001d00cfb12a0 .part L_000001d00cfb7800, 3, 1;
L_000001d00cfb2ec0 .part L_000001d00cfb7950, 3, 1;
L_000001d00cfb2ce0 .part L_000001d00cfb7800, 2, 1;
L_000001d00cfb1660 .part L_000001d00cfb7950, 2, 1;
L_000001d00cfb1980 .part L_000001d00cfb7800, 1, 1;
L_000001d00cfb26a0 .part L_000001d00cfb7950, 1, 1;
L_000001d00cfb1ac0 .part L_000001d00cfb7800, 0, 1;
LS_000001d00cfb17a0_0_0 .concat8 [ 1 1 1 1], L_000001d00cf5e1e8, L_000001d00cfafcc0, L_000001d00cfb79c0, L_000001d00cfb8a60;
LS_000001d00cfb17a0_0_4 .concat8 [ 1 1 1 1], L_000001d00cfb8440, L_000001d00cfb8b40, L_000001d00cfb8c20, L_000001d00cfb8910;
LS_000001d00cfb17a0_0_8 .concat8 [ 1 0 0 0], L_000001d00cfb8ec0;
L_000001d00cfb17a0 .concat8 [ 4 4 1 0], LS_000001d00cfb17a0_0_0, LS_000001d00cfb17a0_0_4, LS_000001d00cfb17a0_0_8;
L_000001d00cfb2380 .part L_000001d00cfb7800, 7, 1;
L_000001d00cfb3000 .part L_000001d00cfb7950, 7, 1;
L_000001d00cfb30a0 .part L_000001d00cfb7800, 6, 1;
L_000001d00cfb1de0 .part L_000001d00cfb7950, 6, 1;
L_000001d00cfb18e0 .part L_000001d00cfb7800, 5, 1;
L_000001d00cfb2740 .part L_000001d00cfb7950, 5, 1;
L_000001d00cfb36e0 .part L_000001d00cfb7800, 4, 1;
L_000001d00cfb2560 .part L_000001d00cfb7950, 4, 1;
L_000001d00cfb2b00 .part L_000001d00cfb7800, 3, 1;
L_000001d00cfb13e0 .part L_000001d00cfb7950, 3, 1;
L_000001d00cfb27e0 .part L_000001d00cfb7800, 2, 1;
L_000001d00cfb2880 .part L_000001d00cfb7950, 2, 1;
L_000001d00cfb2920 .part L_000001d00cfb7800, 1, 1;
L_000001d00cfb1e80 .part L_000001d00cfb7950, 1, 1;
L_000001d00cfb2ba0 .part L_000001d00cfb7800, 0, 1;
S_000001d00ce25270 .scope module, "M5" "right_shift" 2 220, 2 63 0, S_000001d00ce3bbb0;
 .timescale 0 0;
    .port_info 0 /INPUT 8 "in1";
    .port_info 1 /INPUT 8 "in2";
    .port_info 2 /INPUT 1 "enable";
    .port_info 3 /OUTPUT 8 "out";
    .port_info 4 /INPUT 1 "clock";
v000001d00cf56440_0 .net "clock", 0 0, v000001d00cf572a0_0;  alias, 1 drivers
v000001d00cf56800_0 .net "enable", 0 0, L_000001d00cfb33c0;  1 drivers
v000001d00cf57660_0 .net "in1", 7 0, v000001d00cf56940_0;  alias, 1 drivers
v000001d00cf55ae0_0 .net "in2", 7 0, v000001d00cf561c0_0;  alias, 1 drivers
v000001d00cf56d00_0 .var "out", 7 0;
S_000001d00ce3b2c0 .scope module, "M6" "and_op" 2 221, 2 77 0, S_000001d00ce3bbb0;
 .timescale 0 0;
    .port_info 0 /INPUT 8 "in1";
    .port_info 1 /INPUT 8 "in2";
    .port_info 2 /INPUT 1 "enable";
    .port_info 3 /OUTPUT 8 "out";
    .port_info 4 /INPUT 1 "clock";
v000001d00cf56a80_0 .net "clock", 0 0, v000001d00cf572a0_0;  alias, 1 drivers
v000001d00cf57980_0 .net "enable", 0 0, L_000001d00cfb2a60;  1 drivers
v000001d00cf57160_0 .net "in1", 7 0, v000001d00cf56940_0;  alias, 1 drivers
v000001d00cf57840_0 .net "in2", 7 0, v000001d00cf561c0_0;  alias, 1 drivers
v000001d00cf56e40_0 .var "out", 7 0;
S_000001d00ce1cd80 .scope module, "M7" "not_op" 2 222, 2 105 0, S_000001d00ce3bbb0;
 .timescale 0 0;
    .port_info 0 /INPUT 8 "in1";
    .port_info 1 /INPUT 8 "in2";
    .port_info 2 /INPUT 1 "enable";
    .port_info 3 /OUTPUT 8 "out";
    .port_info 4 /INPUT 1 "clock";
v000001d00cf564e0_0 .net "clock", 0 0, v000001d00cf572a0_0;  alias, 1 drivers
v000001d00cf56b20_0 .net "enable", 0 0, L_000001d00cfb31e0;  1 drivers
v000001d00cf56080_0 .net "in1", 7 0, v000001d00cf56940_0;  alias, 1 drivers
v000001d00cf55f40_0 .net "in2", 7 0, v000001d00cf561c0_0;  alias, 1 drivers
v000001d00cf57ca0_0 .var "out", 7 0;
S_000001d00ce1cf10 .scope module, "M8" "or_op" 2 223, 2 91 0, S_000001d00ce3bbb0;
 .timescale 0 0;
    .port_info 0 /INPUT 8 "in1";
    .port_info 1 /INPUT 8 "in2";
    .port_info 2 /INPUT 1 "enable";
    .port_info 3 /OUTPUT 8 "out";
    .port_info 4 /INPUT 1 "clock";
v000001d00cf57b60_0 .net "clock", 0 0, v000001d00cf572a0_0;  alias, 1 drivers
v000001d00cf56bc0_0 .net "enable", 0 0, L_000001d00cfb1480;  1 drivers
v000001d00cf57020_0 .net "in1", 7 0, v000001d00cf56940_0;  alias, 1 drivers
v000001d00cf56120_0 .net "in2", 7 0, v000001d00cf561c0_0;  alias, 1 drivers
v000001d00cf58060_0 .var "out", 7 0;
    .scope S_000001d00ce3bd40;
T_0 ;
    %wait E_000001d00cec4f00;
    %load/vec4 v000001d00cebbe40_0;
    %dup/vec4;
    %pushi/vec4 0, 0, 3;
    %cmp/u;
    %jmp/1 T_0.0, 6;
    %dup/vec4;
    %pushi/vec4 1, 0, 3;
    %cmp/u;
    %jmp/1 T_0.1, 6;
    %dup/vec4;
    %pushi/vec4 2, 0, 3;
    %cmp/u;
    %jmp/1 T_0.2, 6;
    %dup/vec4;
    %pushi/vec4 3, 0, 3;
    %cmp/u;
    %jmp/1 T_0.3, 6;
    %dup/vec4;
    %pushi/vec4 4, 0, 3;
    %cmp/u;
    %jmp/1 T_0.4, 6;
    %dup/vec4;
    %pushi/vec4 5, 0, 3;
    %cmp/u;
    %jmp/1 T_0.5, 6;
    %dup/vec4;
    %pushi/vec4 6, 0, 3;
    %cmp/u;
    %jmp/1 T_0.6, 6;
    %dup/vec4;
    %pushi/vec4 7, 0, 3;
    %cmp/u;
    %jmp/1 T_0.7, 6;
    %jmp T_0.8;
T_0.0 ;
    %pushi/vec4 1, 0, 8;
    %store/vec4 v000001d00cebbbc0_0, 0, 8;
    %jmp T_0.8;
T_0.1 ;
    %pushi/vec4 2, 0, 8;
    %store/vec4 v000001d00cebbbc0_0, 0, 8;
    %jmp T_0.8;
T_0.2 ;
    %pushi/vec4 4, 0, 8;
    %store/vec4 v000001d00cebbbc0_0, 0, 8;
    %jmp T_0.8;
T_0.3 ;
    %pushi/vec4 8, 0, 8;
    %store/vec4 v000001d00cebbbc0_0, 0, 8;
    %jmp T_0.8;
T_0.4 ;
    %pushi/vec4 16, 0, 8;
    %store/vec4 v000001d00cebbbc0_0, 0, 8;
    %jmp T_0.8;
T_0.5 ;
    %pushi/vec4 32, 0, 8;
    %store/vec4 v000001d00cebbbc0_0, 0, 8;
    %jmp T_0.8;
T_0.6 ;
    %pushi/vec4 64, 0, 8;
    %store/vec4 v000001d00cebbbc0_0, 0, 8;
    %jmp T_0.8;
T_0.7 ;
    %pushi/vec4 128, 0, 8;
    %store/vec4 v000001d00cebbbc0_0, 0, 8;
    %jmp T_0.8;
T_0.8 ;
    %pop/vec4 1;
    %jmp T_0;
    .thread T_0, $push;
    .scope S_000001d00ce1a570;
T_1 ;
    %wait E_000001d00cec4840;
    %load/vec4 v000001d00cf3d140_0;
    %flag_set/vec4 8;
    %jmp/0xz  T_1.0, 8;
    %load/vec4 v000001d00cf3cb00_0;
    %load/vec4 v000001d00cf36f70_0;
    %parti/s 8, 0, 2;
    %xor;
    %assign/vec4 v000001d00cf3d1e0_0, 0;
    %vpi_call 2 148 "$monitor", "in2=%d", v000001d00cf3cd80_0 {0 0 0};
    %load/vec4 v000001d00cf36f70_0;
    %parti/s 1, 8, 5;
    %assign/vec4 v000001d00cf37010_0, 0;
    %jmp T_1.1;
T_1.0 ;
    %pushi/vec4 0, 255, 8;
    %store/vec4 v000001d00cf3d1e0_0, 0, 8;
T_1.1 ;
    %jmp T_1;
    .thread T_1;
    .scope S_000001d00ce22040;
T_2 ;
    %wait E_000001d00cec4840;
    %load/vec4 v000001d00cf49d10_0;
    %flag_set/vec4 8;
    %jmp/0xz  T_2.0, 8;
    %load/vec4 v000001d00cf49c70_0;
    %load/vec4 v000001d00cf48730_0;
    %parti/s 8, 0, 2;
    %xor;
    %assign/vec4 v000001d00cf49e50_0, 0;
    %vpi_call 2 148 "$monitor", "in2=%d", v000001d00cf49bd0_0 {0 0 0};
    %load/vec4 v000001d00cf48730_0;
    %parti/s 1, 8, 5;
    %assign/vec4 v000001d00cf494f0_0, 0;
    %jmp T_2.1;
T_2.0 ;
    %pushi/vec4 0, 255, 8;
    %store/vec4 v000001d00cf49e50_0, 0, 8;
T_2.1 ;
    %jmp T_2;
    .thread T_2;
    .scope S_000001d00ce1a890;
T_3 ;
    %wait E_000001d00cec4840;
    %load/vec4 v000001d00cf40a60_0;
    %flag_set/vec4 8;
    %jmp/0xz  T_3.0, 8;
    %load/vec4 v000001d00cf40740_0;
    %load/vec4 v000001d00cf3fde0_0;
    %parti/s 8, 0, 2;
    %xor;
    %assign/vec4 v000001d00cf40ec0_0, 0;
    %vpi_call 2 148 "$monitor", "in2=%d", v000001d00cf3ebc0_0 {0 0 0};
    %load/vec4 v000001d00cf3fde0_0;
    %parti/s 1, 8, 5;
    %assign/vec4 v000001d00cf40560_0, 0;
    %jmp T_3.1;
T_3.0 ;
    %pushi/vec4 0, 255, 8;
    %store/vec4 v000001d00cf40ec0_0, 0, 8;
T_3.1 ;
    %jmp T_3;
    .thread T_3;
    .scope S_000001d00ce221d0;
T_4 ;
    %wait E_000001d00cec4840;
    %load/vec4 v000001d00cf4a490_0;
    %flag_set/vec4 8;
    %jmp/0xz  T_4.0, 8;
    %load/vec4 v000001d00cf4c010_0;
    %store/vec4 v000001d00cf4b7f0_0, 0, 8;
    %jmp T_4.1;
T_4.0 ;
    %pushi/vec4 0, 255, 8;
    %store/vec4 v000001d00cf4b7f0_0, 0, 8;
T_4.1 ;
    %jmp T_4;
    .thread T_4;
    .scope S_000001d00ce250e0;
T_5 ;
    %wait E_000001d00cec4840;
    %load/vec4 v000001d00cf57ac0_0;
    %flag_set/vec4 8;
    %jmp/0xz  T_5.0, 8;
    %load/vec4 v000001d00cf56f80_0;
    %load/vec4 v000001d00cf559a0_0;
    %parti/s 8, 0, 2;
    %xor;
    %assign/vec4 v000001d00cf55fe0_0, 0;
    %vpi_call 2 148 "$monitor", "in2=%d", v000001d00cf575c0_0 {0 0 0};
    %load/vec4 v000001d00cf559a0_0;
    %parti/s 1, 8, 5;
    %assign/vec4 v000001d00cf55a40_0, 0;
    %jmp T_5.1;
T_5.0 ;
    %pushi/vec4 0, 255, 8;
    %store/vec4 v000001d00cf55fe0_0, 0, 8;
T_5.1 ;
    %jmp T_5;
    .thread T_5;
    .scope S_000001d00ce25270;
T_6 ;
    %wait E_000001d00cec4840;
    %load/vec4 v000001d00cf56800_0;
    %flag_set/vec4 8;
    %jmp/0xz  T_6.0, 8;
    %load/vec4 v000001d00cf57660_0;
    %ix/load 4, 1, 0;
    %flag_set/imm 4, 0;
    %shiftr 4;
    %store/vec4 v000001d00cf56d00_0, 0, 8;
    %jmp T_6.1;
T_6.0 ;
    %pushi/vec4 0, 255, 8;
    %store/vec4 v000001d00cf56d00_0, 0, 8;
T_6.1 ;
    %jmp T_6;
    .thread T_6;
    .scope S_000001d00ce3b2c0;
T_7 ;
    %wait E_000001d00cec4840;
    %load/vec4 v000001d00cf57980_0;
    %flag_set/vec4 8;
    %jmp/0xz  T_7.0, 8;
    %load/vec4 v000001d00cf57160_0;
    %load/vec4 v000001d00cf57840_0;
    %and;
    %store/vec4 v000001d00cf56e40_0, 0, 8;
    %jmp T_7.1;
T_7.0 ;
    %pushi/vec4 0, 255, 8;
    %store/vec4 v000001d00cf56e40_0, 0, 8;
T_7.1 ;
    %jmp T_7;
    .thread T_7;
    .scope S_000001d00ce1cd80;
T_8 ;
    %wait E_000001d00cec4840;
    %load/vec4 v000001d00cf56b20_0;
    %flag_set/vec4 8;
    %jmp/0xz  T_8.0, 8;
    %load/vec4 v000001d00cf56080_0;
    %inv;
    %store/vec4 v000001d00cf57ca0_0, 0, 8;
    %jmp T_8.1;
T_8.0 ;
    %pushi/vec4 0, 255, 8;
    %store/vec4 v000001d00cf57ca0_0, 0, 8;
T_8.1 ;
    %jmp T_8;
    .thread T_8;
    .scope S_000001d00ce1cf10;
T_9 ;
    %wait E_000001d00cec4840;
    %load/vec4 v000001d00cf56bc0_0;
    %flag_set/vec4 8;
    %jmp/0xz  T_9.0, 8;
    %load/vec4 v000001d00cf57020_0;
    %load/vec4 v000001d00cf56120_0;
    %or;
    %store/vec4 v000001d00cf58060_0, 0, 8;
    %jmp T_9.1;
T_9.0 ;
    %pushi/vec4 0, 255, 8;
    %store/vec4 v000001d00cf58060_0, 0, 8;
T_9.1 ;
    %jmp T_9;
    .thread T_9;
    .scope S_000001d00ce3ba20;
T_10 ;
    %pushi/vec4 0, 0, 1;
    %store/vec4 v000001d00cf572a0_0, 0, 1;
T_10.0 ;
    %delay 5, 0;
    %load/vec4 v000001d00cf572a0_0;
    %inv;
    %store/vec4 v000001d00cf572a0_0, 0, 1;
    %jmp T_10.0;
    %end;
    .thread T_10;
    .scope S_000001d00ce3ba20;
T_11 ;
    %delay 0, 0;
    %pushi/vec4 0, 0, 3;
    %store/vec4 v000001d00cf56580_0, 0, 3;
    %pushi/vec4 8, 0, 8;
    %store/vec4 v000001d00cf56940_0, 0, 8;
    %pushi/vec4 24, 0, 8;
    %store/vec4 v000001d00cf561c0_0, 0, 8;
    %delay 20, 0;
    %vpi_call 2 15 "$monitor", "select=%d,in1=%d,in2=%d,out=%d", v000001d00cf56580_0, v000001d00cf56940_0, v000001d00cf561c0_0, v000001d00cf57340_0 {0 0 0};
    %delay 20, 0;
    %pushi/vec4 1, 0, 3;
    %store/vec4 v000001d00cf56580_0, 0, 3;
    %pushi/vec4 8, 0, 8;
    %store/vec4 v000001d00cf56940_0, 0, 8;
    %pushi/vec4 7, 0, 8;
    %store/vec4 v000001d00cf561c0_0, 0, 8;
    %delay 100, 0;
    %vpi_call 2 17 "$monitor", "select=%d,in1=%d,in2=%d,out=%d", v000001d00cf56580_0, v000001d00cf56940_0, v000001d00cf561c0_0, v000001d00cf57340_0 {0 0 0};
    %delay 20, 0;
    %pushi/vec4 2, 0, 3;
    %store/vec4 v000001d00cf56580_0, 0, 3;
    %pushi/vec4 8, 0, 8;
    %store/vec4 v000001d00cf56940_0, 0, 8;
    %pushi/vec4 7, 0, 8;
    %store/vec4 v000001d00cf561c0_0, 0, 8;
    %delay 20, 0;
    %vpi_call 2 19 "$monitor", "select=%d,in1=%d,in2=%d,out=%d", v000001d00cf56580_0, v000001d00cf56940_0, v000001d00cf561c0_0, v000001d00cf57340_0 {0 0 0};
    %delay 20, 0;
    %pushi/vec4 3, 0, 3;
    %store/vec4 v000001d00cf56580_0, 0, 3;
    %pushi/vec4 8, 0, 8;
    %store/vec4 v000001d00cf56940_0, 0, 8;
    %pushi/vec4 10, 0, 8;
    %store/vec4 v000001d00cf561c0_0, 0, 8;
    %delay 20, 0;
    %vpi_call 2 21 "$monitor", "select=%d,in1=%d,in2=%d,out=%d", v000001d00cf56580_0, v000001d00cf56940_0, v000001d00cf561c0_0, v000001d00cf57340_0 {0 0 0};
    %delay 20, 0;
    %pushi/vec4 4, 0, 3;
    %store/vec4 v000001d00cf56580_0, 0, 3;
    %pushi/vec4 7, 0, 8;
    %store/vec4 v000001d00cf56940_0, 0, 8;
    %pushi/vec4 10, 0, 8;
    %store/vec4 v000001d00cf561c0_0, 0, 8;
    %delay 20, 0;
    %vpi_call 2 23 "$monitor", "select=%d,in1=%d,in2=%d,out=%d", v000001d00cf56580_0, v000001d00cf56940_0, v000001d00cf561c0_0, v000001d00cf57340_0 {0 0 0};
    %delay 20, 0;
    %pushi/vec4 5, 0, 3;
    %store/vec4 v000001d00cf56580_0, 0, 3;
    %pushi/vec4 7, 0, 8;
    %store/vec4 v000001d00cf56940_0, 0, 8;
    %pushi/vec4 15, 0, 8;
    %store/vec4 v000001d00cf561c0_0, 0, 8;
    %delay 20, 0;
    %vpi_call 2 25 "$monitor", "select=%d,in1=%d,in2=%d,out=%d", v000001d00cf56580_0, v000001d00cf56940_0, v000001d00cf561c0_0, v000001d00cf57340_0 {0 0 0};
    %delay 20, 0;
    %pushi/vec4 6, 0, 3;
    %store/vec4 v000001d00cf56580_0, 0, 3;
    %pushi/vec4 7, 0, 8;
    %store/vec4 v000001d00cf56940_0, 0, 8;
    %pushi/vec4 6, 0, 8;
    %store/vec4 v000001d00cf561c0_0, 0, 8;
    %delay 20, 0;
    %vpi_call 2 27 "$monitor", "select=%d,in1=%d,in2=%d,out=%d", v000001d00cf56580_0, v000001d00cf56940_0, v000001d00cf561c0_0, v000001d00cf57340_0 {0 0 0};
    %delay 20, 0;
    %pushi/vec4 7, 0, 3;
    %store/vec4 v000001d00cf56580_0, 0, 3;
    %pushi/vec4 8, 0, 8;
    %store/vec4 v000001d00cf56940_0, 0, 8;
    %pushi/vec4 7, 0, 8;
    %store/vec4 v000001d00cf561c0_0, 0, 8;
    %delay 20, 0;
    %vpi_call 2 29 "$monitor", "select=%d,in1=%d,in2=%d,out=%d", v000001d00cf56580_0, v000001d00cf56940_0, v000001d00cf561c0_0, v000001d00cf57340_0 {0 0 0};
    %end;
    .thread T_11;
# The file index is used to find the file name in the following table.
:file_names 3;
    "N/A";
    "<interactive>";
    "testbench.v";
